1731834827,,,/home/vir0id/Видео/Kazam_screencast_00000.mp4,63
1731834949,,,/home/vir0id/Видео/Kazam_screencast_00001.mp4,63
1731835063,,,/home/vir0id/Видео/Kazam_screencast_00000.mp4,63
1731845635,,,/home/vir0id/Видео/Kazam_screencast_00000.mp4,63
1733001885,61,Sreet Shark sculpt from the series in about 1 hour in Blender,https://www.youtube.com/watch?v=WdrZm4HxgzA	,120
1733001907,61,Sreet Shark sculpt from the series in about 1 hour in Blender,https://www.youtube.com/watch?v=WdrZm4HxgzA	,120
1733002071,61,Sreet Shark sculpt from the series in about 1 hour in Blender,https://www.youtube.com/watch?v=WdrZm4HxgzA	,120
1733002093,61,Sreet Shark sculpt from the series in about 1 hour in Blender,https://www.youtube.com/watch?v=WdrZm4HxgzA	,120
1733632592,,,/home/vir0id/Видео/Kazam_screencast_00001.mp4,63
1733634276,,,/home/vir0id/Видео/Kazam_screencast_00002.mp4,63
1733634301,,,/home/vir0id/Видео/Kazam_screencast_00001.mp4,63
1733634317,,,/home/vir0id/Видео/Kazam_screencast_00002.mp4,63
1733634379,,,/home/vir0id/Видео/Kazam_screencast_00000.mp4,63
1733650183,,,/home/vir0id/Загрузки/GimpArtCraftFromLatvia/blender/projects/RER/render/0000-0300.mp4,107
1733759875,,,/home/vir0id/Загрузки/GimpArtCraftFromLatvia/blender/projects/RER/render/0000-0300.mp4,107
1733760540,,,/home/vir0id/Видео/vir0id.mp4,47
1734756198,,,/home/vir0id/Видео/simplescreenrecorder-2024-12-08_07.08.14.mp4,81
1734777897,,,/home/vir0id/Видео/0001-0220.mp4,50
1734777906,,,/home/vir0id/Видео/Hunter-X-Hunter-Killua-3440x1440-EDIT.mp4,78
1734778741,,,/home/vir0id/Видео/0001-0220.mp4,50
1734778751,,,/home/vir0id/Видео/Hunter-X-Hunter-Killua-3440x1440-EDIT.mp4,78
1734786460,,,/home/vir0id/Загрузки/GimpArtCraftFromLatvia/blender/projects/LiveWallpapers/textures/render/0001-0220.mp4,127
1734789279,,,/run/media/vir0id/My Passport/foto/MamaPhoneData/foto/Camera/2020-06-17.mp4,88
1734789306,,,/run/media/vir0id/My Passport/foto/MamaPhoneData/foto/Camera/20190430_074938.jpg,93
1734789358,,,/run/media/vir0id/My Passport/foto/MamaPhoneData/video/WhatsApp Video/VID-20191204-WA0000.mp4,106
1734789458,,,/run/media/vir0id/My Passport/foto/MamaPhoneData/video/WhatsApp Video/VID-20191212-WA0001.mp4,106
1734789572,,,/run/media/vir0id/My Passport/foto/MamaPhoneData/foto/Camera/2020-06-17.mp4,88
1734789618,,,/run/media/vir0id/My Passport/foto/MamaPhoneData/foto/Camera/20190430_074938.jpg,93
1734789619,,,/run/media/vir0id/My Passport/foto/MamaPhoneData/foto/Camera/20190524_110139.jpg,93
1734789621,,,/run/media/vir0id/My Passport/foto/MamaPhoneData/foto/Camera/20190524_110215.jpg,93
1734789622,,,/run/media/vir0id/My Passport/foto/MamaPhoneData/foto/Camera/20190714_165501.jpg,93
1734789623,,,/run/media/vir0id/My Passport/foto/MamaPhoneData/foto/Camera/20190714_165536.jpg,93
1734789806,15,378426932745514,/run/media/vir0id/My Passport/foto/unaCamera/WhatsApp/Media/WhatsApp Video/VID-20190330-WA0000.mp4,128
1734789814,,,/run/media/vir0id/My Passport/foto/unaCamera/WhatsApp/Media/WhatsApp Video/VID-20190331-WA0000.mp4,111
1735198010,,,/home/vir0id/Видео/simplescreenrecorder-2024-12-23_19.50.39.mp4,81
1735198032,,,/home/vir0id/Видео/simplescreenrecorder-2024-12-23_19.50.39.mp4,81
1735302853,,,/home/vir0id/Загрузки/GimpArtCraftFromLatvia/blender/projects/LiveWallpapers/textures/render/0001-0220.mp4,127
1735305501,,,/home/vir0id/Загрузки/GimpArtCraftFromLatvia/blender/projects/LiveWallpapers/textures/render/0001-0220.mp4,127
1735305501,,,/home/vir0id/Загрузки/GimpArtCraftFromLatvia/blender/projects/LiveWallpapers/textures/render/eevee.mp4,123
1735305520,,,/home/vir0id/Загрузки/GimpArtCraftFromLatvia/blender/projects/LiveWallpapers/textures/render/0001-0220.mp4,127
1735305521,,,/home/vir0id/Загрузки/GimpArtCraftFromLatvia/blender/projects/LiveWallpapers/textures/render/eevee.mp4,123
1735398730,,,/home/vir0id/Видео/0000-0400.mov,50
1735398747,,,/home/vir0id/Видео/simplescreenrecorder-2024-12-23_19.50.39.mp4,81
1735408836,,,/home/vir0id/Видео/0000-0400.mov,50
1735408852,,,/home/vir0id/Видео/simplescreenrecorder-2024-12-23_19.50.39.mp4,81
1735490975,,,/home/vir0id/Видео/0000-0400.mov,50
1735490991,,,/home/vir0id/Видео/simplescreenrecorder-2024-12-23_19.50.39.mp4,81
1735526659,,,/home/vir0id/Видео/0000-0400.mov,50
1735526675,,,/home/vir0id/Видео/simplescreenrecorder-2024-12-23_19.50.39.mp4,81
1735533546,,,/home/vir0id/Видео/0000-0400.mov,50
1735533563,,,/home/vir0id/Видео/simplescreenrecorder-2024-12-23_19.50.39.mp4,81
1735533591,,,/home/vir0id/Видео/0000-0400.mov,50
1735533607,,,/home/vir0id/Видео/simplescreenrecorder-2024-12-23_19.50.39.mp4,81
1735533638,,,/home/vir0id/Видео/0000-0400.mov,50
1735533654,,,/home/vir0id/Видео/simplescreenrecorder-2024-12-23_19.50.39.mp4,81
1735533735,,,/home/vir0id/Видео/0000-0400.mov,50
1735533772,,,/home/vir0id/Видео/0000-0400.mov,50
1735533786,,,/home/vir0id/Видео/simplescreenrecorder-2024-12-23_19.50.39.mp4,81
1735533820,,,/home/vir0id/Видео/0000-0400.mov,50
1735533849,,,/home/vir0id/Видео/0000-0400.mov,50
1735533856,,,/home/vir0id/Видео/simplescreenrecorder-2024-12-23_19.50.39.mp4,81
1735533952,,,/home/vir0id/Видео/0000-0400.mov,50
1735533967,,,/home/vir0id/Видео/0000-0400.mov,50
1735534241,,,/home/vir0id/Видео/0000-0400.mov,50
1735534310,,,/home/vir0id/Видео/0000-0400.mov,50
1735534311,,,/home/vir0id/Видео/simplescreenrecorder-2024-12-23_19.50.39.mp4,81
1735534320,,,/home/vir0id/Видео/0000-0400.mov,50
1737016717,,,/home/vir0id/Видео/rsync2-2025-01-16_10.38.21.mp4,67
1738261493,,,/home/vir0id/Видео/dna.mp4,44
1738261501,,,/home/vir0id/Видео/record.mp4,47
1738868816,,,/home/vir0id/Загрузки/GimpArtCraftFromLatvia/blender/projects/RetroSun/Render/Eevee/Video/0001-0250.mov,124
1739162192,,,/home/vir0id/Видео/record.mp4,47
1739162219,,,/home/vir0id/Видео/rsync2-2025-02-10_06.35.16.mp4,67
1739705719,,,/home/vir0id/Видео/Kooha/Kooha-2025-02-16-13-32-42.webm,73
1739805919,,,/home/vir0id/Видео/Kazam_screencast_00000.mp4,63
1739806091,,,/home/vir0id/Видео/dot-2025-02-17_17.26.04.mp4,64
