2024-04-26 06:37:41.094 [info] Уровень ведения журнала: Info
2024-04-26 06:37:41.094 [info] Проверка найденного Git в: "git"
2024-04-26 06:37:41.094 [info] Используется Git "2.44.0" из "git"
2024-04-26 06:37:41.098 [info] > git rev-parse --show-toplevel [5ms]
2024-04-26 06:37:41.098 [info] fatal: not a git repository (or any parent up to mount point /)
Stopping at filesystem boundary (GIT_DISCOVERY_ACROSS_FILESYSTEM not set).
2024-04-26 06:37:41.105 [info] > git rev-parse --show-toplevel [2ms]
2024-04-26 06:37:41.105 [info] fatal: not a git repository (or any parent up to mount point /)
Stopping at filesystem boundary (GIT_DISCOVERY_ACROSS_FILESYSTEM not set).
2024-04-26 06:37:41.126 [info] > git rev-parse --show-toplevel [11ms]
2024-04-26 06:37:41.126 [info] fatal: not a git repository (or any parent up to mount point /run/user/1000)
Stopping at filesystem boundary (GIT_DISCOVERY_ACROSS_FILESYSTEM not set).
2024-04-26 06:37:41.132 [info] > git rev-parse --show-toplevel [2ms]
2024-04-26 06:37:41.132 [info] fatal: not a git repository (or any parent up to mount point /)
Stopping at filesystem boundary (GIT_DISCOVERY_ACROSS_FILESYSTEM not set).
2024-04-26 06:37:41.154 [info] > git rev-parse --show-toplevel [6ms]
2024-04-26 06:37:41.154 [info] fatal: not a git repository (or any parent up to mount point /)
Stopping at filesystem boundary (GIT_DISCOVERY_ACROSS_FILESYSTEM not set).
2024-04-26 06:37:41.160 [info] > git rev-parse --show-toplevel [1ms]
2024-04-26 06:37:41.160 [info] fatal: not a git repository (or any parent up to mount point /)
Stopping at filesystem boundary (GIT_DISCOVERY_ACROSS_FILESYSTEM not set).
2024-04-26 06:37:41.166 [info] > git rev-parse --show-toplevel [2ms]
2024-04-26 06:37:41.166 [info] fatal: not a git repository (or any parent up to mount point /)
Stopping at filesystem boundary (GIT_DISCOVERY_ACROSS_FILESYSTEM not set).
2024-04-26 06:37:41.172 [info] > git rev-parse --show-toplevel [2ms]
2024-04-26 06:37:41.172 [info] fatal: not a git repository (or any parent up to mount point /)
Stopping at filesystem boundary (GIT_DISCOVERY_ACROSS_FILESYSTEM not set).
2024-04-26 06:37:41.178 [info] > git rev-parse --show-toplevel [2ms]
2024-04-26 06:37:41.178 [info] fatal: not a git repository (or any parent up to mount point /)
Stopping at filesystem boundary (GIT_DISCOVERY_ACROSS_FILESYSTEM not set).
2024-04-26 06:37:41.184 [info] > git rev-parse --show-toplevel [2ms]
2024-04-26 06:37:41.184 [info] fatal: not a git repository (or any parent up to mount point /)
Stopping at filesystem boundary (GIT_DISCOVERY_ACROSS_FILESYSTEM not set).
2024-04-26 06:37:41.190 [info] > git rev-parse --show-toplevel [2ms]
2024-04-26 06:37:41.190 [info] fatal: not a git repository (or any parent up to mount point /)
Stopping at filesystem boundary (GIT_DISCOVERY_ACROSS_FILESYSTEM not set).
2024-04-26 06:37:41.196 [info] > git rev-parse --show-toplevel [2ms]
2024-04-26 06:37:41.196 [info] fatal: not a git repository (or any parent up to mount point /)
Stopping at filesystem boundary (GIT_DISCOVERY_ACROSS_FILESYSTEM not set).
2024-04-26 06:37:41.201 [info] > git rev-parse --show-toplevel [1ms]
2024-04-26 06:37:41.201 [info] fatal: not a git repository (or any parent up to mount point /)
Stopping at filesystem boundary (GIT_DISCOVERY_ACROSS_FILESYSTEM not set).
2024-04-26 06:37:41.210 [info] > git rev-parse --show-toplevel [5ms]
2024-04-26 06:37:41.211 [info] fatal: not a git repository (or any parent up to mount point /)
Stopping at filesystem boundary (GIT_DISCOVERY_ACROSS_FILESYSTEM not set).
2024-04-26 06:37:41.229 [info] > git rev-parse --show-toplevel [1ms]
2024-04-26 06:37:41.229 [info] fatal: not a git repository (or any parent up to mount point /)
Stopping at filesystem boundary (GIT_DISCOVERY_ACROSS_FILESYSTEM not set).
2024-04-26 06:37:41.234 [info] > git rev-parse --show-toplevel [1ms]
2024-04-26 06:37:41.234 [info] fatal: not a git repository (or any parent up to mount point /)
Stopping at filesystem boundary (GIT_DISCOVERY_ACROSS_FILESYSTEM not set).
2024-04-26 06:37:41.240 [info] > git rev-parse --show-toplevel [2ms]
2024-04-26 06:37:41.240 [info] fatal: not a git repository (or any parent up to mount point /)
Stopping at filesystem boundary (GIT_DISCOVERY_ACROSS_FILESYSTEM not set).
2024-04-26 06:37:41.246 [info] > git rev-parse --show-toplevel [1ms]
2024-04-26 06:37:41.246 [info] fatal: not a git repository (or any parent up to mount point /)
Stopping at filesystem boundary (GIT_DISCOVERY_ACROSS_FILESYSTEM not set).
2024-04-26 09:39:35.632 [info] > git rev-parse --show-toplevel [3ms]
2024-04-26 09:39:35.632 [info] fatal: not a git repository (or any parent up to mount point /home/vir0id)
Stopping at filesystem boundary (GIT_DISCOVERY_ACROSS_FILESYSTEM not set).
2024-04-26 09:42:59.784 [info] > git rev-parse --show-toplevel [6ms]
2024-04-26 09:42:59.784 [info] fatal: not a git repository (or any parent up to mount point /home/vir0id)
Stopping at filesystem boundary (GIT_DISCOVERY_ACROSS_FILESYSTEM not set).
2024-04-26 09:43:02.115 [info] > git rev-parse --show-toplevel [2ms]
2024-04-26 09:43:02.115 [info] fatal: not a git repository (or any parent up to mount point /home/vir0id)
Stopping at filesystem boundary (GIT_DISCOVERY_ACROSS_FILESYSTEM not set).
2024-04-26 13:23:14.902 [info] > git rev-parse --show-toplevel [3ms]
2024-04-26 13:23:14.910 [info] > git rev-parse --git-dir --git-common-dir [2ms]
2024-04-26 13:23:14.936 [info] Open repository: /home/vir0id/Загрузки/repository/NeoCity
2024-04-26 13:23:14.954 [info] > git config --get commit.template [8ms]
2024-04-26 13:23:14.955 [info] > git for-each-ref --format=%(refname)%00%(upstream:short)%00%(objectname)%00%(upstream:track)%00%(upstream:remotename)%00%(upstream:remoteref) refs/heads/main refs/remotes/main [3ms]
2024-04-26 13:23:15.006 [info] > git status -z -uall [44ms]
2024-04-26 13:23:15.052 [info] > git merge-base refs/heads/main refs/remotes/origin/main [37ms]
2024-04-26 13:23:15.059 [info] > git config --get commit.template [8ms]
2024-04-26 13:23:15.066 [info] > git rev-list --count --left-right refs/heads/main...refs/remotes/origin/main [8ms]
2024-04-26 13:23:15.072 [info] > git for-each-ref --format=%(refname)%00%(upstream:short)%00%(objectname)%00%(upstream:track)%00%(upstream:remotename)%00%(upstream:remoteref) refs/heads/main refs/remotes/main [7ms]
2024-04-26 13:23:15.074 [info] > git diff --name-status -z --diff-filter=ADMR 59ea6e933d94715960d407edbe1449916506e2e6...refs/remotes/origin/main [2ms]
2024-04-26 13:23:15.095 [info] > git status -z -uall [15ms]
2024-04-26 13:23:15.568 [info] > git show --textconv :README.md [45ms]
2024-04-26 13:23:15.568 [info] > git ls-files --stage -- /home/vir0id/Загрузки/repository/NeoCity/README.md [39ms]
2024-04-26 13:23:15.578 [info] > git check-ignore -v -z --stdin [12ms]
2024-04-26 13:23:15.581 [info] > git cat-file -s 7ab37e594a0f7e1b670d859082fbfac95357c353 [7ms]
2024-04-26 13:23:16.491 [info] > git fetch [1556ms]
2024-04-26 13:23:16.491 [info] Missing or invalid credentials.
Skip silent fetch commands
git@github.com: Permission denied (publickey).
fatal: Could not read from remote repository.

Please make sure you have the correct access rights
and the repository exists.
2024-04-26 13:23:16.505 [info] > git config --get commit.template [8ms]
2024-04-26 13:23:16.506 [info] > git for-each-ref --format=%(refname)%00%(upstream:short)%00%(objectname)%00%(upstream:track)%00%(upstream:remotename)%00%(upstream:remoteref) refs/heads/main refs/remotes/main [3ms]
2024-04-26 13:23:16.531 [info] > git status -z -uall [19ms]
2024-04-26 13:23:32.319 [info] > git config --get commit.template [9ms]
2024-04-26 13:23:32.320 [info] > git for-each-ref --format=%(refname)%00%(upstream:short)%00%(objectname)%00%(upstream:track)%00%(upstream:remotename)%00%(upstream:remoteref) refs/heads/main refs/remotes/main [2ms]
2024-04-26 13:23:32.350 [info] > git status -z -uall [23ms]
2024-04-26 13:34:32.993 [info] > git config --get commit.template [11ms]
2024-04-26 13:34:33.001 [info] > git ls-files --stage -- /home/vir0id/Загрузки/repository/NeoCity/README.md [10ms]
2024-04-26 13:34:33.007 [info] > git for-each-ref --format=%(refname)%00%(upstream:short)%00%(objectname)%00%(upstream:track)%00%(upstream:remotename)%00%(upstream:remoteref) refs/heads/main refs/remotes/main [7ms]
2024-04-26 13:34:33.016 [info] > git cat-file -s 7ab37e594a0f7e1b670d859082fbfac95357c353 [10ms]
2024-04-26 13:34:33.028 [info] > git show --textconv :README.md [2ms]
2024-04-26 13:34:33.057 [info] > git status -z -uall [43ms]
2024-04-26 13:34:33.096 [info] > git merge-base refs/heads/main refs/remotes/origin/main [28ms]
2024-04-26 13:34:33.110 [info] > git rev-list --count --left-right refs/heads/main...refs/remotes/origin/main [7ms]
2024-04-26 13:34:33.120 [info] > git diff --name-status -z --diff-filter=ADMR 76d18766c2aa7215fc9668fec4f2b2842e448807...refs/remotes/origin/main [3ms]
2024-04-26 13:34:34.215 [info] > git ls-files --stage -- /home/vir0id/Загрузки/repository/NeoCity/README.md [3ms]
2024-04-26 13:34:34.222 [info] > git cat-file -s 7ab37e594a0f7e1b670d859082fbfac95357c353 [2ms]
2024-04-26 13:34:34.233 [info] > git show --textconv :README.md [4ms]
2024-04-26 13:34:34.613 [info] > git fetch [1641ms]
2024-04-26 13:34:34.613 [info] Missing or invalid credentials.
Skip silent fetch commands
git@github.com: Permission denied (publickey).
fatal: Could not read from remote repository.

Please make sure you have the correct access rights
and the repository exists.
2024-04-26 13:34:34.627 [info] > git config --get commit.template [7ms]
2024-04-26 13:34:34.628 [info] > git for-each-ref --format=%(refname)%00%(upstream:short)%00%(objectname)%00%(upstream:track)%00%(upstream:remotename)%00%(upstream:remoteref) refs/heads/main refs/remotes/main [2ms]
2024-04-26 13:34:34.658 [info] > git status -z -uall [24ms]
2024-04-26 13:35:04.745 [info] > git config --get commit.template [7ms]
2024-04-26 13:35:04.747 [info] > git for-each-ref --format=%(refname)%00%(upstream:short)%00%(objectname)%00%(upstream:track)%00%(upstream:remotename)%00%(upstream:remoteref) refs/heads/main refs/remotes/main [3ms]
2024-04-26 13:35:04.776 [info] > git status -z -uall [23ms]
2024-04-26 13:35:06.496 [info] > git rev-parse --show-toplevel [3ms]
2024-04-26 13:35:06.496 [info] fatal: not a git repository (or any parent up to mount point /home/vir0id)
Stopping at filesystem boundary (GIT_DISCOVERY_ACROSS_FILESYSTEM not set).
2024-04-26 13:35:07.218 [warning] Failed to get repository realpath for: "/run/user/1000/gvfs/sftp:host=192.168.122.235/home/vir0id". Error: ENOENT: no such file or directory, realpath '/run/user/1000/gvfs/sftp:host=192.168.122.235/home/vir0id'
2024-04-26 13:35:12.816 [info] > git rev-parse --show-toplevel [2ms]
2024-04-26 13:35:12.816 [info] fatal: not a git repository (or any parent up to mount point /)
Stopping at filesystem boundary (GIT_DISCOVERY_ACROSS_FILESYSTEM not set).
2024-04-26 13:35:19.204 [info] > git rev-parse --show-toplevel [2ms]
2024-04-26 13:35:19.204 [info] fatal: not a git repository (or any parent up to mount point /)
Stopping at filesystem boundary (GIT_DISCOVERY_ACROSS_FILESYSTEM not set).
2024-04-26 13:36:42.792 [info] > git rev-parse --show-toplevel [2ms]
2024-04-26 13:36:42.792 [info] fatal: not a git repository (or any parent up to mount point /)
Stopping at filesystem boundary (GIT_DISCOVERY_ACROSS_FILESYSTEM not set).
2024-04-26 13:37:43.544 [info] > git fetch [1352ms]
2024-04-26 13:37:43.544 [info] Missing or invalid credentials.
Skip silent fetch commands
git@github.com: Permission denied (publickey).
fatal: Could not read from remote repository.

Please make sure you have the correct access rights
and the repository exists.
2024-04-26 13:37:43.554 [info] > git config --get commit.template [5ms]
2024-04-26 13:37:43.555 [info] > git for-each-ref --format=%(refname)%00%(upstream:short)%00%(objectname)%00%(upstream:track)%00%(upstream:remotename)%00%(upstream:remoteref) refs/heads/main refs/remotes/main [1ms]
2024-04-26 13:37:43.587 [info] > git status -z -uall [27ms]
2024-04-26 13:37:58.271 [info] > git rev-parse --show-toplevel [1ms]
2024-04-26 13:37:58.271 [info] fatal: not a git repository (or any parent up to mount point /)
Stopping at filesystem boundary (GIT_DISCOVERY_ACROSS_FILESYSTEM not set).
2024-04-26 13:41:07.605 [info] > git fetch [1465ms]
2024-04-26 13:41:07.605 [info] Missing or invalid credentials.
Skip silent fetch commands
git@github.com: Permission denied (publickey).
fatal: Could not read from remote repository.

Please make sure you have the correct access rights
and the repository exists.
2024-04-26 13:41:07.618 [info] > git config --get commit.template [7ms]
2024-04-26 13:41:07.619 [info] > git for-each-ref --format=%(refname)%00%(upstream:short)%00%(objectname)%00%(upstream:track)%00%(upstream:remotename)%00%(upstream:remoteref) refs/heads/main refs/remotes/main [2ms]
2024-04-26 13:41:07.652 [info] > git status -z -uall [27ms]
2024-04-26 13:41:23.084 [info] > git rev-parse --show-toplevel [2ms]
2024-04-26 13:41:23.084 [info] fatal: not a git repository (or any parent up to mount point /)
Stopping at filesystem boundary (GIT_DISCOVERY_ACROSS_FILESYSTEM not set).
2024-04-26 13:41:30.725 [info] Уровень ведения журнала: Info
2024-04-26 13:41:30.725 [info] Проверка найденного Git в: "git"
2024-04-26 13:41:30.725 [info] Используется Git "2.44.0" из "git"
2024-04-26 13:41:30.728 [info] > git rev-parse --show-toplevel [3ms]
2024-04-26 13:41:30.728 [info] fatal: not a git repository (or any parent up to mount point /)
Stopping at filesystem boundary (GIT_DISCOVERY_ACROSS_FILESYSTEM not set).
2024-04-26 13:41:30.737 [info] > git rev-parse --show-toplevel [2ms]
2024-04-26 13:41:30.737 [info] fatal: not a git repository (or any parent up to mount point /)
Stopping at filesystem boundary (GIT_DISCOVERY_ACROSS_FILESYSTEM not set).
2024-04-26 13:41:30.744 [info] > git rev-parse --show-toplevel [2ms]
2024-04-26 13:41:30.744 [info] fatal: not a git repository (or any parent up to mount point /)
Stopping at filesystem boundary (GIT_DISCOVERY_ACROSS_FILESYSTEM not set).
2024-04-26 13:41:30.749 [info] > git rev-parse --show-toplevel [1ms]
2024-04-26 13:41:30.749 [info] fatal: not a git repository (or any parent up to mount point /)
Stopping at filesystem boundary (GIT_DISCOVERY_ACROSS_FILESYSTEM not set).
2024-04-26 13:41:30.755 [info] > git rev-parse --show-toplevel [2ms]
2024-04-26 13:41:30.755 [info] fatal: not a git repository (or any parent up to mount point /)
Stopping at filesystem boundary (GIT_DISCOVERY_ACROSS_FILESYSTEM not set).
2024-04-26 13:41:30.761 [info] > git rev-parse --show-toplevel [2ms]
2024-04-26 13:41:30.761 [info] fatal: not a git repository (or any parent up to mount point /)
Stopping at filesystem boundary (GIT_DISCOVERY_ACROSS_FILESYSTEM not set).
2024-04-26 13:41:30.766 [info] > git rev-parse --show-toplevel [1ms]
2024-04-26 13:41:30.766 [info] fatal: not a git repository (or any parent up to mount point /)
Stopping at filesystem boundary (GIT_DISCOVERY_ACROSS_FILESYSTEM not set).
2024-04-26 13:41:30.772 [info] > git rev-parse --show-toplevel [2ms]
2024-04-26 13:41:30.772 [info] fatal: not a git repository (or any parent up to mount point /)
Stopping at filesystem boundary (GIT_DISCOVERY_ACROSS_FILESYSTEM not set).
2024-04-26 13:41:34.185 [info] Уровень ведения журнала: Info
2024-04-26 13:41:34.185 [info] Проверка найденного Git в: "git"
2024-04-26 13:41:34.185 [info] Используется Git "2.44.0" из "git"
