2024-04-26 06:17:20.634 [info] Added views:workbench.panel.markers.view in workbench.panel.markers
2024-04-26 06:17:20.634 [info] Added views:workbench.panel.output in workbench.panel.output
2024-04-26 06:17:20.634 [info] Added views:terminal in terminal
2024-04-26 06:17:20.634 [info] Added views:outline in workbench.view.explorer
2024-04-26 06:17:20.634 [info] Added views:workbench.scm in workbench.view.scm
2024-04-26 06:17:20.634 [info] Added views:workbench.view.search in workbench.view.search
2024-04-26 06:17:20.634 [info] Added views:timeline in workbench.view.explorer
2024-04-26 06:17:20.634 [info] Added views:workbench.explorer.emptyView in workbench.view.explorer
2024-04-26 06:17:20.777 [info] Added views:workbench.debug.variablesView,workbench.debug.watchExpressionsView,workbench.debug.callStackView,workbench.debug.breakPointsView in workbench.view.debug
2024-04-26 06:17:21.241 [info] Added views:~remote.forwardedPorts in ~remote.forwardedPortsContainer
2024-04-26 06:17:21.355 [info] Added views:workbench.panel.repl.view in workbench.panel.repl
2024-04-26 06:17:21.356 [info] Removed views:workbench.debug.breakPointsView,workbench.debug.callStackView,workbench.debug.watchExpressionsView,workbench.debug.variablesView from workbench.view.debug
2024-04-26 06:17:21.357 [info] Added views:workbench.debug.welcome in workbench.view.debug
2024-04-26 07:14:02.410 [info] Added views:workbench.views.extensions.installed,workbench.views.extensions.popular,extensions.recommendedList in workbench.view.extensions
2024-04-26 07:14:02.415 [info] Removed views:workbench.views.extensions.popular from workbench.view.extensions
2024-04-26 07:14:03.088 [info] Removed views:extensions.recommendedList,workbench.views.extensions.installed from workbench.view.extensions
2024-04-26 07:14:03.097 [info] Added views:workbench.views.extensions.marketplace in workbench.view.extensions
2024-04-26 07:21:42.894 [info] Added views:workbench.panel.markers.view in workbench.panel.markers
2024-04-26 07:21:42.894 [info] Added views:workbench.panel.output in workbench.panel.output
2024-04-26 07:21:42.894 [info] Added views:terminal in terminal
2024-04-26 07:21:42.894 [info] Added views:outline in workbench.view.explorer
2024-04-26 07:21:42.894 [info] Added views:workbench.scm in workbench.view.scm
2024-04-26 07:21:42.894 [info] Added views:workbench.view.search in workbench.view.search
2024-04-26 07:21:42.894 [info] Added views:timeline in workbench.view.explorer
2024-04-26 07:21:42.894 [info] Added views:workbench.explorer.fileView in workbench.view.explorer
2024-04-26 07:21:43.088 [info] Added views:workbench.debug.variablesView,workbench.debug.watchExpressionsView,workbench.debug.callStackView,workbench.debug.breakPointsView in workbench.view.debug
2024-04-26 07:21:43.321 [info] Added views:~remote.forwardedPorts in ~remote.forwardedPortsContainer
2024-04-26 07:21:43.542 [info] Added views:workbench.panel.repl.view in workbench.panel.repl
2024-04-26 07:21:43.543 [info] Removed views:workbench.debug.breakPointsView,workbench.debug.callStackView,workbench.debug.watchExpressionsView,workbench.debug.variablesView from workbench.view.debug
2024-04-26 07:21:43.545 [info] Added views:workbench.debug.welcome in workbench.view.debug
2024-04-26 07:28:13.600 [info] Added views:workbench.views.extensions.installed,workbench.views.extensions.popular,extensions.recommendedList in workbench.view.extensions
2024-04-26 07:28:13.605 [info] Removed views:workbench.views.extensions.popular from workbench.view.extensions
2024-04-26 07:28:14.237 [info] Removed views:extensions.recommendedList,workbench.views.extensions.installed from workbench.view.extensions
2024-04-26 07:28:14.253 [info] Added views:workbench.views.extensions.marketplace in workbench.view.extensions
