2024-04-25 05:46:35.879 [info] Уровень ведения журнала: Info
2024-04-25 05:46:35.879 [info] Проверка найденного Git в: "git"
2024-04-25 05:46:35.879 [info] Используется Git "2.44.0" из "git"
2024-04-25 05:46:35.879 [info] > git rev-parse --show-toplevel [13ms]
2024-04-25 05:46:35.879 [info] fatal: not a git repository (or any parent up to mount point /)
Stopping at filesystem boundary (GIT_DISCOVERY_ACROSS_FILESYSTEM not set).
2024-04-25 05:46:35.879 [info] > git rev-parse --show-toplevel [4ms]
2024-04-25 05:46:35.879 [info] fatal: not a git repository (or any parent up to mount point /)
Stopping at filesystem boundary (GIT_DISCOVERY_ACROSS_FILESYSTEM not set).
2024-04-25 05:46:35.886 [info] > git rev-parse --show-toplevel [1ms]
2024-04-25 05:46:35.886 [info] fatal: not a git repository (or any parent up to mount point /)
Stopping at filesystem boundary (GIT_DISCOVERY_ACROSS_FILESYSTEM not set).
2024-04-25 05:46:35.893 [info] > git rev-parse --show-toplevel [1ms]
2024-04-25 05:46:35.893 [info] fatal: not a git repository (or any parent up to mount point /)
Stopping at filesystem boundary (GIT_DISCOVERY_ACROSS_FILESYSTEM not set).
2024-04-25 05:46:35.899 [info] > git rev-parse --show-toplevel [2ms]
2024-04-25 05:46:35.899 [info] fatal: not a git repository (or any parent up to mount point /)
Stopping at filesystem boundary (GIT_DISCOVERY_ACROSS_FILESYSTEM not set).
2024-04-25 05:46:35.906 [info] > git rev-parse --show-toplevel [2ms]
2024-04-25 05:46:35.906 [info] fatal: not a git repository (or any parent up to mount point /)
Stopping at filesystem boundary (GIT_DISCOVERY_ACROSS_FILESYSTEM not set).
2024-04-25 05:46:35.913 [info] > git rev-parse --show-toplevel [2ms]
2024-04-25 05:46:35.913 [info] fatal: not a git repository (or any parent up to mount point /)
Stopping at filesystem boundary (GIT_DISCOVERY_ACROSS_FILESYSTEM not set).
2024-04-25 05:46:35.920 [info] > git rev-parse --show-toplevel [2ms]
2024-04-25 05:46:35.920 [info] fatal: not a git repository (or any parent up to mount point /)
Stopping at filesystem boundary (GIT_DISCOVERY_ACROSS_FILESYSTEM not set).
2024-04-25 05:46:35.927 [info] > git rev-parse --show-toplevel [2ms]
2024-04-25 05:46:35.927 [info] fatal: not a git repository (or any parent up to mount point /)
Stopping at filesystem boundary (GIT_DISCOVERY_ACROSS_FILESYSTEM not set).
2024-04-25 05:46:35.933 [info] > git rev-parse --show-toplevel [2ms]
2024-04-25 05:46:35.933 [info] fatal: not a git repository (or any parent up to mount point /)
Stopping at filesystem boundary (GIT_DISCOVERY_ACROSS_FILESYSTEM not set).
2024-04-25 05:46:35.940 [info] > git rev-parse --show-toplevel [2ms]
2024-04-25 05:46:35.940 [info] fatal: not a git repository (or any parent up to mount point /)
Stopping at filesystem boundary (GIT_DISCOVERY_ACROSS_FILESYSTEM not set).
2024-04-25 05:46:35.946 [info] > git rev-parse --show-toplevel [1ms]
2024-04-25 05:46:35.946 [info] fatal: not a git repository (or any parent up to mount point /)
Stopping at filesystem boundary (GIT_DISCOVERY_ACROSS_FILESYSTEM not set).
2024-04-25 05:46:35.953 [info] > git rev-parse --show-toplevel [2ms]
2024-04-25 05:46:35.953 [info] fatal: not a git repository (or any parent up to mount point /)
Stopping at filesystem boundary (GIT_DISCOVERY_ACROSS_FILESYSTEM not set).
2024-04-25 05:46:38.609 [info] > git rev-parse --show-toplevel [1ms]
2024-04-25 05:46:38.609 [info] fatal: not a git repository (or any parent up to mount point /)
Stopping at filesystem boundary (GIT_DISCOVERY_ACROSS_FILESYSTEM not set).
2024-04-25 05:47:06.627 [info] > git rev-parse --show-toplevel [2ms]
2024-04-25 05:47:06.627 [info] fatal: not a git repository (or any parent up to mount point /)
Stopping at filesystem boundary (GIT_DISCOVERY_ACROSS_FILESYSTEM not set).
2024-04-25 13:03:57.906 [info] > git rev-parse --show-toplevel [1ms]
2024-04-25 13:03:57.906 [info] fatal: not a git repository (or any parent up to mount point /)
Stopping at filesystem boundary (GIT_DISCOVERY_ACROSS_FILESYSTEM not set).
2024-04-25 13:24:49.711 [info] > git rev-parse --show-toplevel [2ms]
2024-04-25 13:24:49.711 [info] fatal: not a git repository (or any parent up to mount point /home/vir0id)
Stopping at filesystem boundary (GIT_DISCOVERY_ACROSS_FILESYSTEM not set).
2024-04-25 19:54:31.764 [info] > git rev-parse --show-toplevel [4ms]
2024-04-25 19:54:31.764 [info] fatal: not a git repository (or any parent up to mount point /)
Stopping at filesystem boundary (GIT_DISCOVERY_ACROSS_FILESYSTEM not set).
2024-04-25 19:54:32.738 [info] > git rev-parse --show-toplevel [1ms]
2024-04-25 19:54:32.738 [info] fatal: not a git repository (or any parent up to mount point /)
Stopping at filesystem boundary (GIT_DISCOVERY_ACROSS_FILESYSTEM not set).
2024-04-25 19:54:36.957 [info] > git rev-parse --show-toplevel [1ms]
2024-04-25 19:54:36.957 [info] fatal: not a git repository (or any parent up to mount point /)
Stopping at filesystem boundary (GIT_DISCOVERY_ACROSS_FILESYSTEM not set).
2024-04-25 19:59:32.137 [info] > git rev-parse --show-toplevel [2ms]
2024-04-25 19:59:32.137 [info] fatal: not a git repository (or any parent up to mount point /)
Stopping at filesystem boundary (GIT_DISCOVERY_ACROSS_FILESYSTEM not set).
2024-04-25 19:59:33.311 [info] > git rev-parse --show-toplevel [1ms]
2024-04-25 19:59:33.311 [info] fatal: not a git repository (or any parent up to mount point /)
Stopping at filesystem boundary (GIT_DISCOVERY_ACROSS_FILESYSTEM not set).
2024-04-25 21:32:31.290 [info] > git rev-parse --show-toplevel [2ms]
2024-04-25 21:32:31.290 [info] fatal: not a git repository (or any parent up to mount point /)
Stopping at filesystem boundary (GIT_DISCOVERY_ACROSS_FILESYSTEM not set).
2024-04-25 21:38:45.925 [info] > git rev-parse --show-toplevel [1ms]
2024-04-25 21:38:45.926 [info] fatal: not a git repository (or any parent up to mount point /)
Stopping at filesystem boundary (GIT_DISCOVERY_ACROSS_FILESYSTEM not set).
2024-04-25 21:38:49.374 [info] > git rev-parse --show-toplevel [2ms]
2024-04-25 21:38:49.374 [info] fatal: not a git repository (or any parent up to mount point /)
Stopping at filesystem boundary (GIT_DISCOVERY_ACROSS_FILESYSTEM not set).
