2024-09-07 16:21:07.544 [info] l10n: Configured to file:///home/vir0id/.vscode-oss/extensions/ms-ceintl.vscode-language-pack-ru-1.91.0-universal/translations/extensions/vscode.json-language-features.i18n.json
2024-09-07 16:21:07.559 [info] read schema from vscode: vscode://schemas/settings/user
2024-09-07 16:21:07.563 [info] cancelled
2024-09-07 16:21:07.682 [info] read schema from vscode: vscode://schemas/settings/resourceLanguage
2024-09-07 16:21:07.713 [info] read schema from vscode: vscode://schemas/launch
2024-09-07 16:21:07.721 [info] read schema from vscode: vscode://schemas/token-styling
2024-09-07 16:21:07.744 [info] read schema from vscode: vscode://schemas/textmate-colors
2024-09-07 16:21:07.756 [info] read schema from vscode: vscode://schemas/workbench-colors
2024-09-07 16:21:08.928 [info] schema change detected vscode://schemas/settings/resourceLanguage
2024-09-07 16:21:08.997 [info] schema change detected vscode://schemas/settings/user
2024-09-07 16:21:09.006 [info] read schema from vscode: vscode://schemas/settings/user
2024-09-07 16:21:09.151 [info] read schema from vscode: vscode://schemas/settings/resourceLanguage
2024-09-07 16:21:09.259 [info] cancelled
2024-09-07 16:21:09.263 [info] read schema from vscode: vscode://schemas/settings/user
2024-09-07 16:21:14.593 [info] schema change detected vscode://schemas/settings/user
2024-09-07 16:21:14.595 [info] read schema from vscode: vscode://schemas/settings/user
2024-09-07 16:21:56.043 [info] read schema from vscode: vscode://schemas/argv
2024-09-07 16:23:47.648 [info] schema change detected vscode://schemas/launch
2024-09-07 16:23:47.650 [info] read schema from vscode: vscode://schemas/settings/user
2024-09-07 16:23:47.779 [info] read schema from vscode: vscode://schemas/launch
