================================================================================
SESSION: 25 Apr 2024 09:06:22 +0300. Executing /usr/bin/krita /home/vir0id/.config/jgmenu/prepend.csv

Krita Version: 5.2.2, Qt version compiled: 5.15.12, loaded: 5.15.13. Process ID: 1099591
-- -- -- -- -- -- -- --
25 Apr 2024 09:06:22 +0300: Style: fusion. Available styles: qt5ct-style, Windows, Fusion
25 Apr 2024 09:06:23 +0300: Creating database from scratch (database didn't exist, new schema version: 0.0.17).
25 Apr 2024 09:06:44 +0300: Importing text/csv to application/x-krita. Location: /home/vir0id/.config/jgmenu/prepend.csv. Real location: /home/vir0id/.config/jgmenu/prepend.csv. Batchmode: 0
25 Apr 2024 09:06:44 +0300: Failed to load image from text/csv
25 Apr 2024 09:06:44 +0300: Loading /home/vir0id/.config/jgmenu/prepend.csv failed: Неизвестная ошибка.
25 Apr 2024 09:06:45 +0300: Loading canceled: .
25 Apr 2024 09:06:46 +0300: CLOSING SESSION
================================================================================
SESSION: 16 Jun 2024 09:59:22 +0300. Executing /usr/bin/krita

Krita Version: 5.2.2, Qt version compiled: 5.15.14, loaded: 5.15.14. Process ID: 2078489
-- -- -- -- -- -- -- --
16 Jun 2024 09:59:22 +0300: Style: fusion. Available styles: qt5ct-style, Windows, Fusion
16 Jun 2024 09:59:23 +0300: Database is up to date. Version: 0.0.17, created by Krita 5.2.2, at ceturtd. apr. 25 09:06:23 2024
16 Jun 2024 10:06:02 +0300: CLOSING SESSION
================================================================================
SESSION: 16 Jun 2024 10:06:04 +0300. Executing /usr/bin/krita

Krita Version: 5.2.2, Qt version compiled: 5.15.14, loaded: 5.15.14. Process ID: 2128637
-- -- -- -- -- -- -- --
16 Jun 2024 10:06:04 +0300: Style: fusion. Available styles: qt5ct-style, Windows, Fusion
16 Jun 2024 10:06:05 +0300: Database is up to date. Version: 0.0.17, created by Krita 5.2.2, at ceturtd. apr. 25 09:06:23 2024

KRITA DID NOT CLOSE CORRECTLY
================================================================================
SESSION: 16 Jun 2024 10:10:39 +0300. Executing /usr/bin/krita

Krita Version: 5.2.2, Qt version compiled: 5.15.14, loaded: 5.15.14. Process ID: 2163471
-- -- -- -- -- -- -- --
16 Jun 2024 10:10:39 +0300: Style: fusion. Available styles: qt5ct-style, Windows, Fusion
+0300: CLOSING SESSION
16 Jun 2024 10:11:00 +0300: CLOSING SESSION
================================================================================
SESSION: 16 Jun 2024 10:11:04 +0300. Executing /usr/bin/krita

Krita Version: 5.2.2, Qt version compiled: 5.15.14, loaded: 5.15.14. Process ID: 2166519
-- -- -- -- -- -- -- --
16 Jun 2024 10:11:04 +0300: Style: fusion. Available styles: qt5ct-style, Windows, Fusion
16 Jun 2024 10:11:05 +0300: Database is up to date. Version: 0.0.17, created by Krita 5.2.2, at ceturtd. apr. 25 09:06:23 2024

KRITA DID NOT CLOSE CORRECTLY
================================================================================
SESSION: 16 Jun 2024 10:13:08 +0300. Executing /usr/bin/krita

Krita Version: 5.2.2, Qt version compiled: 5.15.14, loaded: 5.15.14. Process ID: 2181843
-- -- -- -- -- -- -- --
16 Jun 2024 10:13:08 +0300: Style: fusion. Available styles: qt5ct-style, Windows, Fusion
+0300: CLOSING SESSION
16 Jun 2024 10:13:16 +0300: CLOSING SESSION
================================================================================
SESSION: 16 Jun 2024 10:15:44 +0300. Executing /usr/bin/krita

Krita Version: 5.2.2, Qt version compiled: 5.15.14, loaded: 5.15.14. Process ID: 2201166
-- -- -- -- -- -- -- --
16 Jun 2024 10:15:44 +0300: Style: fusion. Available styles: qt5ct-style, Windows, Fusion
16 Jun 2024 10:15:45 +0300: Database is up to date. Version: 0.0.17, created by Krita 5.2.2, at ceturtd. apr. 25 09:06:23 2024
16 Jun 2024 10:21:17 +0300: Created image "Безымянный", 1920 * 1080 pixels, 240 dpi. Color model: 8-бит/канал RGB/альфа-канал (sRGB-elle-V2-srgbtrc.icc). Layers: 2
16 Jun 2024 10:45:28 +0300: CLOSING SESSION
================================================================================
SESSION: 23 Jul 2024 16:12:48 +0300. Executing /usr/bin/krita

Krita Version: 5.2.3, Qt version compiled: 5.15.14, loaded: 5.15.14. Process ID: 4566
-- -- -- -- -- -- -- --
23 Jul 2024 16:12:48 +0300: Style: fusion. Available styles: chameleon, qt5ct-style, Windows, Fusion
23 Jul 2024 16:12:49 +0300: Database is up to date. Version: 0.0.17, created by Krita 5.2.2, at ceturtd. apr. 25 09:06:23 2024
23 Jul 2024 16:30:53 +0300: CLOSING SESSION
================================================================================
SESSION: 14 Aug 2024 21:08:24 +0300. Executing /usr/bin/krita

Krita Version: 5.2.3, Qt version compiled: 5.15.14, loaded: 5.15.14. Process ID: 2623059
-- -- -- -- -- -- -- --
14 Aug 2024 21:08:24 +0300: Style: fusion. Available styles: chameleon, qt5ct-style, Windows, Fusion
14 Aug 2024 21:08:26 +0300: Database is up to date. Version: 0.0.17, created by Krita 5.2.2, at ceturtd. apr. 25 09:06:23 2024
14 Aug 2024 21:08:36 +0300: CLOSING SESSION
================================================================================
SESSION: 11 Sep 2024 16:55:46 +0300. Executing /usr/bin/krita

Krita Version: 5.2.3, Qt version compiled: 5.15.14, loaded: 5.15.15. Process ID: 10883
-- -- -- -- -- -- -- --
11 Sep 2024 16:55:46 +0300: Style: fusion. Available styles: chameleon, qt5ct-style, Windows, Fusion
11 Sep 2024 16:55:48 +0300: Database is up to date. Version: 0.0.17, created by Krita 5.2.2, at ceturtd. apr. 25 09:06:23 2024
11 Sep 2024 17:04:35 +0300: CLOSING SESSION
================================================================================
SESSION: 12 Sep 2024 16:29:39 +0300. Executing /usr/bin/krita

Krita Version: 5.2.3, Qt version compiled: 5.15.14, loaded: 5.15.15. Process ID: 211487
-- -- -- -- -- -- -- --
12 Sep 2024 16:29:39 +0300: Style: fusion. Available styles: chameleon, qt5ct-style, Windows, Fusion
12 Sep 2024 16:29:40 +0300: Database is up to date. Version: 0.0.17, created by Krita 5.2.2, at ceturtd. apr. 25 09:06:23 2024
12 Sep 2024 16:30:03 +0300: CLOSING SESSION
================================================================================
SESSION: 12 Sep 2024 16:31:02 +0300. Executing /usr/bin/krita

Krita Version: 5.2.3, Qt version compiled: 5.15.14, loaded: 5.15.15. Process ID: 225076
-- -- -- -- -- -- -- --
12 Sep 2024 16:31:02 +0300: Style: fusion. Available styles: chameleon, qt5ct-style, Windows, Fusion
12 Sep 2024 16:31:03 +0300: Database is up to date. Version: 0.0.17, created by Krita 5.2.2, at ceturtd. apr. 25 09:06:23 2024
12 Sep 2024 16:31:40 +0300: Created image "Безымянный", 1920 * 1080 pixels, 240 dpi. Color model: 8-бит/канал RGB/альфа-канал (sRGB-elle-V2-srgbtrc.icc). Layers: 2
12 Sep 2024 16:33:54 +0300: Importing image/png to application/x-krita. Location: /tmp/krita_file_layer_copy_225076_884983408.png. Real location: /tmp/krita_file_layer_copy_225076_884983408.png. Batchmode: 1
12 Sep 2024 16:33:54 +0300: Loaded image from image/png. Size: 1920 * 1080 pixels, 0.99977 dpi. Color model: 8-бит/канал RGB/альфа-канал (sRGB-elle-V2-srgbtrc.icc). Layers: 2
12 Sep 2024 16:34:14 +0300: Importing image/png to application/x-krita. Location: /tmp/krita_file_layer_copy_225076_1289381444.png. Real location: /tmp/krita_file_layer_copy_225076_1289381444.png. Batchmode: 1
12 Sep 2024 16:34:14 +0300: Loaded image from image/png. Size: 1920 * 1080 pixels, 0.99977 dpi. Color model: 8-бит/канал RGB/альфа-канал (sRGB-elle-V2-srgbtrc.icc). Layers: 2
12 Sep 2024 16:36:48 +0300: CLOSING SESSION
================================================================================
SESSION: 14 Sep 2024 19:51:37 +0300. Executing /usr/bin/krita

Krita Version: 5.2.3, Qt version compiled: 5.15.14, loaded: 5.15.15. Process ID: 220316
-- -- -- -- -- -- -- --
14 Sep 2024 19:51:37 +0300: Style: fusion. Available styles: chameleon, qt5ct-style, Windows, Fusion
14 Sep 2024 19:51:38 +0300: Database is up to date. Version: 0.0.17, created by Krita 5.2.2, at ceturtd. apr. 25 09:06:23 2024
14 Sep 2024 19:54:40 +0300: CLOSING SESSION
================================================================================
SESSION: 14 Sep 2024 19:54:54 +0300. Executing /usr/bin/krita

Krita Version: 5.2.3, Qt version compiled: 5.15.14, loaded: 5.15.15. Process ID: 252481
-- -- -- -- -- -- -- --
14 Sep 2024 19:54:54 +0300: Style: fusion. Available styles: chameleon, qt5ct-style, Windows, Fusion
14 Sep 2024 19:54:55 +0300: Database is up to date. Version: 0.0.17, created by Krita 5.2.2, at ceturtd. apr. 25 09:06:23 2024
14 Sep 2024 19:55:05 +0300: CLOSING SESSION
