2024-10-01 12:22:01.359 [info] Added views:workbench.panel.markers.view in workbench.panel.markers
2024-10-01 12:22:01.359 [info] Added views:workbench.panel.output in workbench.panel.output
2024-10-01 12:22:01.359 [info] Added views:terminal in terminal
2024-10-01 12:22:01.359 [info] Added views:outline in workbench.view.explorer
2024-10-01 12:22:01.359 [info] Added views:workbench.scm in workbench.view.scm
2024-10-01 12:22:01.359 [info] Added views:workbench.view.search in workbench.view.search
2024-10-01 12:22:01.359 [info] Added views:timeline in workbench.view.explorer
2024-10-01 12:22:01.359 [info] Added views:workbench.explorer.fileView in workbench.view.explorer
2024-10-01 12:22:01.789 [info] Added views:workbench.debug.variablesView,workbench.debug.watchExpressionsView,workbench.debug.callStackView,workbench.debug.breakPointsView in workbench.view.debug
2024-10-01 12:22:02.047 [info] Added views:workbench.panel.repl.view in workbench.panel.repl
2024-10-01 12:22:02.049 [info] Removed views:workbench.debug.breakPointsView,workbench.debug.callStackView,workbench.debug.watchExpressionsView,workbench.debug.variablesView from workbench.view.debug
2024-10-01 12:22:02.051 [info] Added views:workbench.debug.welcome in workbench.view.debug
2024-10-01 12:22:02.114 [info] Added views:~remote.forwardedPorts in ~remote.forwardedPortsContainer
2024-10-01 12:22:12.002 [info] Removed views:workbench.explorer.fileView from workbench.view.explorer
2024-10-01 12:22:12.013 [info] Added views:workbench.explorer.emptyView in workbench.view.explorer
2024-10-01 12:22:12.319 [info] Removed views:workbench.panel.repl.view from workbench.panel.repl
2024-10-01 12:22:12.537 [info] Added views:workbench.panel.repl.view in workbench.panel.repl
2024-10-01 12:24:42.751 [info] Added views:workbench.views.extensions.installed,workbench.views.extensions.popular,extensions.recommendedList in workbench.view.extensions
2024-10-01 12:24:42.753 [info] Removed views:workbench.views.extensions.popular from workbench.view.extensions
2024-10-01 12:24:43.481 [info] Removed views:extensions.recommendedList,workbench.views.extensions.installed from workbench.view.extensions
2024-10-01 12:24:43.496 [info] Added views:workbench.views.extensions.marketplace in workbench.view.extensions
