2024-04-26 06:37:40.495 [info] Extension host with pid 668062 started
2024-04-26 06:37:40.495 [info] Skipping acquiring lock for /home/vir0id/.config/Code - OSS/User/workspaceStorage/7a7ec92438871f71c25ee620aae8418f.
2024-04-26 06:37:40.694 [info] ExtensionService#_doActivateExtension vscode.emmet, startup: false, activationEvent: 'onLanguage'
2024-04-26 06:37:40.972 [info] ExtensionService#_doActivateExtension vscode.git-base, startup: true, activationEvent: '*', root cause: vscode.git
2024-04-26 06:37:41.012 [info] ExtensionService#_doActivateExtension vscode.git, startup: true, activationEvent: '*'
2024-04-26 06:37:41.012 [info] ExtensionService#_doActivateExtension vscode.github, startup: true, activationEvent: '*'
2024-04-26 06:37:41.083 [info] Eager extensions activated
2024-04-26 06:37:41.131 [info] ExtensionService#_doActivateExtension vscode.debug-auto-launch, startup: false, activationEvent: 'onStartupFinished'
2024-04-26 06:37:41.132 [info] ExtensionService#_doActivateExtension vscode.merge-conflict, startup: false, activationEvent: 'onStartupFinished'
2024-04-26 06:37:41.133 [info] ExtensionService#_doActivateExtension sainnhe.everforest, startup: false, activationEvent: 'onStartupFinished'
2024-04-26 13:23:14.964 [info] ExtensionService#_doActivateExtension vscode.extension-editing, startup: false, activationEvent: 'onLanguage:markdown'
2024-04-26 13:23:14.965 [info] ExtensionService#_doActivateExtension vscode.markdown-language-features, startup: false, activationEvent: 'onLanguage:markdown'
2024-04-26 13:23:15.145 [info] ExtensionService#_doActivateExtension vscode.github-authentication, startup: false, activationEvent: 'onAuthenticationRequest:github'
2024-04-26 13:23:15.754 [info] ExtensionService#_doActivateExtension vscode.markdown-math, startup: false, activationEvent: 'api', root cause: vscode.markdown-language-features
2024-04-26 13:34:33.090 [warning] [Decorations] CAPPING events from decorations provider vscode.git 269
2024-04-26 13:34:34.675 [warning] [Decorations] CAPPING events from decorations provider vscode.git 260
2024-04-26 13:35:04.783 [warning] [Decorations] CAPPING events from decorations provider vscode.git 260
2024-04-26 13:37:43.597 [warning] [Decorations] CAPPING events from decorations provider vscode.git 260
2024-04-26 13:41:07.669 [warning] [Decorations] CAPPING events from decorations provider vscode.git 260
2024-04-26 13:41:30.064 [info] ExtensionService#_doActivateExtension vscode.json-language-features, startup: false, activationEvent: 'onLanguage:json'
2024-04-26 13:41:30.065 [info] ExtensionService#_doActivateExtension vscode.npm, startup: false, activationEvent: 'onLanguage:json'
2024-04-26 13:41:30.132 [info] Extension host terminating: renderer closed the MessagePort
2024-04-26 13:41:30.160 [error] Canceled: Canceled
	at new O (/usr/lib/code/out/vs/workbench/api/node/extensionHostProcess.js:142:46998)
	at u.U (/usr/lib/code/out/vs/workbench/api/node/extensionHostProcess.js:149:5539)
	at F.<computed>.T.charCodeAt.F.<computed> (/usr/lib/code/out/vs/workbench/api/node/extensionHostProcess.js:149:2993)
	at d.g (/usr/lib/code/out/vs/workbench/api/node/extensionHostProcess.js:152:186335)
	at d.executeCommand (/usr/lib/code/out/vs/workbench/api/node/extensionHostProcess.js:152:185773)
	at E.registerCommand.description (/usr/lib/code/out/vs/workbench/api/node/extensionHostProcess.js:152:185097)
	at d.h (/usr/lib/code/out/vs/workbench/api/node/extensionHostProcess.js:152:186874)
	at d.g (/usr/lib/code/out/vs/workbench/api/node/extensionHostProcess.js:152:185866)
	at d.executeCommand (/usr/lib/code/out/vs/workbench/api/node/extensionHostProcess.js:152:185773)
	at Object.executeCommand (/usr/lib/code/out/vs/workbench/api/node/extensionHostProcess.js:162:22785)
	at o.O [as value] (/usr/lib/code/extensions/git/dist/main.js:2:945802)
	at s.y (/usr/lib/code/out/vs/workbench/api/node/extensionHostProcess.js:82:659)
	at s.z (/usr/lib/code/out/vs/workbench/api/node/extensionHostProcess.js:82:729)
	at s.fire (/usr/lib/code/out/vs/workbench/api/node/extensionHostProcess.js:82:945)
	at Object.m [as dispose] (/usr/lib/code/extensions/git/dist/main.js:2:964886)
	at /usr/lib/code/extensions/git/dist/main.js:2:970920
	at Array.forEach (<anonymous>)
	at f.dispose (/usr/lib/code/extensions/git/dist/main.js:2:970906)
	at a.<anonymous> (/usr/lib/code/out/vs/workbench/api/node/extensionHostProcess.js:150:3830)
	at a.dispose (/usr/lib/code/out/vs/workbench/api/node/extensionHostProcess.js:150:3927)
	at a.<anonymous> (/usr/lib/code/extensions/git/dist/main.js:2:948059)
	at a.dispose (/usr/lib/code/out/vs/workbench/api/node/extensionHostProcess.js:150:3927)
	at o (/usr/lib/code/out/vs/workbench/api/node/extensionHostProcess.js:30:714)
	at m.eb (/usr/lib/code/out/vs/workbench/api/node/extensionHostProcess.js:158:9967)
	at /usr/lib/code/out/vs/workbench/api/node/extensionHostProcess.js:158:7816
	at Array.map (<anonymous>)
	at m.$ (/usr/lib/code/out/vs/workbench/api/node/extensionHostProcess.js:158:7803)
	at m.terminate (/usr/lib/code/out/vs/workbench/api/node/extensionHostProcess.js:158:8077)
	at o.terminate (/usr/lib/code/out/vs/workbench/api/node/extensionHostProcess.js:162:1513)
	at t (/usr/lib/code/out/vs/workbench/api/node/extensionHostProcess.js:175:9917)
	at MessagePortMain.<anonymous> (/usr/lib/code/out/vs/workbench/api/node/extensionHostProcess.js:175:6342)
	at MessagePortMain.emit (node:events:517:28)
	at MessagePortMain._internalPort.emit (node:electron/js2c/utility_init:2:2285) setContext undefined
2024-04-26 13:41:30.165 [error] Canceled: Canceled
	at new O (/usr/lib/code/out/vs/workbench/api/node/extensionHostProcess.js:142:46998)
	at u.U (/usr/lib/code/out/vs/workbench/api/node/extensionHostProcess.js:149:5539)
	at F.<computed>.T.charCodeAt.F.<computed> (/usr/lib/code/out/vs/workbench/api/node/extensionHostProcess.js:149:2993)
	at d.g (/usr/lib/code/out/vs/workbench/api/node/extensionHostProcess.js:152:186335)
	at d.executeCommand (/usr/lib/code/out/vs/workbench/api/node/extensionHostProcess.js:152:185773)
	at E.registerCommand.description (/usr/lib/code/out/vs/workbench/api/node/extensionHostProcess.js:152:185097)
	at d.h (/usr/lib/code/out/vs/workbench/api/node/extensionHostProcess.js:152:186874)
	at d.g (/usr/lib/code/out/vs/workbench/api/node/extensionHostProcess.js:152:185866)
	at d.executeCommand (/usr/lib/code/out/vs/workbench/api/node/extensionHostProcess.js:152:185773)
	at Object.executeCommand (/usr/lib/code/out/vs/workbench/api/node/extensionHostProcess.js:162:22785)
	at set hasGitHubRepositories [as hasGitHubRepositories] (/usr/lib/code/extensions/github/dist/extension.js:2:324866)
	at /usr/lib/code/extensions/github/dist/extension.js:2:325825
	at o.value (/usr/lib/code/extensions/git/dist/main.js:2:1051703)
	at s.y (/usr/lib/code/out/vs/workbench/api/node/extensionHostProcess.js:82:659)
	at s.z (/usr/lib/code/out/vs/workbench/api/node/extensionHostProcess.js:82:729)
	at s.fire (/usr/lib/code/out/vs/workbench/api/node/extensionHostProcess.js:82:945)
	at Object.m [as dispose] (/usr/lib/code/extensions/git/dist/main.js:2:964886)
	at /usr/lib/code/extensions/git/dist/main.js:2:970920
	at Array.forEach (<anonymous>)
	at f.dispose (/usr/lib/code/extensions/git/dist/main.js:2:970906)
	at a.<anonymous> (/usr/lib/code/out/vs/workbench/api/node/extensionHostProcess.js:150:3830)
	at a.dispose (/usr/lib/code/out/vs/workbench/api/node/extensionHostProcess.js:150:3927)
	at a.<anonymous> (/usr/lib/code/extensions/git/dist/main.js:2:948059)
	at a.dispose (/usr/lib/code/out/vs/workbench/api/node/extensionHostProcess.js:150:3927)
	at o (/usr/lib/code/out/vs/workbench/api/node/extensionHostProcess.js:30:714)
	at m.eb (/usr/lib/code/out/vs/workbench/api/node/extensionHostProcess.js:158:9967)
	at /usr/lib/code/out/vs/workbench/api/node/extensionHostProcess.js:158:7816
	at Array.map (<anonymous>)
	at m.$ (/usr/lib/code/out/vs/workbench/api/node/extensionHostProcess.js:158:7803)
	at m.terminate (/usr/lib/code/out/vs/workbench/api/node/extensionHostProcess.js:158:8077)
	at o.terminate (/usr/lib/code/out/vs/workbench/api/node/extensionHostProcess.js:162:1513)
	at t (/usr/lib/code/out/vs/workbench/api/node/extensionHostProcess.js:175:9917)
	at MessagePortMain.<anonymous> (/usr/lib/code/out/vs/workbench/api/node/extensionHostProcess.js:175:6342)
	at MessagePortMain.emit (node:events:517:28)
	at MessagePortMain._internalPort.emit (node:electron/js2c/utility_init:2:2285) setContext undefined
2024-04-26 13:41:30.165 [info] Extension host with pid 668062 exiting with code 0
2024-04-26 13:41:30.493 [info] Extension host with pid 3797407 started
2024-04-26 13:41:30.493 [info] Skipping acquiring lock for /home/vir0id/.config/Code - OSS/User/workspaceStorage/7a7ec92438871f71c25ee620aae8418f.
2024-04-26 13:41:30.498 [info] ExtensionService#_doActivateExtension vscode.emmet, startup: false, activationEvent: 'onLanguage'
2024-04-26 13:41:30.499 [info] ExtensionService#_doActivateExtension vscode.extension-editing, startup: false, activationEvent: 'onLanguage:markdown'
2024-04-26 13:41:30.499 [info] ExtensionService#_doActivateExtension vscode.markdown-language-features, startup: false, activationEvent: 'onLanguage:markdown'
2024-04-26 13:41:30.499 [info] ExtensionService#_doActivateExtension vscode.github-authentication, startup: false, activationEvent: 'onAuthenticationRequest:github'
2024-04-26 13:41:30.500 [info] ExtensionService#_doActivateExtension vscode.git-base, startup: false, activationEvent: 'onFileSystem:git', root cause: vscode.git
2024-04-26 13:41:30.500 [info] ExtensionService#_doActivateExtension vscode.json-language-features, startup: false, activationEvent: 'onLanguage:json'
2024-04-26 13:41:30.500 [info] ExtensionService#_doActivateExtension vscode.npm, startup: false, activationEvent: 'onLanguage:json'
2024-04-26 13:41:30.640 [info] ExtensionService#_doActivateExtension vscode.git, startup: false, activationEvent: 'onFileSystem:git'
2024-04-26 13:41:30.936 [info] ExtensionService#_doActivateExtension vscode.github, startup: true, activationEvent: '*'
2024-04-26 13:41:30.962 [info] Eager extensions activated
2024-04-26 13:41:30.964 [info] ExtensionService#_doActivateExtension vscode.debug-auto-launch, startup: false, activationEvent: 'onStartupFinished'
2024-04-26 13:41:30.965 [info] ExtensionService#_doActivateExtension vscode.merge-conflict, startup: false, activationEvent: 'onStartupFinished'
2024-04-26 13:41:30.966 [info] ExtensionService#_doActivateExtension sainnhe.everforest, startup: false, activationEvent: 'onStartupFinished'
2024-04-26 13:41:33.460 [info] Extension host terminating: renderer closed the MessagePort
2024-04-26 13:41:33.469 [info] Extension host with pid 3797407 exiting with code 0
2024-04-26 13:41:33.958 [info] Extension host with pid 3797911 started
2024-04-26 13:41:33.958 [info] Skipping acquiring lock for /home/vir0id/.config/Code - OSS/User/workspaceStorage/7a7ec92438871f71c25ee620aae8418f.
2024-04-26 13:41:33.969 [info] ExtensionService#_doActivateExtension vscode.emmet, startup: false, activationEvent: 'onLanguage'
2024-04-26 13:41:33.971 [info] ExtensionService#_doActivateExtension vscode.extension-editing, startup: false, activationEvent: 'onLanguage:markdown'
2024-04-26 13:41:33.971 [info] ExtensionService#_doActivateExtension vscode.markdown-language-features, startup: false, activationEvent: 'onLanguage:markdown'
2024-04-26 13:41:33.972 [info] ExtensionService#_doActivateExtension vscode.github-authentication, startup: false, activationEvent: 'onAuthenticationRequest:github'
2024-04-26 13:41:33.973 [info] ExtensionService#_doActivateExtension vscode.git-base, startup: false, activationEvent: 'onFileSystem:git', root cause: vscode.git
2024-04-26 13:41:33.974 [info] ExtensionService#_doActivateExtension vscode.json-language-features, startup: false, activationEvent: 'onLanguage:json'
2024-04-26 13:41:33.974 [info] ExtensionService#_doActivateExtension vscode.npm, startup: false, activationEvent: 'onLanguage:json'
2024-04-26 13:41:34.127 [info] ExtensionService#_doActivateExtension vscode.git, startup: false, activationEvent: 'onFileSystem:git'
2024-04-26 13:41:34.491 [info] ExtensionService#_doActivateExtension vscode.github, startup: true, activationEvent: '*'
2024-04-26 13:41:34.511 [info] Eager extensions activated
2024-04-26 13:41:34.514 [info] ExtensionService#_doActivateExtension vscode.debug-auto-launch, startup: false, activationEvent: 'onStartupFinished'
2024-04-26 13:41:34.516 [info] ExtensionService#_doActivateExtension vscode.merge-conflict, startup: false, activationEvent: 'onStartupFinished'
2024-04-26 13:41:34.517 [info] ExtensionService#_doActivateExtension sainnhe.everforest, startup: false, activationEvent: 'onStartupFinished'
2024-04-26 13:41:39.494 [info] Extension host terminating: renderer closed the MessagePort
2024-04-26 13:41:39.513 [info] Extension host with pid 3797911 exiting with code 0
