2024-08-29 16:30:54.277 [info] Reading sessions from keychain...
2024-08-29 16:30:54.277 [info] Getting sessions for all scopes...
2024-08-29 16:30:54.277 [info] Got 0 sessions for ...
2024-08-29 16:30:54.277 [info] Getting sessions for read:user,repo,user:email,workflow...
2024-08-29 16:30:54.277 [info] Got 0 sessions for read:user,repo,user:email,workflow...
2024-08-29 16:30:54.483 [info] Getting sessions for read:user,repo,user:email,workflow...
2024-08-29 16:30:54.483 [info] Got 0 sessions for read:user,repo,user:email,workflow...
2024-08-29 16:30:54.630 [info] Getting sessions for read:user,repo,user:email,workflow...
2024-08-29 16:30:54.630 [info] Got 0 sessions for read:user,repo,user:email,workflow...
2024-08-29 16:30:54.699 [info] Getting sessions for read:user,repo,user:email,workflow...
2024-08-29 16:30:54.699 [info] Got 0 sessions for read:user,repo,user:email,workflow...
2024-08-29 16:30:54.833 [info] Getting sessions for read:user,repo,user:email,workflow...
2024-08-29 16:30:54.833 [info] Got 0 sessions for read:user,repo,user:email,workflow...
2024-08-29 16:30:54.950 [info] Getting sessions for read:user,repo,user:email,workflow...
2024-08-29 16:30:54.950 [info] Got 0 sessions for read:user,repo,user:email,workflow...
2024-08-29 16:30:55.086 [info] Getting sessions for read:user,repo,user:email,workflow...
2024-08-29 16:30:55.086 [info] Got 0 sessions for read:user,repo,user:email,workflow...
2024-08-29 16:30:55.260 [info] Getting sessions for read:user,repo,user:email,workflow...
2024-08-29 16:30:55.260 [info] Got 0 sessions for read:user,repo,user:email,workflow...
2024-08-29 16:30:55.430 [info] Getting sessions for read:user,repo,user:email,workflow...
2024-08-29 16:30:55.430 [info] Got 0 sessions for read:user,repo,user:email,workflow...
2024-08-29 16:30:56.000 [info] Getting sessions for read:user,repo,user:email,workflow...
2024-08-29 16:30:56.000 [info] Got 0 sessions for read:user,repo,user:email,workflow...
2024-08-29 16:30:56.545 [info] Getting sessions for read:user,repo,user:email,workflow...
2024-08-29 16:30:56.545 [info] Got 0 sessions for read:user,repo,user:email,workflow...
