2024-04-26 06:37:39.951 [info] Added views:workbench.panel.markers.view in workbench.panel.markers
2024-04-26 06:37:39.951 [info] Added views:workbench.panel.output in workbench.panel.output
2024-04-26 06:37:39.951 [info] Added views:terminal in terminal
2024-04-26 06:37:39.951 [info] Added views:outline in workbench.view.explorer
2024-04-26 06:37:39.951 [info] Added views:workbench.scm in workbench.view.scm
2024-04-26 06:37:39.951 [info] Added views:workbench.view.search in workbench.view.search
2024-04-26 06:37:39.951 [info] Added views:timeline in workbench.view.explorer
2024-04-26 06:37:39.951 [info] Added views:workbench.explorer.fileView in workbench.view.explorer
2024-04-26 06:37:40.153 [info] Added views:workbench.debug.welcome in workbench.view.debug
2024-04-26 06:37:40.395 [info] Added views:ocaml-sandbox,ocaml-switches,ocaml-commands,ocaml-help in workbench.view.extension.ocaml-explorer
2024-04-26 06:37:40.696 [info] Added views:workbench.panel.repl.view in workbench.panel.repl
2024-04-26 06:37:41.364 [info] Added views:~remote.forwardedPorts in ~remote.forwardedPortsContainer
2024-04-26 13:23:14.986 [info] Added views:workbench.scm.repositories in workbench.view.scm
2024-04-26 13:41:30.101 [info] Removed views:workbench.scm.repositories from workbench.view.scm
2024-04-26 13:41:30.341 [info] Removed views:workbench.panel.repl.view from workbench.panel.repl
2024-04-26 13:41:30.500 [info] Added views:workbench.panel.repl.view in workbench.panel.repl
2024-04-26 13:41:33.434 [info] Removed views:workbench.explorer.fileView from workbench.view.explorer
2024-04-26 13:41:33.447 [info] Added views:workbench.explorer.emptyView in workbench.view.explorer
2024-04-26 13:41:33.703 [info] Removed views:workbench.panel.repl.view from workbench.panel.repl
2024-04-26 13:41:33.971 [info] Added views:workbench.panel.repl.view in workbench.panel.repl
