2024-09-04 17:51:36.804 [info] [main] Log level: Info
2024-09-04 17:51:36.804 [info] [main] Validating found git in: "git"
2024-09-04 17:51:36.804 [info] [main] Using git "2.46.0" from "git"
2024-09-04 17:51:36.804 [info] [Model][doInitialScan] Initial repository scan started
2024-09-04 17:51:36.804 [info] > git rev-parse --show-toplevel [5ms]
2024-09-04 17:51:36.804 [info] fatal: not a git repository (or any parent up to mount point /)
Stopping at filesystem boundary (GIT_DISCOVERY_ACROSS_FILESYSTEM not set).
2024-09-04 17:51:36.805 [info] > git rev-parse --show-toplevel [2ms]
2024-09-04 17:51:36.805 [info] fatal: not a git repository (or any parent up to mount point /home/vir0id)
Stopping at filesystem boundary (GIT_DISCOVERY_ACROSS_FILESYSTEM not set).
2024-09-04 17:51:36.812 [info] > git rev-parse --show-toplevel [2ms]
2024-09-04 17:51:36.812 [info] fatal: not a git repository (or any parent up to mount point /)
Stopping at filesystem boundary (GIT_DISCOVERY_ACROSS_FILESYSTEM not set).
2024-09-04 17:51:36.823 [info] > git rev-parse --show-toplevel [6ms]
2024-09-04 17:51:36.823 [info] fatal: not a git repository (or any parent up to mount point /)
Stopping at filesystem boundary (GIT_DISCOVERY_ACROSS_FILESYSTEM not set).
2024-09-04 17:51:36.833 [info] > git rev-parse --show-toplevel [5ms]
2024-09-04 17:51:36.833 [info] fatal: not a git repository (or any parent up to mount point /)
Stopping at filesystem boundary (GIT_DISCOVERY_ACROSS_FILESYSTEM not set).
2024-09-04 17:51:36.839 [info] > git rev-parse --show-toplevel [1ms]
2024-09-04 17:51:36.839 [info] fatal: not a git repository (or any parent up to mount point /)
Stopping at filesystem boundary (GIT_DISCOVERY_ACROSS_FILESYSTEM not set).
2024-09-04 17:51:36.844 [info] > git rev-parse --show-toplevel [1ms]
2024-09-04 17:51:36.845 [info] fatal: not a git repository (or any parent up to mount point /)
Stopping at filesystem boundary (GIT_DISCOVERY_ACROSS_FILESYSTEM not set).
2024-09-04 17:51:36.853 [info] > git rev-parse --show-toplevel [4ms]
2024-09-04 17:51:36.853 [info] fatal: not a git repository (or any parent up to mount point /)
Stopping at filesystem boundary (GIT_DISCOVERY_ACROSS_FILESYSTEM not set).
2024-09-04 17:51:36.864 [info] > git rev-parse --show-toplevel [5ms]
2024-09-04 17:51:36.870 [info] > git rev-parse --git-dir --git-common-dir [2ms]
2024-09-04 17:51:36.879 [info] [Model][openRepository] Opened repository: /home/vir0id/Загрузки/repository/BackUpMenu
2024-09-04 17:51:36.889 [info] > git config --get commit.template [5ms]
2024-09-04 17:51:36.896 [info] > git rev-parse --show-toplevel [9ms]
2024-09-04 17:51:36.902 [info] > git for-each-ref --format=%(refname)%00%(upstream:short)%00%(objectname)%00%(upstream:track)%00%(upstream:remotename)%00%(upstream:remoteref) refs/heads/main refs/remotes/main [7ms]
2024-09-04 17:51:36.910 [info] > git rev-parse --git-dir --git-common-dir [8ms]
2024-09-04 17:51:36.917 [info] [Model][openRepository] Opened repository: /home/vir0id/Загрузки/repository/NeoCity
2024-09-04 17:51:36.933 [info] > git config --get commit.template [6ms]
2024-09-04 17:51:36.943 [info] > git rev-parse --show-toplevel [12ms]
2024-09-04 17:51:36.949 [info] > git status -z -uall [10ms]
2024-09-04 17:51:36.961 [info] > git for-each-ref --format=%(refname)%00%(upstream:short)%00%(objectname)%00%(upstream:track)%00%(upstream:remotename)%00%(upstream:remoteref) refs/heads/main refs/remotes/main [8ms]
2024-09-04 17:51:36.966 [info] > git rev-parse --show-toplevel [18ms]
2024-09-04 17:51:36.973 [info] > git config --local branch.main.vscode-merge-base [7ms]
2024-09-04 17:51:36.973 [warning] [Git][config] git config failed: Failed to execute git
2024-09-04 17:51:36.978 [info] > git config --get commit.template [18ms]
2024-09-04 17:51:36.978 [info] > git for-each-ref --format=%(refname)%00%(upstream:short)%00%(objectname)%00%(upstream:track)%00%(upstream:remotename)%00%(upstream:remoteref) refs/heads/main refs/remotes/main [36ms]
2024-09-04 17:51:36.980 [info] > git rev-parse --git-dir --git-common-dir [9ms]
2024-09-04 17:51:36.987 [info] [Model][openRepository] Opened repository: /home/vir0id/Загрузки/repository/garuda-bspwm-settings
2024-09-04 17:51:37.003 [info] > git rev-parse --show-toplevel [4ms]
2024-09-04 17:51:37.003 [info] fatal: not a git repository (or any parent up to mount point /home/vir0id)
Stopping at filesystem boundary (GIT_DISCOVERY_ACROSS_FILESYSTEM not set).
2024-09-04 17:51:37.003 [info] > git config --get commit.template [8ms]
2024-09-04 17:51:37.003 [info] > git for-each-ref --format=%(refname)%00%(upstream:short)%00%(objectname)%00%(upstream:track)%00%(upstream:remotename)%00%(upstream:remoteref) refs/heads/main refs/remotes/main [12ms]
2024-09-04 17:51:37.003 [info] > git reflog main --grep-reflog=branch: Created from *. [26ms]
2024-09-04 17:51:37.017 [info] > git symbolic-ref --short refs/remotes/origin/HEAD [10ms]
2024-09-04 17:51:37.017 [info] fatal: ref refs/remotes/origin/HEAD is not a symbolic ref
2024-09-04 17:51:37.025 [info] > git rev-parse --show-toplevel [9ms]
2024-09-04 17:51:37.025 [info] fatal: not a git repository (or any parent up to mount point /home/vir0id)
Stopping at filesystem boundary (GIT_DISCOVERY_ACROSS_FILESYSTEM not set).
2024-09-04 17:51:37.029 [info] > git merge-base refs/heads/main refs/remotes/origin/main [8ms]
2024-09-04 17:51:37.038 [info] > git rev-parse --show-toplevel [9ms]
2024-09-04 17:51:37.039 [info] > git for-each-ref --format=%(refname)%00%(upstream:short)%00%(objectname)%00%(upstream:track)%00%(upstream:remotename)%00%(upstream:remoteref) refs/heads/main refs/remotes/main [15ms]
2024-09-04 17:51:37.045 [info] > git status -z -uall [8ms]
2024-09-04 17:51:37.053 [info] > git rev-list --count --left-right refs/heads/main...refs/remotes/origin/main [20ms]
2024-09-04 17:51:37.122 [info] > git diff --name-status -z --diff-filter=ADMR 2ce9ff85c1b70ceb8b7a9c79c3568e982d461365...refs/remotes/origin/main [61ms]
2024-09-04 17:51:37.135 [info] > git for-each-ref --format=%(refname)%00%(upstream:short)%00%(objectname)%00%(upstream:track)%00%(upstream:remotename)%00%(upstream:remoteref) refs/heads/main refs/remotes/main [85ms]
2024-09-04 17:51:37.155 [info] > git rev-parse --git-dir --git-common-dir [111ms]
2024-09-04 17:51:37.263 [info] [Model][openRepository] Opened repository: /home/vir0id/Загрузки/repository/i3-skel
2024-09-04 17:51:37.305 [info] > git config --local branch.main.vscode-merge-base [150ms]
2024-09-04 17:51:37.305 [warning] [Git][config] git config failed: Failed to execute git
2024-09-04 17:51:37.366 [info] > git reflog main --grep-reflog=branch: Created from *. [25ms]
2024-09-04 17:51:37.420 [info] > git rev-parse --show-toplevel [115ms]
2024-09-04 17:51:37.420 [info] fatal: not a git repository (or any parent up to mount point /home/vir0id)
Stopping at filesystem boundary (GIT_DISCOVERY_ACROSS_FILESYSTEM not set).
2024-09-04 17:51:37.420 [info] > git config --get commit.template [130ms]
2024-09-04 17:51:37.643 [info] > git rev-parse --show-toplevel [102ms]
2024-09-04 17:51:37.644 [info] > git symbolic-ref --short refs/remotes/origin/HEAD [224ms]
2024-09-04 17:51:37.644 [info] fatal: ref refs/remotes/origin/HEAD is not a symbolic ref
2024-09-04 17:51:37.698 [info] > git rev-parse --git-dir --git-common-dir [2ms]
2024-09-04 17:51:37.739 [info] [Model][openRepository] Opened repository: /home/vir0id/Загрузки/repository/iso-profiles
2024-09-04 17:51:37.788 [info] > git for-each-ref --format=%(refname)%00%(upstream:short)%00%(objectname)%00%(upstream:track)%00%(upstream:remotename)%00%(upstream:remoteref) refs/heads/main refs/remotes/main [146ms]
2024-09-04 17:51:37.789 [info] > git config --get commit.template [12ms]
2024-09-04 17:51:37.792 [info] > git rev-parse --show-toplevel [5ms]
2024-09-04 17:51:37.814 [info] > git for-each-ref --format=%(refname)%00%(upstream:short)%00%(objectname)%00%(upstream:track)%00%(upstream:remotename)%00%(upstream:remoteref) refs/heads/main refs/remotes/main [10ms]
2024-09-04 17:51:37.814 [info] > git rev-parse --git-dir --git-common-dir [5ms]
2024-09-04 17:51:37.826 [info] [Model][openRepository] Opened repository: /home/vir0id/Загрузки/repository/lightdm-tty
2024-09-04 17:51:37.845 [info] > git config --get commit.template [9ms]
2024-09-04 17:51:37.857 [info] > git rev-parse --show-toplevel [13ms]
2024-09-04 17:51:37.874 [info] > git for-each-ref --format=%(refname)%00%(upstream:short)%00%(objectname)%00%(upstream:track)%00%(upstream:remotename)%00%(upstream:remoteref) refs/heads/main refs/remotes/main [17ms]
2024-09-04 17:51:37.874 [info] > git rev-parse --git-dir --git-common-dir [1ms]
2024-09-04 17:51:37.887 [info] [Model][openRepository] Opened repository: /home/vir0id/Загрузки/repository/packstraps
2024-09-04 17:51:37.907 [info] > git rev-parse --show-toplevel [7ms]
2024-09-04 17:51:37.907 [info] fatal: not a git repository (or any parent up to mount point /home/vir0id)
Stopping at filesystem boundary (GIT_DISCOVERY_ACROSS_FILESYSTEM not set).
2024-09-04 17:51:37.908 [info] > git config --get commit.template [14ms]
2024-09-04 17:51:37.930 [info] > git rev-parse --show-toplevel [13ms]
2024-09-04 17:51:37.938 [info] > git for-each-ref --format=%(refname)%00%(upstream:short)%00%(objectname)%00%(upstream:track)%00%(upstream:remotename)%00%(upstream:remoteref) refs/heads/main refs/remotes/main [10ms]
2024-09-04 17:51:37.949 [info] > git rev-parse --show-toplevel [13ms]
2024-09-04 17:51:37.955 [info] > git rev-parse --git-dir --git-common-dir [2ms]
2024-09-04 17:51:37.965 [info] [Model][openRepository] Opened repository: /home/vir0id/Загрузки/repository/vir-rofi-themes
2024-09-04 17:51:37.976 [info] > git status -z -uall [28ms]
2024-09-04 17:51:38.056 [info] > git status -z -uall [133ms]
2024-09-04 17:51:38.057 [info] > git for-each-ref --format=%(refname)%00%(upstream:short)%00%(objectname)%00%(upstream:track)%00%(upstream:remotename)%00%(upstream:remoteref) refs/heads/main refs/remotes/main [74ms]
2024-09-04 17:51:38.112 [info] > git rev-parse --show-toplevel [136ms]
2024-09-04 17:51:38.112 [info] fatal: not a git repository (or any parent up to mount point /home/vir0id)
Stopping at filesystem boundary (GIT_DISCOVERY_ACROSS_FILESYSTEM not set).
2024-09-04 17:51:38.112 [info] > git config --get commit.template [141ms]
2024-09-04 17:51:38.165 [info] > git for-each-ref --format=%(refname)%00%(upstream:short)%00%(objectname)%00%(upstream:track)%00%(upstream:remotename)%00%(upstream:remoteref) refs/heads/main refs/remotes/main [47ms]
2024-09-04 17:51:38.172 [info] > git config --local branch.main.vscode-merge-base [61ms]
2024-09-04 17:51:38.172 [warning] [Git][config] git config failed: Failed to execute git
2024-09-04 17:51:38.178 [info] > git config --get commit.template [123ms]
2024-09-04 17:51:38.187 [info] > git status -z -uall [1174ms]
2024-09-04 17:51:38.187 [info] > git config --local branch.main.vscode-merge-base [16ms]
2024-09-04 17:51:38.193 [info] > git config --get commit.template [29ms]
2024-09-04 17:51:38.193 [info] > git rev-parse --show-toplevel [39ms]
2024-09-04 17:51:38.224 [info] > git for-each-ref --format=%(refname)%00%(upstream:short)%00%(objectname)%00%(upstream:track)%00%(upstream:remotename)%00%(upstream:remoteref) refs/heads/main refs/remotes/main [25ms]
2024-09-04 17:51:38.232 [info] > git for-each-ref --format=%(refname)%00%(upstream:short)%00%(objectname)%00%(upstream:track)%00%(upstream:remotename)%00%(upstream:remoteref) refs/heads/origin/main refs/remotes/origin/main [39ms]
2024-09-04 17:51:38.240 [info] > git for-each-ref --format=%(refname)%00%(upstream:short)%00%(objectname)%00%(upstream:track)%00%(upstream:remotename)%00%(upstream:remoteref) refs/heads/main refs/remotes/main [54ms]
2024-09-04 17:51:38.240 [info] > git reflog main --grep-reflog=branch: Created from *. [62ms]
2024-09-04 17:51:38.267 [info] > git symbolic-ref --short refs/remotes/origin/HEAD [19ms]
2024-09-04 17:51:38.267 [info] fatal: ref refs/remotes/origin/HEAD is not a symbolic ref
2024-09-04 17:51:38.274 [info] > git merge-base refs/heads/main refs/remotes/origin/main [34ms]
2024-09-04 17:51:38.281 [info] > git config --local branch.main.vscode-merge-base [50ms]
2024-09-04 17:51:38.291 [info] > git config --get commit.template [68ms]
2024-09-04 17:51:38.291 [info] > git rev-parse --git-dir --git-common-dir [73ms]
2024-09-04 17:51:38.306 [info] [Model][openRepository] Opened repository: /home/vir0id/Загрузки/repository/virOS-calamares
2024-09-04 17:51:38.307 [info] > git for-each-ref --format=%(refname)%00%(upstream:short)%00%(objectname)%00%(upstream:track)%00%(upstream:remotename)%00%(upstream:remoteref) refs/heads/main refs/remotes/main [98ms]
2024-09-04 17:51:38.360 [info] > git for-each-ref --format=%(refname)%00%(upstream:short)%00%(objectname)%00%(upstream:track)%00%(upstream:remotename)%00%(upstream:remoteref) refs/heads/origin/main refs/remotes/origin/main [69ms]
2024-09-04 17:51:38.365 [info] > git rev-list --count --left-right refs/heads/main...refs/remotes/origin/main [84ms]
2024-09-04 17:51:38.370 [info] > git merge-base refs/heads/main refs/remotes/origin/main [96ms]
2024-09-04 17:51:38.374 [info] > git for-each-ref --format=%(refname)%00%(upstream:short)%00%(objectname)%00%(upstream:track)%00%(upstream:remotename)%00%(upstream:remoteref) refs/heads/main refs/remotes/main [107ms]
2024-09-04 17:51:38.380 [info] > git rev-list --count --left-right refs/heads/main...refs/remotes/origin/main [7ms]
2024-09-04 17:51:38.385 [info] > git diff --name-status -z --diff-filter=ADMR f4b898f30125c427604547e3ddf3adcb0a26e3ec...refs/remotes/origin/main [15ms]
2024-09-04 17:51:38.385 [info] > git merge-base refs/heads/main refs/remotes/origin/main [20ms]
2024-09-04 17:51:38.389 [info] > git rev-parse --show-toplevel [33ms]
2024-09-04 17:51:38.389 [info] > git config --get commit.template [38ms]
2024-09-04 17:51:38.399 [info] > git diff --name-status -z --diff-filter=ADMR a00496b6da94187b4de8e2b820f4eab2bfb0a5d6...refs/remotes/origin/main [14ms]
2024-09-04 17:51:38.400 [info] > git for-each-ref --format=%(refname)%00%(upstream:short)%00%(objectname)%00%(upstream:track)%00%(upstream:remotename)%00%(upstream:remoteref) refs/heads/main refs/remotes/main [21ms]
2024-09-04 17:51:38.418 [info] > git status -z -uall [23ms]
2024-09-04 17:51:38.418 [info] > git rev-parse --git-dir --git-common-dir [19ms]
2024-09-04 17:51:38.432 [info] [Model][openRepository] Opened repository: /home/vir0id/Загрузки/repository/virOS-calamares-branding-garuda
2024-09-04 17:51:38.449 [info] > git status -z -uall [32ms]
2024-09-04 17:51:38.449 [info] > git status -z -uall [11ms]
2024-09-04 17:51:38.454 [info] > git for-each-ref --format=%(refname)%00%(upstream:short)%00%(objectname)%00%(upstream:track)%00%(upstream:remotename)%00%(upstream:remoteref) refs/heads/calamares refs/remotes/calamares [49ms]
2024-09-04 17:51:38.454 [info] > git rev-list --count --left-right refs/heads/main...refs/remotes/origin/main [65ms]
2024-09-04 17:51:38.469 [info] > git status -z -uall [616ms]
2024-09-04 17:51:38.469 [info] > git for-each-ref --format=%(refname)%00%(upstream:short)%00%(objectname)%00%(upstream:track)%00%(upstream:remotename)%00%(upstream:remoteref) refs/heads/main refs/remotes/main [7ms]
2024-09-04 17:51:38.473 [info] > git diff --name-status -z --diff-filter=ADMR e9f91353a8a07fed4228a3fc98bb6c0f7ae512b4...refs/remotes/origin/main [15ms]
2024-09-04 17:51:38.473 [info] > git for-each-ref --format=%(refname)%00%(upstream:short)%00%(objectname)%00%(upstream:track)%00%(upstream:remotename)%00%(upstream:remoteref) refs/heads/main refs/remotes/main [20ms]
2024-09-04 17:51:38.477 [info] > git rev-parse --show-toplevel [28ms]
2024-09-04 17:51:38.477 [info] > git config --get commit.template [32ms]
2024-09-04 17:51:38.509 [info] > git for-each-ref --format=%(refname)%00%(upstream:short)%00%(objectname)%00%(upstream:track)%00%(upstream:remotename)%00%(upstream:remoteref) refs/heads/main refs/remotes/main [22ms]
2024-09-04 17:51:38.518 [info] > git for-each-ref --format=%(refname)%00%(upstream:short)%00%(objectname)%00%(upstream:track)%00%(upstream:remotename)%00%(upstream:remoteref) refs/heads/main refs/remotes/main [36ms]
2024-09-04 17:51:38.525 [info] > git config --local branch.main.vscode-merge-base [47ms]
2024-09-04 17:51:38.525 [warning] [Git][config] git config failed: Failed to execute git
2024-09-04 17:51:38.528 [info] > git config --local branch.main.vscode-merge-base [55ms]
2024-09-04 17:51:38.528 [warning] [Git][config] git config failed: Failed to execute git
2024-09-04 17:51:38.535 [info] > git config --get commit.template [67ms]
2024-09-04 17:51:38.544 [info] > git reflog main --grep-reflog=branch: Created from *. [16ms]
2024-09-04 17:51:38.555 [info] > git config --local branch.main.vscode-merge-base [30ms]
2024-09-04 17:51:38.561 [info] > git config --local branch.main.vscode-merge-base [43ms]
2024-09-04 17:51:38.562 [warning] [Git][config] git config failed: Failed to execute git
2024-09-04 17:51:38.567 [info] > git config --get commit.template [58ms]
2024-09-04 17:51:38.567 [info] > git rev-parse --git-dir --git-common-dir [67ms]
2024-09-04 17:51:38.578 [info] [Model][openRepository] Opened repository: /home/vir0id/Загрузки/repository/virOS-eww
2024-09-04 17:51:38.597 [info] > git reflog main --grep-reflog=branch: Created from *. [30ms]
2024-09-04 17:51:38.606 [info] > git for-each-ref --format=%(refname)%00%(upstream:short)%00%(objectname)%00%(upstream:track)%00%(upstream:remotename)%00%(upstream:remoteref) refs/heads/origin/main refs/remotes/origin/main [45ms]
2024-09-04 17:51:38.607 [info] > git symbolic-ref --short refs/remotes/origin/HEAD [52ms]
2024-09-04 17:51:38.607 [info] fatal: ref refs/remotes/origin/HEAD is not a symbolic ref
2024-09-04 17:51:38.607 [info] > git for-each-ref --format=%(refname)%00%(upstream:short)%00%(objectname)%00%(upstream:track)%00%(upstream:remotename)%00%(upstream:remoteref) refs/heads/main refs/remotes/main [65ms]
2024-09-04 17:51:38.607 [info] > git reflog main --grep-reflog=branch: Created from *. [73ms]
2024-09-04 17:51:38.636 [info] > git symbolic-ref --short refs/remotes/origin/HEAD [30ms]
2024-09-04 17:51:38.636 [info] fatal: ref refs/remotes/origin/HEAD is not a symbolic ref
2024-09-04 17:51:38.641 [info] > git rev-parse --show-toplevel [45ms]
2024-09-04 17:51:38.641 [info] > git config --get commit.template [49ms]
2024-09-04 17:51:38.641 [info] > git for-each-ref --format=%(refname)%00%(upstream:short)%00%(objectname)%00%(upstream:track)%00%(upstream:remotename)%00%(upstream:remoteref) refs/heads/main refs/remotes/main [52ms]
2024-09-04 17:51:38.648 [info] > git merge-base refs/heads/main refs/remotes/origin/main [8ms]
2024-09-04 17:51:38.652 [info] > git for-each-ref --format=%(refname)%00%(upstream:short)%00%(objectname)%00%(upstream:track)%00%(upstream:remotename)%00%(upstream:remoteref) refs/heads/main refs/remotes/main [17ms]
2024-09-04 17:51:38.652 [info] > git symbolic-ref --short refs/remotes/origin/HEAD [22ms]
2024-09-04 17:51:38.652 [info] fatal: ref refs/remotes/origin/HEAD is not a symbolic ref
2024-09-04 17:51:38.663 [info] > git rev-list --count --left-right refs/heads/main...refs/remotes/origin/main [11ms]
2024-09-04 17:51:38.667 [info] > git rev-parse --git-dir --git-common-dir [20ms]
2024-09-04 17:51:38.674 [info] [Model][openRepository] Opened repository: /home/vir0id/Загрузки/repository/virOS-fonts
2024-09-04 17:51:38.686 [info] > git status -z -uall [873ms]
2024-09-04 17:51:38.687 [info] > git diff --name-status -z --diff-filter=ADMR 428d4ad2bbe45a09ca4b302aeb2c40197e194194...refs/remotes/origin/main [20ms]
2024-09-04 17:51:38.693 [info] > git merge-base refs/heads/main refs/remotes/origin/main [36ms]
2024-09-04 17:51:38.709 [info] > git status -z -uall [6ms]
2024-09-04 17:51:38.709 [info] > git rev-list --count --left-right refs/heads/main...refs/remotes/origin/main [12ms]
2024-09-04 17:51:38.713 [info] > git for-each-ref --format=%(refname)%00%(upstream:short)%00%(objectname)%00%(upstream:track)%00%(upstream:remotename)%00%(upstream:remoteref) refs/heads/main refs/remotes/main [22ms]
2024-09-04 17:51:38.717 [info] > git rev-parse --show-toplevel [30ms]
2024-09-04 17:51:38.717 [info] fatal: not a git repository (or any parent up to mount point /home/vir0id)
Stopping at filesystem boundary (GIT_DISCOVERY_ACROSS_FILESYSTEM not set).
2024-09-04 17:51:38.717 [info] > git config --get commit.template [35ms]
2024-09-04 17:51:38.717 [info] > git for-each-ref --format=%(refname)%00%(upstream:short)%00%(objectname)%00%(upstream:track)%00%(upstream:remotename)%00%(upstream:remoteref) refs/heads/main refs/remotes/main [55ms]
2024-09-04 17:51:38.725 [info] > git config --local branch.main.vscode-merge-base [9ms]
2024-09-04 17:51:38.725 [warning] [Git][config] git config failed: Failed to execute git
2024-09-04 17:51:38.729 [info] > git diff --name-status -z --diff-filter=ADMR b36d33f68591f14b5766870db5be80bdbceef28c...refs/remotes/origin/main [17ms]
2024-09-04 17:51:38.729 [info] > git config --get commit.template [23ms]
2024-09-04 17:51:38.735 [info] > git fetch [1857ms]
2024-09-04 17:51:38.735 [info] Missing or invalid credentials.
Skip silent fetch commands
git@github.com: Permission denied (publickey).
fatal: Could not read from remote repository.

Please make sure you have the correct access rights
and the repository exists.
2024-09-04 17:51:38.743 [info] > git for-each-ref --format=%(refname)%00%(upstream:short)%00%(objectname)%00%(upstream:track)%00%(upstream:remotename)%00%(upstream:remoteref) refs/heads/main refs/remotes/main [9ms]
2024-09-04 17:51:38.747 [info] > git rev-parse --show-toplevel [22ms]
2024-09-04 17:51:38.747 [info] fatal: not a git repository (or any parent up to mount point /home/vir0id)
Stopping at filesystem boundary (GIT_DISCOVERY_ACROSS_FILESYSTEM not set).
2024-09-04 17:51:38.747 [info] [Model][doInitialScan] Initial repository scan completed - repositories (12), closed repositories (3), parent repositories (0), unsafe repositories (0)
2024-09-04 17:51:38.757 [info] > git status -z -uall [36ms]
2024-09-04 17:51:38.757 [info] > git config --local branch.main.vscode-merge-base [10ms]
2024-09-04 17:51:38.757 [warning] [Git][config] git config failed: Failed to execute git
2024-09-04 17:51:38.761 [info] > git config --get commit.template [19ms]
2024-09-04 17:51:38.762 [info] > git for-each-ref --format=%(refname)%00%(upstream:short)%00%(objectname)%00%(upstream:track)%00%(upstream:remotename)%00%(upstream:remoteref) refs/heads/main refs/remotes/main [23ms]
2024-09-04 17:51:38.773 [info] > git status -z -uall [280ms]
2024-09-04 17:51:38.773 [info] > git status -z -uall [95ms]
2024-09-04 17:51:38.773 [info] > git reflog main --grep-reflog=branch: Created from *. [12ms]
2024-09-04 17:51:38.777 [info] > git rev-parse --show-toplevel [21ms]
2024-09-04 17:51:38.777 [info] fatal: not a git repository (or any parent up to mount point /)
Stopping at filesystem boundary (GIT_DISCOVERY_ACROSS_FILESYSTEM not set).
2024-09-04 17:51:38.777 [info] > git for-each-ref --format=%(refname)%00%(upstream:short)%00%(objectname)%00%(upstream:track)%00%(upstream:remotename)%00%(upstream:remoteref) refs/heads/main refs/remotes/main [25ms]
2024-09-04 17:51:38.777 [info] > git reflog main --grep-reflog=branch: Created from *. [48ms]
2024-09-04 17:51:38.788 [info] > git symbolic-ref --short refs/remotes/origin/HEAD [12ms]
2024-09-04 17:51:38.788 [info] fatal: ref refs/remotes/origin/HEAD is not a symbolic ref
2024-09-04 17:51:38.799 [info] > git for-each-ref --format=%(refname)%00%(upstream:short)%00%(objectname)%00%(upstream:track)%00%(upstream:remotename)%00%(upstream:remoteref) refs/heads/main refs/remotes/main [33ms]
2024-09-04 17:51:38.807 [info] > git for-each-ref --format=%(refname)%00%(upstream:short)%00%(objectname)%00%(upstream:track)%00%(upstream:remotename)%00%(upstream:remoteref) refs/heads/main refs/remotes/main [10ms]
2024-09-04 17:51:38.811 [info] > git for-each-ref --format=%(refname)%00%(upstream:short)%00%(objectname)%00%(upstream:track)%00%(upstream:remotename)%00%(upstream:remoteref) refs/heads/main refs/remotes/main [19ms]
2024-09-04 17:51:38.815 [info] > git rev-parse --show-toplevel [26ms]
2024-09-04 17:51:38.815 [info] fatal: not a git repository (or any parent up to mount point /home/vir0id)
Stopping at filesystem boundary (GIT_DISCOVERY_ACROSS_FILESYSTEM not set).
2024-09-04 17:51:38.815 [info] > git for-each-ref --format=%(refname)%00%(upstream:short)%00%(objectname)%00%(upstream:track)%00%(upstream:remotename)%00%(upstream:remoteref) refs/heads/main refs/remotes/main [31ms]
2024-09-04 17:51:38.815 [info] > git symbolic-ref --short refs/remotes/origin/HEAD [35ms]
2024-09-04 17:51:38.815 [info] fatal: ref refs/remotes/origin/HEAD is not a symbolic ref
