=== i3 AUTOSTART LOG ===
9:30 EEST] Starting udiskie
Configuration already done. Exiting...
[$(date)] Setting X11 env vars
[Ср 21 мая 2025 15:59:30 EEST] Starting DBus
Скрипт уже выполнен.
[Ср 21 мая 2025 15:59:30 EEST] Setting wallpaper
[Ср 21 мая 2025 15:59:30 EEST] Loading Xresources
[Ср 21 мая 2025 15:59:30 EEST] Applying theme
[Ср 21 мая 2025 15:59:30 EEST] Waiting for i3 socket
[Ср 21 мая 2025 15:59:30 EEST] Starting keyring
[Ср 21 мая 2025 15:59:30 EEST] Starting autotiling
[Ср 21 мая 2025 15:59:30 EEST] Starting screen locker
[Ср 21 мая 2025 15:59:30 EEST] Starting polybar
gnome-keyring-daemon: no process capabilities, insecure memory might get used
discover_other_daemon: 1GNOME_KEYRING_CONTROL=/run/user/1000/keyring
[ 21.05.2025 15:59:30.788 set_animation ERROR ] Invalid trigger defined at line 77
[ 21.05.2025 15:59:30.788 set_animation ERROR ] Invalid trigger defined at line 86
[ 21.05.2025 15:59:30.788 parse_animation_one ERROR ] Failed to parse animation script at line 102: Invalid variable "blur-background", it must be either a number, a string, or a config group defining a transition.
[ 21.05.2025 15:59:30.788 parse_animation_one ERROR ] Failed to parse animation script at line 112: Invalid variable "blur-background", it must be either a number, a string, or a config group defining a transition.
[ 21.05.2025 15:59:30.788 parse_animation_one ERROR ] Failed to parse animation script at line 122: Invalid variable "blur-background", it must be either a number, a string, or a config group defining a transition.
[ 21.05.2025 15:59:30.788 set_animation ERROR ] Invalid trigger defined at line 239
[ 21.05.2025 15:59:30.788 set_animation ERROR ] Invalid trigger defined at line 248
[ 21.05.2025 15:59:30.788 set_animation ERROR ] Invalid trigger defined at line 341
[ 21.05.2025 15:59:30.788 set_animation ERROR ] Invalid trigger defined at line 388
gtk-update-icon-cache: No theme index file.
GDBus.Error:org.freedesktop.DBus.Error.NameHasNoOwner: Could not activate remote peer 'org.freedesktop.Notifications': unit failed
gtk-update-icon-cache: Failed to open file /usr/share/icons/Adwaita/.icon-theme.cache : Отказано в доступе
Traceback (most recent call last):
  File "/usr/bin/musnify-mpd", line 236, in <module>
    musnify.start()
    ~~~~~~~~~~~~~^^
  File "/usr/bin/musnify-mpd", line 175, in start
    self.nw.notifyStatus(status)
    ~~~~~~~~~~~~~~~~~~~~^^^^^^^^
  File "/usr/bin/musnify-mpd", line 97, in notifyStatus
    self.notification.show()
    ~~~~~~~~~~~~~~~~~~~~~~^^
gi.repository.GLib.GError: g-dbus-error-quark: GDBus.Error:org.freedesktop.DBus.Error.NameHasNoOwner: Could not activate remote peer 'org.freedesktop.Notifications': unit failed (3)
[ 21.05.2025 15:59:31.949 set_animation ERROR ] Invalid trigger defined at line 77
[ 21.05.2025 15:59:31.949 set_animation ERROR ] Invalid trigger defined at line 86
[ 21.05.2025 15:59:31.949 parse_animation_one ERROR ] Failed to parse animation script at line 102: Invalid variable "blur-background", it must be either a number, a string, or a config group defining a transition.
[ 21.05.2025 15:59:31.949 parse_animation_one ERROR ] Failed to parse animation script at line 112: Invalid variable "blur-background", it must be either a number, a string, or a config group defining a transition.
[ 21.05.2025 15:59:31.949 parse_animation_one ERROR ] Failed to parse animation script at line 122: Invalid variable "blur-background", it must be either a number, a string, or a config group defining a transition.
[ 21.05.2025 15:59:31.949 set_animation ERROR ] Invalid trigger defined at line 239
[ 21.05.2025 15:59:31.949 set_animation ERROR ] Invalid trigger defined at line 248
[ 21.05.2025 15:59:31.949 set_animation ERROR ] Invalid trigger defined at line 341
[ 21.05.2025 15:59:31.949 set_animation ERROR ] Invalid trigger defined at line 388

(xfce4-power-manager:1236): xfce4-power-manager-WARNING **: 15:59:32.441: Unable to connect to session manager : Не удалось подключиться к менеджеру сеансов: networkIdsList argument is NULL
[W][15:59:32.611215] pw.conf      | [          conf.c: 1204 pw_conf_load_conf_for_context()] setting config.name to client-rt.conf is deprecated, using client.conf
[ 21.05.2025 16:40:00.021 sgi_video_sync_scheduler_callback WARN ] Duplicate vblank event found with msc 399812. Possible NVIDIA bug? Number of duplicates so far: 0
Snapshotting in...☺
