2024-08-26 17:37:39.959 [info] [main] Log level: Info
2024-08-26 17:37:39.959 [info] [main] Validating found git in: "git"
2024-08-26 17:37:39.959 [info] [main] Using git "2.46.0" from "git"
2024-08-26 17:37:39.959 [info] [Model][doInitialScan] Initial repository scan started
2024-08-26 17:37:39.959 [info] > git rev-parse --show-toplevel [3ms]
2024-08-26 17:37:39.959 [info] fatal: not a git repository (or any parent up to mount point /)
Stopping at filesystem boundary (GIT_DISCOVERY_ACROSS_FILESYSTEM not set).
2024-08-26 17:37:39.960 [info] > git rev-parse --show-toplevel [3ms]
2024-08-26 17:37:39.960 [info] fatal: not a git repository (or any parent up to mount point /home/vir0id)
Stopping at filesystem boundary (GIT_DISCOVERY_ACROSS_FILESYSTEM not set).
2024-08-26 17:37:39.970 [info] > git rev-parse --show-toplevel [5ms]
2024-08-26 17:37:39.970 [info] fatal: not a git repository (or any parent up to mount point /)
Stopping at filesystem boundary (GIT_DISCOVERY_ACROSS_FILESYSTEM not set).
2024-08-26 17:37:39.981 [info] > git rev-parse --show-toplevel [2ms]
2024-08-26 17:37:39.981 [info] fatal: not a git repository (or any parent up to mount point /)
Stopping at filesystem boundary (GIT_DISCOVERY_ACROSS_FILESYSTEM not set).
2024-08-26 17:37:39.992 [info] > git rev-parse --show-toplevel [4ms]
2024-08-26 17:37:39.992 [info] fatal: not a git repository (or any parent up to mount point /)
Stopping at filesystem boundary (GIT_DISCOVERY_ACROSS_FILESYSTEM not set).
2024-08-26 17:37:40.001 [info] > git rev-parse --show-toplevel [2ms]
2024-08-26 17:37:40.001 [info] fatal: not a git repository (or any parent up to mount point /)
Stopping at filesystem boundary (GIT_DISCOVERY_ACROSS_FILESYSTEM not set).
2024-08-26 17:37:40.007 [info] > git rev-parse --show-toplevel [2ms]
2024-08-26 17:37:40.007 [info] fatal: not a git repository (or any parent up to mount point /)
Stopping at filesystem boundary (GIT_DISCOVERY_ACROSS_FILESYSTEM not set).
2024-08-26 17:37:40.019 [info] > git rev-parse --show-toplevel [7ms]
2024-08-26 17:37:40.019 [info] fatal: not a git repository (or any parent up to mount point /)
Stopping at filesystem boundary (GIT_DISCOVERY_ACROSS_FILESYSTEM not set).
2024-08-26 17:37:40.032 [info] > git rev-parse --show-toplevel [5ms]
2024-08-26 17:37:40.032 [info] fatal: not a git repository (or any parent up to mount point /)
Stopping at filesystem boundary (GIT_DISCOVERY_ACROSS_FILESYSTEM not set).
2024-08-26 17:37:40.052 [info] > git rev-parse --show-toplevel [3ms]
2024-08-26 17:37:40.052 [info] fatal: not a git repository (or any parent up to mount point /home/vir0id)
Stopping at filesystem boundary (GIT_DISCOVERY_ACROSS_FILESYSTEM not set).
2024-08-26 17:37:40.061 [info] > git rev-parse --show-toplevel [5ms]
2024-08-26 17:37:40.068 [info] > git rev-parse --git-dir --git-common-dir [2ms]
2024-08-26 17:37:40.082 [info] [Model][openRepository] Opened repository: /home/vir0id/Загрузки/repository/BackUpMenu
2024-08-26 17:37:40.096 [info] > git config --get commit.template [7ms]
2024-08-26 17:37:40.097 [info] > git rev-parse --show-toplevel [4ms]
2024-08-26 17:37:40.108 [info] > git for-each-ref --format=%(refname)%00%(upstream:short)%00%(objectname)%00%(upstream:track)%00%(upstream:remotename)%00%(upstream:remoteref) refs/heads/main refs/remotes/main [5ms]
2024-08-26 17:37:40.110 [info] > git rev-parse --git-dir --git-common-dir [3ms]
2024-08-26 17:37:40.120 [info] [Model][openRepository] Opened repository: /home/vir0id/Загрузки/repository/NeoCity
2024-08-26 17:37:40.129 [info] > git config --get commit.template [4ms]
2024-08-26 17:37:40.138 [info] > git rev-parse --show-toplevel [10ms]
2024-08-26 17:37:40.140 [info] > git status -z -uall [7ms]
2024-08-26 17:37:40.155 [info] > git for-each-ref --format=%(refname)%00%(upstream:short)%00%(objectname)%00%(upstream:track)%00%(upstream:remotename)%00%(upstream:remoteref) refs/heads/main refs/remotes/main [10ms]
2024-08-26 17:37:40.160 [info] > git config --get commit.template [6ms]
2024-08-26 17:37:40.160 [info] > git rev-parse --show-toplevel [9ms]
2024-08-26 17:37:40.160 [info] > git for-each-ref --format=%(refname)%00%(upstream:short)%00%(objectname)%00%(upstream:track)%00%(upstream:remotename)%00%(upstream:remoteref) refs/heads/main refs/remotes/main [23ms]
2024-08-26 17:37:40.165 [info] > git config --local branch.main.vscode-merge-base [6ms]
2024-08-26 17:37:40.165 [warning] [Git][config] git config failed: Failed to execute git
2024-08-26 17:37:40.172 [info] > git rev-parse --git-dir --git-common-dir [8ms]
2024-08-26 17:37:40.178 [info] [Model][openRepository] Opened repository: /home/vir0id/Загрузки/repository/garuda-bspwm-settings
2024-08-26 17:37:40.189 [info] > git for-each-ref --format=%(refname)%00%(upstream:short)%00%(objectname)%00%(upstream:track)%00%(upstream:remotename)%00%(upstream:remoteref) refs/heads/main refs/remotes/main [17ms]
2024-08-26 17:37:40.189 [info] > git reflog main --grep-reflog=branch: Created from *. [21ms]
2024-08-26 17:37:40.196 [info] > git rev-parse --show-toplevel [8ms]
2024-08-26 17:37:40.196 [info] fatal: not a git repository (or any parent up to mount point /home/vir0id)
Stopping at filesystem boundary (GIT_DISCOVERY_ACROSS_FILESYSTEM not set).
2024-08-26 17:37:40.196 [info] > git config --get commit.template [11ms]
2024-08-26 17:37:40.200 [info] > git symbolic-ref --short refs/remotes/origin/HEAD [8ms]
2024-08-26 17:37:40.200 [info] fatal: ref refs/remotes/origin/HEAD is not a symbolic ref
2024-08-26 17:37:40.208 [info] > git rev-parse --show-toplevel [8ms]
2024-08-26 17:37:40.208 [info] fatal: not a git repository (or any parent up to mount point /home/vir0id)
Stopping at filesystem boundary (GIT_DISCOVERY_ACROSS_FILESYSTEM not set).
2024-08-26 17:37:40.218 [info] > git merge-base refs/heads/main refs/remotes/origin/main [13ms]
2024-08-26 17:37:40.222 [info] > git status -z -uall [8ms]
2024-08-26 17:37:40.228 [info] > git for-each-ref --format=%(refname)%00%(upstream:short)%00%(objectname)%00%(upstream:track)%00%(upstream:remotename)%00%(upstream:remoteref) refs/heads/main refs/remotes/main [20ms]
2024-08-26 17:37:40.229 [info] > git for-each-ref --format=%(refname)%00%(upstream:short)%00%(objectname)%00%(upstream:track)%00%(upstream:remotename)%00%(upstream:remoteref) refs/heads/main refs/remotes/main [3ms]
2024-08-26 17:37:40.233 [info] > git rev-parse --show-toplevel [16ms]
2024-08-26 17:37:40.233 [info] > git rev-list --count --left-right refs/heads/main...refs/remotes/origin/main [12ms]
2024-08-26 17:37:40.242 [info] > git config --local branch.main.vscode-merge-base [9ms]
2024-08-26 17:37:40.242 [warning] [Git][config] git config failed: Failed to execute git
2024-08-26 17:37:40.250 [info] > git reflog main --grep-reflog=branch: Created from *. [3ms]
2024-08-26 17:37:40.254 [info] > git rev-parse --git-dir --git-common-dir [13ms]
2024-08-26 17:37:40.264 [info] [Model][openRepository] Opened repository: /home/vir0id/Загрузки/repository/i3-skel
2024-08-26 17:37:40.265 [info] > git diff --name-status -z --diff-filter=ADMR 2ce9ff85c1b70ceb8b7a9c79c3568e982d461365...refs/remotes/origin/main [27ms]
2024-08-26 17:37:40.307 [info] > git symbolic-ref --short refs/remotes/origin/HEAD [53ms]
2024-08-26 17:37:40.307 [info] fatal: ref refs/remotes/origin/HEAD is not a symbolic ref
2024-08-26 17:37:40.310 [info] > git rev-parse --show-toplevel [6ms]
2024-08-26 17:37:40.310 [info] fatal: not a git repository (or any parent up to mount point /home/vir0id)
Stopping at filesystem boundary (GIT_DISCOVERY_ACROSS_FILESYSTEM not set).
2024-08-26 17:37:40.311 [info] > git config --get commit.template [12ms]
2024-08-26 17:37:40.326 [info] > git rev-parse --show-toplevel [10ms]
2024-08-26 17:37:40.336 [info] > git rev-parse --git-dir --git-common-dir [3ms]
2024-08-26 17:37:40.347 [info] [Model][openRepository] Opened repository: /home/vir0id/Загрузки/repository/iso-profiles
2024-08-26 17:37:40.356 [info] > git for-each-ref --format=%(refname)%00%(upstream:short)%00%(objectname)%00%(upstream:track)%00%(upstream:remotename)%00%(upstream:remoteref) refs/heads/main refs/remotes/main [34ms]
2024-08-26 17:37:40.358 [info] > git config --get commit.template [6ms]
2024-08-26 17:37:40.368 [info] > git rev-parse --show-toplevel [12ms]
2024-08-26 17:37:40.374 [info] > git for-each-ref --format=%(refname)%00%(upstream:short)%00%(objectname)%00%(upstream:track)%00%(upstream:remotename)%00%(upstream:remoteref) refs/heads/main refs/remotes/main [12ms]
2024-08-26 17:37:40.376 [info] > git rev-parse --git-dir --git-common-dir [2ms]
2024-08-26 17:37:40.387 [info] [Model][openRepository] Opened repository: /home/vir0id/Загрузки/repository/lightdm-tty
2024-08-26 17:37:40.400 [info] > git config --get commit.template [5ms]
2024-08-26 17:37:40.422 [info] > git for-each-ref --format=%(refname)%00%(upstream:short)%00%(objectname)%00%(upstream:track)%00%(upstream:remotename)%00%(upstream:remoteref) refs/heads/main refs/remotes/main [10ms]
2024-08-26 17:37:40.423 [info] > git rev-parse --show-toplevel [24ms]
2024-08-26 17:37:40.434 [info] > git rev-parse --git-dir --git-common-dir [2ms]
2024-08-26 17:37:40.445 [info] [Model][openRepository] Opened repository: /home/vir0id/Загрузки/repository/packstraps
2024-08-26 17:37:40.457 [info] > git rev-parse --show-toplevel [1ms]
2024-08-26 17:37:40.457 [info] fatal: not a git repository (or any parent up to mount point /home/vir0id)
Stopping at filesystem boundary (GIT_DISCOVERY_ACROSS_FILESYSTEM not set).
2024-08-26 17:37:40.458 [info] > git config --get commit.template [6ms]
2024-08-26 17:37:40.468 [info] > git rev-parse --show-toplevel [5ms]
2024-08-26 17:37:40.487 [info] > git rev-parse --show-toplevel [14ms]
2024-08-26 17:37:40.493 [info] > git rev-parse --git-dir --git-common-dir [2ms]
2024-08-26 17:37:40.503 [info] [Model][openRepository] Opened repository: /home/vir0id/Загрузки/repository/vir-rofi-themes
2024-08-26 17:37:40.514 [info] > git status -z -uall [86ms]
2024-08-26 17:37:40.514 [info] > git for-each-ref --format=%(refname)%00%(upstream:short)%00%(objectname)%00%(upstream:track)%00%(upstream:remotename)%00%(upstream:remoteref) refs/heads/main refs/remotes/main [47ms]
2024-08-26 17:37:40.531 [info] > git for-each-ref --format=%(refname)%00%(upstream:short)%00%(objectname)%00%(upstream:track)%00%(upstream:remotename)%00%(upstream:remoteref) refs/heads/main refs/remotes/main [11ms]
2024-08-26 17:37:40.536 [info] > git rev-parse --show-toplevel [23ms]
2024-08-26 17:37:40.536 [info] fatal: not a git repository (or any parent up to mount point /home/vir0id)
Stopping at filesystem boundary (GIT_DISCOVERY_ACROSS_FILESYSTEM not set).
2024-08-26 17:37:40.536 [info] > git config --get commit.template [27ms]
2024-08-26 17:37:40.542 [info] > git config --local branch.main.vscode-merge-base [7ms]
2024-08-26 17:37:40.546 [info] > git config --get commit.template [16ms]
2024-08-26 17:37:40.562 [info] > git rev-parse --show-toplevel [21ms]
2024-08-26 17:37:40.562 [info] > git for-each-ref --format=%(refname)%00%(upstream:short)%00%(objectname)%00%(upstream:track)%00%(upstream:remotename)%00%(upstream:remoteref) refs/heads/origin/main refs/remotes/origin/main [16ms]
2024-08-26 17:37:40.579 [info] > git for-each-ref --format=%(refname)%00%(upstream:short)%00%(objectname)%00%(upstream:track)%00%(upstream:remotename)%00%(upstream:remoteref) refs/heads/main refs/remotes/main [22ms]
2024-08-26 17:37:40.580 [info] > git for-each-ref --format=%(refname)%00%(upstream:short)%00%(objectname)%00%(upstream:track)%00%(upstream:remotename)%00%(upstream:remoteref) refs/heads/main refs/remotes/main [28ms]
2024-08-26 17:37:40.581 [info] > git status -z -uall [20ms]
2024-08-26 17:37:40.581 [info] > git rev-parse --git-dir --git-common-dir [10ms]
2024-08-26 17:37:40.589 [info] [Model][openRepository] Opened repository: /home/vir0id/Загрузки/repository/virOS-calamares
2024-08-26 17:37:40.599 [info] > git merge-base refs/heads/main refs/remotes/origin/main [32ms]
2024-08-26 17:37:40.619 [info] > git for-each-ref --format=%(refname)%00%(upstream:short)%00%(objectname)%00%(upstream:track)%00%(upstream:remotename)%00%(upstream:remoteref) refs/heads/main refs/remotes/main [23ms]
2024-08-26 17:37:40.648 [info] > git config --local branch.main.vscode-merge-base [23ms]
2024-08-26 17:37:40.648 [warning] [Git][config] git config failed: Failed to execute git
2024-08-26 17:37:40.652 [info] > git config --get commit.template [34ms]
2024-08-26 17:37:40.653 [info] > git rev-parse --show-toplevel [40ms]
2024-08-26 17:37:40.653 [info] > git config --get commit.template [45ms]
2024-08-26 17:37:40.653 [info] > git rev-list --count --left-right refs/heads/main...refs/remotes/origin/main [49ms]
2024-08-26 17:37:40.673 [info] > git status -z -uall [9ms]
2024-08-26 17:37:40.674 [info] > git diff --name-status -z --diff-filter=ADMR f4b898f30125c427604547e3ddf3adcb0a26e3ec...refs/remotes/origin/main [15ms]
2024-08-26 17:37:40.686 [info] > git status -z -uall [18ms]
2024-08-26 17:37:40.686 [info] > git rev-parse --git-dir --git-common-dir [13ms]
2024-08-26 17:37:40.696 [info] [Model][openRepository] Opened repository: /home/vir0id/Загрузки/repository/virOS-calamares-branding-garuda
2024-08-26 17:37:40.713 [info] > git reflog main --grep-reflog=branch: Created from *. [61ms]
2024-08-26 17:37:40.735 [info] > git symbolic-ref --short refs/remotes/origin/HEAD [18ms]
2024-08-26 17:37:40.735 [info] fatal: ref refs/remotes/origin/HEAD is not a symbolic ref
2024-08-26 17:37:40.740 [info] > git for-each-ref --format=%(refname)%00%(upstream:short)%00%(objectname)%00%(upstream:track)%00%(upstream:remotename)%00%(upstream:remoteref) refs/heads/main refs/remotes/main [29ms]
2024-08-26 17:37:40.745 [info] > git for-each-ref --format=%(refname)%00%(upstream:short)%00%(objectname)%00%(upstream:track)%00%(upstream:remotename)%00%(upstream:remoteref) refs/heads/main refs/remotes/main [43ms]
2024-08-26 17:37:40.750 [info] > git for-each-ref --format=%(refname)%00%(upstream:short)%00%(objectname)%00%(upstream:track)%00%(upstream:remotename)%00%(upstream:remoteref) refs/heads/main refs/remotes/main [64ms]
2024-08-26 17:37:40.750 [info] > git for-each-ref --format=%(refname)%00%(upstream:short)%00%(objectname)%00%(upstream:track)%00%(upstream:remotename)%00%(upstream:remoteref) refs/heads/calamares refs/remotes/calamares [69ms]
2024-08-26 17:37:40.759 [info] > git config --local branch.main.vscode-merge-base [10ms]
2024-08-26 17:37:40.759 [warning] [Git][config] git config failed: Failed to execute git
2024-08-26 17:37:40.764 [info] > git config --local branch.main.vscode-merge-base [20ms]
2024-08-26 17:37:40.769 [info] > git merge-base refs/heads/main refs/remotes/origin/main [30ms]
2024-08-26 17:37:40.774 [info] > git config --get commit.template [41ms]
2024-08-26 17:37:40.774 [info] > git rev-parse --show-toplevel [45ms]
2024-08-26 17:37:40.774 [info] > git config --get commit.template [50ms]
2024-08-26 17:37:40.781 [info] > git rev-list --count --left-right refs/heads/main...refs/remotes/origin/main [8ms]
2024-08-26 17:37:40.786 [info] > git for-each-ref --format=%(refname)%00%(upstream:short)%00%(objectname)%00%(upstream:track)%00%(upstream:remotename)%00%(upstream:remoteref) refs/heads/origin/main refs/remotes/origin/main [17ms]
2024-08-26 17:37:40.786 [info] > git reflog main --grep-reflog=branch: Created from *. [22ms]
2024-08-26 17:37:40.800 [info] > git status -z -uall [605ms]
2024-08-26 17:37:40.800 [info] > git status -z -uall [394ms]
2024-08-26 17:37:40.801 [info] > git diff --name-status -z --diff-filter=ADMR a00496b6da94187b4de8e2b820f4eab2bfb0a5d6...refs/remotes/origin/main [16ms]
2024-08-26 17:37:40.801 [info] > git rev-parse --git-dir --git-common-dir [21ms]
2024-08-26 17:37:40.811 [info] [Model][openRepository] Opened repository: /home/vir0id/Загрузки/repository/virOS-eww
2024-08-26 17:37:40.859 [info] > git status -z -uall [23ms]
2024-08-26 17:37:40.859 [info] > git for-each-ref --format=%(refname)%00%(upstream:short)%00%(objectname)%00%(upstream:track)%00%(upstream:remotename)%00%(upstream:remoteref) refs/heads/main refs/remotes/main [33ms]
2024-08-26 17:37:40.864 [info] > git for-each-ref --format=%(refname)%00%(upstream:short)%00%(objectname)%00%(upstream:track)%00%(upstream:remotename)%00%(upstream:remoteref) refs/heads/main refs/remotes/main [47ms]
2024-08-26 17:37:40.869 [info] > git for-each-ref --format=%(refname)%00%(upstream:short)%00%(objectname)%00%(upstream:track)%00%(upstream:remotename)%00%(upstream:remoteref) refs/heads/main refs/remotes/main [69ms]
2024-08-26 17:37:40.869 [info] > git for-each-ref --format=%(refname)%00%(upstream:short)%00%(objectname)%00%(upstream:track)%00%(upstream:remotename)%00%(upstream:remoteref) refs/heads/main refs/remotes/main [74ms]
2024-08-26 17:37:40.869 [info] > git symbolic-ref --short refs/remotes/origin/HEAD [79ms]
2024-08-26 17:37:40.869 [info] fatal: ref refs/remotes/origin/HEAD is not a symbolic ref
2024-08-26 17:37:40.882 [info] > git merge-base refs/heads/main refs/remotes/origin/main [9ms]
2024-08-26 17:37:40.887 [info] > git config --local branch.main.vscode-merge-base [19ms]
2024-08-26 17:37:40.887 [warning] [Git][config] git config failed: Failed to execute git
2024-08-26 17:37:40.892 [info] > git config --local branch.main.vscode-merge-base [28ms]
2024-08-26 17:37:40.897 [info] > git config --get commit.template [40ms]
2024-08-26 17:37:40.897 [info] > git config --get commit.template [44ms]
2024-08-26 17:37:40.897 [info] > git rev-parse --show-toplevel [48ms]
2024-08-26 17:37:40.897 [info] > git config --get commit.template [52ms]
2024-08-26 17:37:40.912 [info] > git for-each-ref --format=%(refname)%00%(upstream:short)%00%(objectname)%00%(upstream:track)%00%(upstream:remotename)%00%(upstream:remoteref) refs/heads/main refs/remotes/main [10ms]
2024-08-26 17:37:40.917 [info] > git for-each-ref --format=%(refname)%00%(upstream:short)%00%(objectname)%00%(upstream:track)%00%(upstream:remotename)%00%(upstream:remoteref) refs/heads/origin/main refs/remotes/origin/main [21ms]
2024-08-26 17:37:40.922 [info] > git rev-list --count --left-right refs/heads/main...refs/remotes/origin/main [35ms]
2024-08-26 17:37:40.944 [info] > git diff --name-status -z --diff-filter=ADMR b36d33f68591f14b5766870db5be80bdbceef28c...refs/remotes/origin/main [17ms]
2024-08-26 17:37:40.945 [info] > git merge-base refs/heads/main refs/remotes/origin/main [23ms]
2024-08-26 17:37:40.950 [info] > git config --local branch.main.vscode-merge-base [33ms]
2024-08-26 17:37:40.950 [warning] [Git][config] git config failed: Failed to execute git
2024-08-26 17:37:40.955 [info] > git rev-parse --git-dir --git-common-dir [46ms]
2024-08-26 17:37:40.965 [info] [Model][openRepository] Opened repository: /home/vir0id/Загрузки/repository/virOS-fonts
2024-08-26 17:37:40.966 [info] > git reflog main --grep-reflog=branch: Created from *. [74ms]
2024-08-26 17:37:40.989 [info] > git status -z -uall [622ms]
2024-08-26 17:37:40.989 [info] > git status -z -uall [10ms]
2024-08-26 17:37:40.989 [info] > git reflog main --grep-reflog=branch: Created from *. [35ms]
2024-08-26 17:37:40.993 [info] > git rev-list --count --left-right refs/heads/main...refs/remotes/origin/main [43ms]
2024-08-26 17:37:40.998 [info] > git for-each-ref --format=%(refname)%00%(upstream:short)%00%(objectname)%00%(upstream:track)%00%(upstream:remotename)%00%(upstream:remoteref) refs/heads/main refs/remotes/main [55ms]
2024-08-26 17:37:40.999 [info] > git for-each-ref --format=%(refname)%00%(upstream:short)%00%(objectname)%00%(upstream:track)%00%(upstream:remotename)%00%(upstream:remoteref) refs/heads/main refs/remotes/main [60ms]
2024-08-26 17:37:40.999 [info] > git for-each-ref --format=%(refname)%00%(upstream:short)%00%(objectname)%00%(upstream:track)%00%(upstream:remotename)%00%(upstream:remoteref) refs/heads/main refs/remotes/main [64ms]
2024-08-26 17:37:41.020 [info] > git for-each-ref --format=%(refname)%00%(upstream:short)%00%(objectname)%00%(upstream:track)%00%(upstream:remotename)%00%(upstream:remoteref) refs/heads/main refs/remotes/main [16ms]
2024-08-26 17:37:41.025 [info] > git diff --name-status -z --diff-filter=ADMR e9f91353a8a07fed4228a3fc98bb6c0f7ae512b4...refs/remotes/origin/main [26ms]
2024-08-26 17:37:41.025 [info] > git symbolic-ref --short refs/remotes/origin/HEAD [32ms]
2024-08-26 17:37:41.025 [info] fatal: ref refs/remotes/origin/HEAD is not a symbolic ref
2024-08-26 17:37:41.025 [info] > git rev-parse --show-toplevel [38ms]
2024-08-26 17:37:41.025 [info] fatal: not a git repository (or any parent up to mount point /home/vir0id)
Stopping at filesystem boundary (GIT_DISCOVERY_ACROSS_FILESYSTEM not set).
2024-08-26 17:37:41.026 [info] > git config --get commit.template [43ms]
2024-08-26 17:37:41.032 [info] > git symbolic-ref --short refs/remotes/origin/HEAD [62ms]
2024-08-26 17:37:41.033 [info] fatal: ref refs/remotes/origin/HEAD is not a symbolic ref
2024-08-26 17:37:41.044 [info] > git merge-base refs/heads/main refs/remotes/origin/main [7ms]
2024-08-26 17:37:41.049 [info] > git for-each-ref --format=%(refname)%00%(upstream:short)%00%(objectname)%00%(upstream:track)%00%(upstream:remotename)%00%(upstream:remoteref) refs/heads/main refs/remotes/main [18ms]
2024-08-26 17:37:41.053 [info] > git config --local branch.main.vscode-merge-base [29ms]
2024-08-26 17:37:41.053 [warning] [Git][config] git config failed: Failed to execute git
2024-08-26 17:37:41.058 [info] > git config --get commit.template [40ms]
2024-08-26 17:37:41.065 [info] > git status -z -uall [91ms]
2024-08-26 17:37:41.065 [info] > git config --local branch.main.vscode-merge-base [12ms]
2024-08-26 17:37:41.065 [warning] [Git][config] git config failed: Failed to execute git
2024-08-26 17:37:41.070 [info] > git rev-list --count --left-right refs/heads/main...refs/remotes/origin/main [22ms]
2024-08-26 17:37:41.075 [info] > git rev-parse --show-toplevel [32ms]
2024-08-26 17:37:41.075 [info] fatal: not a git repository (or any parent up to mount point /home/vir0id)
Stopping at filesystem boundary (GIT_DISCOVERY_ACROSS_FILESYSTEM not set).
2024-08-26 17:37:41.075 [info] [Model][doInitialScan] Initial repository scan completed - repositories (12), closed repositories (3), parent repositories (0), unsafe repositories (0)
2024-08-26 17:37:41.108 [info] > git for-each-ref --format=%(refname)%00%(upstream:short)%00%(objectname)%00%(upstream:track)%00%(upstream:remotename)%00%(upstream:remoteref) refs/heads/main refs/remotes/main [28ms]
2024-08-26 17:37:41.114 [info] > git diff --name-status -z --diff-filter=ADMR 428d4ad2bbe45a09ca4b302aeb2c40197e194194...refs/remotes/origin/main [40ms]
2024-08-26 17:37:41.115 [info] > git reflog main --grep-reflog=branch: Created from *. [45ms]
2024-08-26 17:37:41.120 [info] > git for-each-ref --format=%(refname)%00%(upstream:short)%00%(objectname)%00%(upstream:track)%00%(upstream:remotename)%00%(upstream:remoteref) refs/heads/main refs/remotes/main [56ms]
2024-08-26 17:37:41.126 [info] > git status -z -uall [35ms]
2024-08-26 17:37:41.126 [info] > git config --local branch.main.vscode-merge-base [12ms]
2024-08-26 17:37:41.126 [warning] [Git][config] git config failed: Failed to execute git
2024-08-26 17:37:41.131 [info] > git config --get commit.template [24ms]
2024-08-26 17:37:41.131 [info] > git for-each-ref --format=%(refname)%00%(upstream:short)%00%(objectname)%00%(upstream:track)%00%(upstream:remotename)%00%(upstream:remoteref) refs/heads/main refs/remotes/main [29ms]
2024-08-26 17:37:41.136 [info] > git reflog main --grep-reflog=branch: Created from *. [78ms]
2024-08-26 17:37:41.140 [info] > git for-each-ref --format=%(refname)%00%(upstream:short)%00%(objectname)%00%(upstream:track)%00%(upstream:remotename)%00%(upstream:remoteref) refs/heads/main refs/remotes/main [5ms]
2024-08-26 17:37:41.144 [info] > git symbolic-ref --short refs/remotes/origin/HEAD [25ms]
2024-08-26 17:37:41.144 [info] fatal: ref refs/remotes/origin/HEAD is not a symbolic ref
2024-08-26 17:37:41.148 [info] > git config --local branch.main.vscode-merge-base [5ms]
2024-08-26 17:37:41.148 [warning] [Git][config] git config failed: Failed to execute git
2024-08-26 17:37:41.152 [info] > git reflog main --grep-reflog=branch: Created from *. [21ms]
2024-08-26 17:37:41.155 [info] > git symbolic-ref --short refs/remotes/origin/HEAD [16ms]
2024-08-26 17:37:41.155 [info] fatal: ref refs/remotes/origin/HEAD is not a symbolic ref
2024-08-26 17:37:41.162 [info] > git symbolic-ref --short refs/remotes/origin/HEAD [7ms]
2024-08-26 17:37:41.162 [info] fatal: ref refs/remotes/origin/HEAD is not a symbolic ref
2024-08-26 17:37:41.166 [info] > git reflog main --grep-reflog=branch: Created from *. [14ms]
2024-08-26 17:37:41.169 [info] > git for-each-ref --format=%(refname)%00%(upstream:short)%00%(objectname)%00%(upstream:track)%00%(upstream:remotename)%00%(upstream:remoteref) refs/heads/main refs/remotes/main [21ms]
2024-08-26 17:37:41.173 [info] > git merge-base refs/heads/main refs/remotes/origin/main [7ms]
2024-08-26 17:37:41.176 [info] > git merge-base refs/heads/main refs/remotes/origin/main [18ms]
2024-08-26 17:37:41.181 [info] > git rev-list --count --left-right refs/heads/main...refs/remotes/origin/main [5ms]
2024-08-26 17:37:41.185 [info] > git symbolic-ref --short refs/remotes/origin/HEAD [16ms]
2024-08-26 17:37:41.185 [info] fatal: ref refs/remotes/origin/HEAD is not a symbolic ref
2024-08-26 17:37:41.186 [info] > git rev-list --count --left-right refs/heads/main...refs/remotes/origin/main [6ms]
2024-08-26 17:37:41.195 [info] > git status -z -uall [97ms]
2024-08-26 17:37:41.195 [info] > git diff --name-status -z --diff-filter=ADMR 70034a98c174c577b37b4116c9fe8206dac24f4c...refs/remotes/origin/main [10ms]
2024-08-26 17:37:41.215 [info] > git diff --name-status -z --diff-filter=ADMR 315a677ddfc98935bb284e0b206d852fd3e7c5c0...refs/remotes/origin/main [26ms]
2024-08-26 17:37:41.219 [info] > git for-each-ref --format=%(refname)%00%(upstream:short)%00%(objectname)%00%(upstream:track)%00%(upstream:remotename)%00%(upstream:remoteref) refs/heads/main refs/remotes/main [9ms]
2024-08-26 17:37:41.225 [info] > git config --local branch.main.vscode-merge-base [2ms]
2024-08-26 17:37:41.225 [warning] [Git][config] git config failed: Failed to execute git
2024-08-26 17:37:41.229 [info] > git config --get commit.template [10ms]
2024-08-26 17:37:41.234 [info] > git status -z -uall [40ms]
2024-08-26 17:37:41.234 [info] > git for-each-ref --format=%(refname)%00%(upstream:short)%00%(objectname)%00%(upstream:track)%00%(upstream:remotename)%00%(upstream:remoteref) refs/heads/main refs/remotes/main [1ms]
2024-08-26 17:37:41.243 [info] > git for-each-ref --format=%(refname)%00%(upstream:short)%00%(objectname)%00%(upstream:track)%00%(upstream:remotename)%00%(upstream:remoteref) refs/heads/main refs/remotes/main [5ms]
2024-08-26 17:37:41.248 [info] > git reflog main --grep-reflog=branch: Created from *. [19ms]
2024-08-26 17:37:41.251 [info] > git status -z -uall [8ms]
2024-08-26 17:37:41.257 [info] > git config --local branch.main.vscode-merge-base [10ms]
2024-08-26 17:37:41.257 [warning] [Git][config] git config failed: Failed to execute git
2024-08-26 17:37:41.262 [info] > git for-each-ref --format=%(refname)%00%(upstream:short)%00%(objectname)%00%(upstream:track)%00%(upstream:remotename)%00%(upstream:remoteref) refs/heads/main refs/remotes/main [7ms]
2024-08-26 17:37:41.268 [info] > git symbolic-ref --short refs/remotes/origin/HEAD [16ms]
2024-08-26 17:37:41.268 [info] fatal: ref refs/remotes/origin/HEAD is not a symbolic ref
2024-08-26 17:37:41.273 [info] > git config --local branch.main.vscode-merge-base [6ms]
2024-08-26 17:37:41.273 [warning] [Git][config] git config failed: Failed to execute git
2024-08-26 17:37:41.277 [info] > git reflog main --grep-reflog=branch: Created from *. [17ms]
2024-08-26 17:37:41.282 [info] > git reflog main --grep-reflog=branch: Created from *. [5ms]
2024-08-26 17:37:41.286 [info] > git merge-base refs/heads/main refs/remotes/origin/main [14ms]
2024-08-26 17:37:41.292 [info] > git symbolic-ref --short refs/remotes/origin/HEAD [6ms]
2024-08-26 17:37:41.292 [info] fatal: ref refs/remotes/origin/HEAD is not a symbolic ref
2024-08-26 17:37:41.292 [info] > git symbolic-ref --short refs/remotes/origin/HEAD [11ms]
2024-08-26 17:37:41.292 [info] fatal: ref refs/remotes/origin/HEAD is not a symbolic ref
2024-08-26 17:37:41.294 [info] > git rev-list --count --left-right refs/heads/main...refs/remotes/origin/main [3ms]
2024-08-26 17:37:41.303 [info] > git diff --name-status -z --diff-filter=ADMR a46e27d4bb7a1f640709f58d854bd480d4d211a2...refs/remotes/origin/main [5ms]
2024-08-26 17:37:41.317 [info] > git status -z -uall [223ms]
2024-08-26 17:37:41.326 [info] > git for-each-ref --format=%(refname)%00%(upstream:short)%00%(objectname)%00%(upstream:track)%00%(upstream:remotename)%00%(upstream:remoteref) refs/heads/main refs/remotes/main [3ms]
2024-08-26 17:37:41.332 [info] > git rev-parse --show-toplevel [16ms]
2024-08-26 17:37:41.332 [info] fatal: not a git repository (or any parent up to mount point /)
Stopping at filesystem boundary (GIT_DISCOVERY_ACROSS_FILESYSTEM not set).
2024-08-26 17:37:41.338 [info] > git config --local branch.main.vscode-merge-base [6ms]
2024-08-26 17:37:41.344 [info] > git for-each-ref --format=%(refname)%00%(upstream:short)%00%(objectname)%00%(upstream:track)%00%(upstream:remotename)%00%(upstream:remoteref) refs/heads/origin/main refs/remotes/origin/main [2ms]
2024-08-26 17:37:41.345 [info] > git rev-parse --show-toplevel [8ms]
2024-08-26 17:37:41.345 [info] fatal: not a git repository (or any parent up to mount point /home/vir0id)
Stopping at filesystem boundary (GIT_DISCOVERY_ACROSS_FILESYSTEM not set).
2024-08-26 17:37:41.399 [info] > git status -z -uall [227ms]
2024-08-26 17:37:41.406 [info] > git for-each-ref --format=%(refname)%00%(upstream:short)%00%(objectname)%00%(upstream:track)%00%(upstream:remotename)%00%(upstream:remoteref) refs/heads/main refs/remotes/main [2ms]
2024-08-26 17:37:41.413 [info] > git config --local branch.main.vscode-merge-base [1ms]
2024-08-26 17:37:41.413 [warning] [Git][config] git config failed: Failed to execute git
2024-08-26 17:37:41.420 [info] > git reflog main --grep-reflog=branch: Created from *. [3ms]
2024-08-26 17:37:41.426 [info] > git symbolic-ref --short refs/remotes/origin/HEAD [2ms]
2024-08-26 17:37:41.426 [info] fatal: ref refs/remotes/origin/HEAD is not a symbolic ref
2024-08-26 17:37:41.532 [info] > git status -z -uall [692ms]
2024-08-26 17:37:41.546 [info] > git for-each-ref --format=%(refname)%00%(upstream:short)%00%(objectname)%00%(upstream:track)%00%(upstream:remotename)%00%(upstream:remoteref) refs/heads/calamares refs/remotes/calamares [9ms]
2024-08-26 17:37:41.553 [info] > git config --get commit.template [6ms]
2024-08-26 17:37:41.554 [info] > git config --local branch.calamares.vscode-merge-base [3ms]
2024-08-26 17:37:41.565 [info] > git for-each-ref --format=%(refname)%00%(upstream:short)%00%(objectname)%00%(upstream:track)%00%(upstream:remotename)%00%(upstream:remoteref) refs/heads/origin/calamares refs/remotes/origin/calamares [6ms]
2024-08-26 17:37:41.570 [info] > git for-each-ref --format=%(refname)%00%(upstream:short)%00%(objectname)%00%(upstream:track)%00%(upstream:remotename)%00%(upstream:remoteref) refs/heads/calamares refs/remotes/calamares [6ms]
2024-08-26 17:37:41.572 [info] > git merge-base refs/heads/calamares refs/remotes/origin/calamares [2ms]
2024-08-26 17:37:41.606 [info] > git rev-list --count --left-right refs/heads/calamares...refs/remotes/origin/calamares [30ms]
2024-08-26 17:37:41.613 [info] > git diff --name-status -z --diff-filter=ADMR ad63d4f66f13ce9b533f0d214ba194cb0313fb55...refs/remotes/origin/calamares [3ms]
2024-08-26 17:37:41.652 [info] > git rev-parse --show-toplevel [1ms]
2024-08-26 17:37:41.652 [info] fatal: not a git repository (or any parent up to mount point /)
Stopping at filesystem boundary (GIT_DISCOVERY_ACROSS_FILESYSTEM not set).
2024-08-26 17:37:41.780 [info] > git status -z -uall [199ms]
2024-08-26 17:37:41.791 [info] > git for-each-ref --format=%(refname)%00%(upstream:short)%00%(objectname)%00%(upstream:track)%00%(upstream:remotename)%00%(upstream:remoteref) refs/heads/calamares refs/remotes/calamares [2ms]
2024-08-26 17:37:41.797 [info] > git config --local branch.calamares.vscode-merge-base [1ms]
2024-08-26 17:37:41.804 [info] > git for-each-ref --format=%(refname)%00%(upstream:short)%00%(objectname)%00%(upstream:track)%00%(upstream:remotename)%00%(upstream:remoteref) refs/heads/origin/calamares refs/remotes/origin/calamares [2ms]
2024-08-26 17:37:41.848 [info] > git fetch [1767ms]
2024-08-26 17:37:41.848 [info] Missing or invalid credentials.
Skip silent fetch commands
git@github.com: Permission denied (publickey).
fatal: Could not read from remote repository.

Please make sure you have the correct access rights
and the repository exists.
2024-08-26 17:37:41.853 [info] > git fetch [1588ms]
2024-08-26 17:37:41.853 [info] Missing or invalid credentials.
Skip silent fetch commands
git@github.com: Permission denied (publickey).
fatal: Could not read from remote repository.

Please make sure you have the correct access rights
and the repository exists.
2024-08-26 17:37:41.859 [info] > git config --get commit.template [6ms]
2024-08-26 17:37:41.859 [info] > git config --get commit.template [1ms]
2024-08-26 17:37:41.860 [info] > git fetch [1271ms]
2024-08-26 17:37:41.860 [info] Missing or invalid credentials.
Skip silent fetch commands
git@github.com: Permission denied (publickey).
fatal: Could not read from remote repository.

Please make sure you have the correct access rights
and the repository exists.
2024-08-26 17:37:41.872 [info] > git for-each-ref --format=%(refname)%00%(upstream:short)%00%(objectname)%00%(upstream:track)%00%(upstream:remotename)%00%(upstream:remoteref) refs/heads/main refs/remotes/main [8ms]
2024-08-26 17:37:41.873 [info] > git config --get commit.template [5ms]
2024-08-26 17:37:41.877 [info] > git for-each-ref --format=%(refname)%00%(upstream:short)%00%(objectname)%00%(upstream:track)%00%(upstream:remotename)%00%(upstream:remoteref) refs/heads/main refs/remotes/main [4ms]
2024-08-26 17:37:41.883 [info] > git for-each-ref --format=%(refname)%00%(upstream:short)%00%(objectname)%00%(upstream:track)%00%(upstream:remotename)%00%(upstream:remoteref) refs/heads/calamares refs/remotes/calamares [7ms]
2024-08-26 17:37:41.883 [info] > git status -z -uall [2ms]
2024-08-26 17:37:41.895 [info] > git for-each-ref --format=%(refname)%00%(upstream:short)%00%(objectname)%00%(upstream:track)%00%(upstream:remotename)%00%(upstream:remoteref) refs/heads/main refs/remotes/main [6ms]
2024-08-26 17:37:41.910 [info] > git config --local branch.main.vscode-merge-base [10ms]
2024-08-26 17:37:41.910 [warning] [Git][config] git config failed: Failed to execute git
2024-08-26 17:37:41.931 [info] > git reflog main --grep-reflog=branch: Created from *. [6ms]
2024-08-26 17:37:41.943 [info] > git fetch [1499ms]
2024-08-26 17:37:41.943 [info] Missing or invalid credentials.
Skip silent fetch commands
git@github.com: Permission denied (publickey).
fatal: Could not read from remote repository.

Please make sure you have the correct access rights
and the repository exists.
2024-08-26 17:37:41.949 [info] > git fetch [1829ms]
2024-08-26 17:37:41.949 [info] Missing or invalid credentials.
Skip silent fetch commands
git@github.com: Permission denied (publickey).
fatal: Could not read from remote repository.

Please make sure you have the correct access rights
and the repository exists.
2024-08-26 17:37:41.949 [info] > git fetch [1563ms]
2024-08-26 17:37:41.949 [info] Missing or invalid credentials.
Skip silent fetch commands
git@github.com: Permission denied (publickey).
fatal: Could not read from remote repository.

Please make sure you have the correct access rights
and the repository exists.
2024-08-26 17:37:41.957 [info] > git config --get commit.template [9ms]
2024-08-26 17:37:41.957 [info] > git symbolic-ref --short refs/remotes/origin/HEAD [15ms]
2024-08-26 17:37:41.957 [info] fatal: ref refs/remotes/origin/HEAD is not a symbolic ref
2024-08-26 17:37:41.958 [info] > git config --get commit.template [1ms]
2024-08-26 17:37:41.958 [info] > git config --get commit.template [5ms]
2024-08-26 17:37:41.958 [info] > git fetch [1611ms]
2024-08-26 17:37:41.958 [info] Missing or invalid credentials.
Skip silent fetch commands
git@github.com: Permission denied (publickey).
fatal: Could not read from remote repository.

Please make sure you have the correct access rights
and the repository exists.
2024-08-26 17:37:41.958 [info] > git fetch [1262ms]
2024-08-26 17:37:41.958 [info] Missing or invalid credentials.
Skip silent fetch commands
git@github.com: Permission denied (publickey).
fatal: Could not read from remote repository.

Please make sure you have the correct access rights
and the repository exists.
2024-08-26 17:37:41.958 [info] > git fetch [1780ms]
2024-08-26 17:37:41.958 [info] Missing or invalid credentials.
Skip silent fetch commands
git@github.com: Permission denied (publickey).
fatal: Could not read from remote repository.

Please make sure you have the correct access rights
and the repository exists.
2024-08-26 17:37:41.977 [info] > git status -z -uall [1682ms] (cancelled)
2024-08-26 17:37:41.984 [info] > git config --get commit.template [7ms]
2024-08-26 17:37:41.984 [info] > git config --get commit.template [11ms]
2024-08-26 17:37:41.984 [info] > git config --get commit.template [15ms]
2024-08-26 17:37:41.985 [info] > git config --get commit.template [18ms]
2024-08-26 17:37:41.985 [info] > git for-each-ref --format=%(refname)%00%(upstream:short)%00%(objectname)%00%(upstream:track)%00%(upstream:remotename)%00%(upstream:remoteref) refs/heads/main refs/remotes/main [22ms]
2024-08-26 17:37:41.985 [info] > git fetch [1482ms]
2024-08-26 17:37:41.985 [info] Missing or invalid credentials.
Skip silent fetch commands
git@github.com: Permission denied (publickey).
fatal: Could not read from remote repository.

Please make sure you have the correct access rights
and the repository exists.
2024-08-26 17:37:41.989 [info] > git for-each-ref --format=%(refname)%00%(upstream:short)%00%(objectname)%00%(upstream:track)%00%(upstream:remotename)%00%(upstream:remoteref) refs/heads/main refs/remotes/main [6ms]
2024-08-26 17:37:41.989 [info] > git for-each-ref --format=%(refname)%00%(upstream:short)%00%(objectname)%00%(upstream:track)%00%(upstream:remotename)%00%(upstream:remoteref) refs/heads/main refs/remotes/main [9ms]
2024-08-26 17:37:42.003 [info] > git for-each-ref --format=%(refname)%00%(upstream:short)%00%(objectname)%00%(upstream:track)%00%(upstream:remotename)%00%(upstream:remoteref) refs/heads/main refs/remotes/main [3ms]
2024-08-26 17:37:42.004 [info] > git for-each-ref --format=%(refname)%00%(upstream:short)%00%(objectname)%00%(upstream:track)%00%(upstream:remotename)%00%(upstream:remoteref) refs/heads/main refs/remotes/main [8ms]
2024-08-26 17:37:42.004 [info] > git for-each-ref --format=%(refname)%00%(upstream:short)%00%(objectname)%00%(upstream:track)%00%(upstream:remotename)%00%(upstream:remoteref) refs/heads/main refs/remotes/main [11ms]
2024-08-26 17:37:42.004 [info] > git config --get commit.template [15ms]
2024-08-26 17:37:42.011 [info] > git for-each-ref --format=%(refname)%00%(upstream:short)%00%(objectname)%00%(upstream:track)%00%(upstream:remotename)%00%(upstream:remoteref) refs/heads/main refs/remotes/main [9ms]
2024-08-26 17:37:42.018 [info] > git status -z -uall [11ms]
2024-08-26 17:37:42.024 [info] > git status -z -uall [9ms]
2024-08-26 17:37:42.029 [info] > git for-each-ref --format=%(refname)%00%(upstream:short)%00%(objectname)%00%(upstream:track)%00%(upstream:remotename)%00%(upstream:remoteref) refs/heads/main refs/remotes/main [19ms]
2024-08-26 17:37:42.039 [info] > git for-each-ref --format=%(refname)%00%(upstream:short)%00%(objectname)%00%(upstream:track)%00%(upstream:remotename)%00%(upstream:remoteref) refs/heads/main refs/remotes/main [17ms]
2024-08-26 17:37:42.058 [info] > git config --local branch.main.vscode-merge-base [5ms]
2024-08-26 17:37:42.058 [warning] [Git][config] git config failed: Failed to execute git
2024-08-26 17:37:42.064 [info] > git for-each-ref --format=%(refname)%00%(upstream:short)%00%(objectname)%00%(upstream:track)%00%(upstream:remotename)%00%(upstream:remoteref) refs/heads/main refs/remotes/main [36ms]
2024-08-26 17:37:42.071 [info] > git status -z -uall [33ms]
2024-08-26 17:37:42.071 [info] > git config --local branch.main.vscode-merge-base [2ms]
2024-08-26 17:37:42.076 [info] > git reflog main --grep-reflog=branch: Created from *. [13ms]
2024-08-26 17:37:42.094 [info] > git status -z -uall [60ms]
2024-08-26 17:37:42.094 [info] > git for-each-ref --format=%(refname)%00%(upstream:short)%00%(objectname)%00%(upstream:track)%00%(upstream:remotename)%00%(upstream:remoteref) refs/heads/main refs/remotes/main [8ms]
2024-08-26 17:37:42.099 [info] > git symbolic-ref --short refs/remotes/origin/HEAD [19ms]
2024-08-26 17:37:42.099 [info] fatal: ref refs/remotes/origin/HEAD is not a symbolic ref
2024-08-26 17:37:42.099 [info] > git for-each-ref --format=%(refname)%00%(upstream:short)%00%(objectname)%00%(upstream:track)%00%(upstream:remotename)%00%(upstream:remoteref) refs/heads/origin/main refs/remotes/origin/main [23ms]
2024-08-26 17:37:42.109 [info] > git status -z -uall [200ms]
2024-08-26 17:37:42.109 [info] > git status -z -uall [16ms]
2024-08-26 17:37:42.109 [info] > git for-each-ref --format=%(refname)%00%(upstream:short)%00%(objectname)%00%(upstream:track)%00%(upstream:remotename)%00%(upstream:remoteref) refs/heads/main refs/remotes/main [4ms]
2024-08-26 17:37:42.114 [info] > git config --local branch.main.vscode-merge-base [15ms]
2024-08-26 17:37:42.114 [warning] [Git][config] git config failed: Failed to execute git
2024-08-26 17:37:42.135 [info] > git for-each-ref --format=%(refname)%00%(upstream:short)%00%(objectname)%00%(upstream:track)%00%(upstream:remotename)%00%(upstream:remoteref) refs/heads/calamares refs/remotes/calamares [5ms]
2024-08-26 17:37:42.140 [info] > git for-each-ref --format=%(refname)%00%(upstream:short)%00%(objectname)%00%(upstream:track)%00%(upstream:remotename)%00%(upstream:remoteref) refs/heads/main refs/remotes/main [17ms]
2024-08-26 17:37:42.146 [info] > git reflog main --grep-reflog=branch: Created from *. [27ms]
2024-08-26 17:37:42.150 [info] > git config --local branch.main.vscode-merge-base [36ms]
2024-08-26 17:37:42.150 [warning] [Git][config] git config failed: Failed to execute git
2024-08-26 17:37:42.157 [info] > git status -z -uall [263ms]
2024-08-26 17:37:42.158 [info] > git reflog main --grep-reflog=branch: Created from *. [4ms]
2024-08-26 17:37:42.162 [info] > git symbolic-ref --short refs/remotes/origin/HEAD [13ms]
2024-08-26 17:37:42.162 [info] fatal: ref refs/remotes/origin/HEAD is not a symbolic ref
2024-08-26 17:37:42.162 [info] > git config --local branch.main.vscode-merge-base [17ms]
2024-08-26 17:37:42.162 [warning] [Git][config] git config failed: Failed to execute git
2024-08-26 17:37:42.167 [info] > git config --local branch.calamares.vscode-merge-base [27ms]
2024-08-26 17:37:42.180 [info] > git for-each-ref --format=%(refname)%00%(upstream:short)%00%(objectname)%00%(upstream:track)%00%(upstream:remotename)%00%(upstream:remoteref) refs/heads/main refs/remotes/main [3ms]
2024-08-26 17:37:42.184 [info] > git for-each-ref --format=%(refname)%00%(upstream:short)%00%(objectname)%00%(upstream:track)%00%(upstream:remotename)%00%(upstream:remoteref) refs/heads/origin/calamares refs/remotes/origin/calamares [13ms]
2024-08-26 17:37:42.185 [info] > git reflog main --grep-reflog=branch: Created from *. [19ms]
2024-08-26 17:37:42.189 [info] > git symbolic-ref --short refs/remotes/origin/HEAD [27ms]
2024-08-26 17:37:42.189 [info] fatal: ref refs/remotes/origin/HEAD is not a symbolic ref
2024-08-26 17:37:42.192 [info] > git symbolic-ref --short refs/remotes/origin/HEAD [3ms]
2024-08-26 17:37:42.192 [info] fatal: ref refs/remotes/origin/HEAD is not a symbolic ref
2024-08-26 17:37:42.192 [info] > git config --local branch.main.vscode-merge-base [8ms]
2024-08-26 17:37:42.192 [warning] [Git][config] git config failed: Failed to execute git
2024-08-26 17:37:42.200 [info] > git reflog main --grep-reflog=branch: Created from *. [4ms]
2024-08-26 17:37:42.205 [info] > git symbolic-ref --short refs/remotes/origin/HEAD [2ms]
2024-08-26 17:37:42.205 [info] fatal: ref refs/remotes/origin/HEAD is not a symbolic ref
2024-08-26 17:37:42.314 [info] > git status -z -uall [297ms]
2024-08-26 17:37:42.322 [info] > git for-each-ref --format=%(refname)%00%(upstream:short)%00%(objectname)%00%(upstream:track)%00%(upstream:remotename)%00%(upstream:remoteref) refs/heads/main refs/remotes/main [2ms]
2024-08-26 17:37:42.328 [info] > git config --local branch.main.vscode-merge-base [1ms]
2024-08-26 17:37:42.335 [info] > git for-each-ref --format=%(refname)%00%(upstream:short)%00%(objectname)%00%(upstream:track)%00%(upstream:remotename)%00%(upstream:remoteref) refs/heads/origin/main refs/remotes/origin/main [2ms]
2024-08-26 17:37:42.873 [info] > git fetch [1908ms]
2024-08-26 17:37:42.873 [info] Missing or invalid credentials.
Skip silent fetch commands
git@github.com: Permission denied (publickey).
fatal: Could not read from remote repository.

Please make sure you have the correct access rights
and the repository exists.
2024-08-26 17:37:42.884 [info] > git status -z -uall [1722ms] (cancelled)
2024-08-26 17:37:42.885 [info] > git config --get commit.template [2ms]
2024-08-26 17:37:42.886 [info] > git config --get commit.template [7ms]
2024-08-26 17:37:42.886 [info] > git fetch [2075ms]
2024-08-26 17:37:42.886 [info] Missing or invalid credentials.
Skip silent fetch commands
git@github.com: Permission denied (publickey).
fatal: Could not read from remote repository.

Please make sure you have the correct access rights
and the repository exists.
2024-08-26 17:37:42.900 [info] > git for-each-ref --format=%(refname)%00%(upstream:short)%00%(objectname)%00%(upstream:track)%00%(upstream:remotename)%00%(upstream:remoteref) refs/heads/main refs/remotes/main [5ms]
2024-08-26 17:37:42.900 [info] > git config --get commit.template [10ms]
2024-08-26 17:37:42.905 [info] > git for-each-ref --format=%(refname)%00%(upstream:short)%00%(objectname)%00%(upstream:track)%00%(upstream:remotename)%00%(upstream:remoteref) refs/heads/main refs/remotes/main [6ms]
2024-08-26 17:37:42.907 [info] > git for-each-ref --format=%(refname)%00%(upstream:short)%00%(objectname)%00%(upstream:track)%00%(upstream:remotename)%00%(upstream:remoteref) refs/heads/main refs/remotes/main [3ms]
2024-08-26 17:37:42.928 [info] > git status -z -uall [12ms]
2024-08-26 17:37:42.937 [info] > git for-each-ref --format=%(refname)%00%(upstream:short)%00%(objectname)%00%(upstream:track)%00%(upstream:remotename)%00%(upstream:remoteref) refs/heads/main refs/remotes/main [3ms]
2024-08-26 17:37:42.944 [info] > git config --local branch.main.vscode-merge-base [2ms]
2024-08-26 17:37:42.944 [warning] [Git][config] git config failed: Failed to execute git
2024-08-26 17:37:42.950 [info] > git reflog main --grep-reflog=branch: Created from *. [2ms]
2024-08-26 17:37:42.956 [info] > git symbolic-ref --short refs/remotes/origin/HEAD [2ms]
2024-08-26 17:37:42.956 [info] fatal: ref refs/remotes/origin/HEAD is not a symbolic ref
2024-08-26 17:37:43.424 [info] > git status -z -uall [1367ms]
2024-08-26 17:37:43.430 [info] > git for-each-ref --format=%(refname)%00%(upstream:short)%00%(objectname)%00%(upstream:track)%00%(upstream:remotename)%00%(upstream:remoteref) refs/heads/main refs/remotes/main [2ms]
2024-08-26 17:37:43.435 [info] > git config --local branch.main.vscode-merge-base [1ms]
2024-08-26 17:37:43.435 [warning] [Git][config] git config failed: Failed to execute git
2024-08-26 17:37:43.446 [info] > git reflog main --grep-reflog=branch: Created from *. [7ms]
2024-08-26 17:37:43.451 [info] > git symbolic-ref --short refs/remotes/origin/HEAD [1ms]
2024-08-26 17:37:43.451 [info] fatal: ref refs/remotes/origin/HEAD is not a symbolic ref
2024-08-26 17:37:43.456 [info] > git merge-base refs/heads/main refs/remotes/origin/main [2ms]
2024-08-26 17:37:43.461 [info] > git rev-list --count --left-right refs/heads/main...refs/remotes/origin/main [2ms]
2024-08-26 17:37:43.466 [info] > git diff --name-status -z --diff-filter=ADMR 4677f807302f4fc773ee90f0101ef8d43d571c90...refs/remotes/origin/main [1ms]
2024-08-26 17:37:46.725 [info] > git rev-parse --show-toplevel [1ms]
2024-08-26 17:37:46.725 [info] fatal: not a git repository (or any parent up to mount point /)
Stopping at filesystem boundary (GIT_DISCOVERY_ACROSS_FILESYSTEM not set).
2024-08-26 17:37:54.337 [info] > git status -z -uall [11426ms]
2024-08-26 17:37:54.346 [info] > git for-each-ref --format=%(refname)%00%(upstream:short)%00%(objectname)%00%(upstream:track)%00%(upstream:remotename)%00%(upstream:remoteref) refs/heads/main refs/remotes/main [3ms]
2024-08-26 17:37:54.352 [info] > git config --local branch.main.vscode-merge-base [2ms]
2024-08-26 17:37:54.360 [info] > git for-each-ref --format=%(refname)%00%(upstream:short)%00%(objectname)%00%(upstream:track)%00%(upstream:remotename)%00%(upstream:remoteref) refs/heads/origin/main refs/remotes/origin/main [4ms]
2024-08-26 17:37:54.366 [info] > git merge-base refs/heads/main refs/remotes/origin/main [2ms]
2024-08-26 17:37:54.375 [info] > git rev-list --count --left-right refs/heads/main...refs/remotes/origin/main [4ms]
2024-08-26 17:37:54.381 [info] > git diff --name-status -z --diff-filter=ADMR f26295207775f381576a6ed7360f99a7d37b5330...refs/remotes/origin/main [2ms]
2024-08-26 17:37:56.263 [info] > git rev-parse --show-toplevel [1ms]
2024-08-26 17:37:56.264 [info] fatal: not a git repository (or any parent up to mount point /)
Stopping at filesystem boundary (GIT_DISCOVERY_ACROSS_FILESYSTEM not set).
2024-08-26 17:38:00.573 [info] > git rev-parse --show-toplevel [2ms]
2024-08-26 17:38:00.573 [info] fatal: not a git repository (or any parent up to mount point /)
Stopping at filesystem boundary (GIT_DISCOVERY_ACROSS_FILESYSTEM not set).
2024-08-26 17:46:39.803 [info] > git fetch [1745ms]
2024-08-26 17:46:39.803 [info] Missing or invalid credentials.
Skip silent fetch commands
git@github.com: Permission denied (publickey).
fatal: Could not read from remote repository.

Please make sure you have the correct access rights
and the repository exists.
2024-08-26 17:46:39.812 [info] > git config --get commit.template [5ms]
2024-08-26 17:46:39.813 [info] > git for-each-ref --format=%(refname)%00%(upstream:short)%00%(objectname)%00%(upstream:track)%00%(upstream:remotename)%00%(upstream:remoteref) refs/heads/main refs/remotes/main [2ms]
2024-08-26 17:46:39.880 [info] > git fetch [1852ms]
2024-08-26 17:46:39.880 [info] Missing or invalid credentials.
Skip silent fetch commands
git@github.com: Permission denied (publickey).
fatal: Could not read from remote repository.

Please make sure you have the correct access rights
and the repository exists.
2024-08-26 17:46:39.889 [info] > git config --get commit.template [5ms]
2024-08-26 17:46:39.890 [info] > git for-each-ref --format=%(refname)%00%(upstream:short)%00%(objectname)%00%(upstream:track)%00%(upstream:remotename)%00%(upstream:remoteref) refs/heads/main refs/remotes/main [2ms]
2024-08-26 17:46:39.899 [info] > git status -z -uall [4ms]
2024-08-26 17:46:39.909 [info] > git for-each-ref --format=%(refname)%00%(upstream:short)%00%(objectname)%00%(upstream:track)%00%(upstream:remotename)%00%(upstream:remoteref) refs/heads/main refs/remotes/main [4ms]
2024-08-26 17:46:39.914 [info] > git fetch [1864ms]
2024-08-26 17:46:39.914 [info] Missing or invalid credentials.
Skip silent fetch commands
git@github.com: Permission denied (publickey).
fatal: Could not read from remote repository.

Please make sure you have the correct access rights
and the repository exists.
2024-08-26 17:46:39.915 [info] > git fetch [1872ms]
2024-08-26 17:46:39.915 [info] Missing or invalid credentials.
Skip silent fetch commands
git@github.com: Permission denied (publickey).
fatal: Could not read from remote repository.

Please make sure you have the correct access rights
and the repository exists.
2024-08-26 17:46:39.915 [info] > git fetch [1884ms]
2024-08-26 17:46:39.915 [info] Missing or invalid credentials.
Skip silent fetch commands
git@github.com: Permission denied (publickey).
fatal: Could not read from remote repository.

Please make sure you have the correct access rights
and the repository exists.
2024-08-26 17:46:39.932 [info] > git config --local branch.main.vscode-merge-base [18ms]
2024-08-26 17:46:39.932 [warning] [Git][config] git config failed: Failed to execute git
2024-08-26 17:46:39.939 [info] > git config --get commit.template [8ms]
2024-08-26 17:46:39.940 [info] > git config --get commit.template [15ms]
2024-08-26 17:46:39.940 [info] > git config --get commit.template [19ms]
2024-08-26 17:46:39.940 [info] > git fetch [1878ms]
2024-08-26 17:46:39.940 [info] Missing or invalid credentials.
Skip silent fetch commands
git@github.com: Permission denied (publickey).
fatal: Could not read from remote repository.

Please make sure you have the correct access rights
and the repository exists.
2024-08-26 17:46:39.946 [info] > git reflog main --grep-reflog=branch: Created from *. [9ms]
2024-08-26 17:46:39.962 [info] > git config --get commit.template [16ms]
2024-08-26 17:46:39.962 [info] > git fetch [1916ms]
2024-08-26 17:46:39.962 [info] Missing or invalid credentials.
Skip silent fetch commands
git@github.com: Permission denied (publickey).
fatal: Could not read from remote repository.

Please make sure you have the correct access rights
and the repository exists.
2024-08-26 17:46:39.967 [info] > git for-each-ref --format=%(refname)%00%(upstream:short)%00%(objectname)%00%(upstream:track)%00%(upstream:remotename)%00%(upstream:remoteref) refs/heads/main refs/remotes/main [9ms]
2024-08-26 17:46:39.967 [info] > git for-each-ref --format=%(refname)%00%(upstream:short)%00%(objectname)%00%(upstream:track)%00%(upstream:remotename)%00%(upstream:remoteref) refs/heads/calamares refs/remotes/calamares [13ms]
2024-08-26 17:46:39.967 [info] > git symbolic-ref --short refs/remotes/origin/HEAD [17ms]
2024-08-26 17:46:39.967 [info] fatal: ref refs/remotes/origin/HEAD is not a symbolic ref
2024-08-26 17:46:39.967 [info] > git fetch [1900ms]
2024-08-26 17:46:39.967 [info] Missing or invalid credentials.
Skip silent fetch commands
git@github.com: Permission denied (publickey).
fatal: Could not read from remote repository.

Please make sure you have the correct access rights
and the repository exists.
2024-08-26 17:46:39.975 [info] > git config --get commit.template [9ms]
2024-08-26 17:46:39.975 [info] > git for-each-ref --format=%(refname)%00%(upstream:short)%00%(objectname)%00%(upstream:track)%00%(upstream:remotename)%00%(upstream:remoteref) refs/heads/main refs/remotes/main [14ms]
2024-08-26 17:46:39.976 [info] > git config --get commit.template [1ms]
2024-08-26 17:46:39.976 [info] > git for-each-ref --format=%(refname)%00%(upstream:short)%00%(objectname)%00%(upstream:track)%00%(upstream:remotename)%00%(upstream:remoteref) refs/heads/main refs/remotes/main [5ms]
2024-08-26 17:46:39.976 [info] > git fetch [1953ms]
2024-08-26 17:46:39.976 [info] Missing or invalid credentials.
Skip silent fetch commands
git@github.com: Permission denied (publickey).
fatal: Could not read from remote repository.

Please make sure you have the correct access rights
and the repository exists.
2024-08-26 17:46:39.977 [info] > git fetch [1942ms]
2024-08-26 17:46:39.977 [info] Missing or invalid credentials.
Skip silent fetch commands
git@github.com: Permission denied (publickey).
fatal: Could not read from remote repository.

Please make sure you have the correct access rights
and the repository exists.
2024-08-26 17:46:40.000 [info] > git config --get commit.template [16ms]
2024-08-26 17:46:40.000 [info] > git for-each-ref --format=%(refname)%00%(upstream:short)%00%(objectname)%00%(upstream:track)%00%(upstream:remotename)%00%(upstream:remoteref) refs/heads/main refs/remotes/main [19ms]
2024-08-26 17:46:40.000 [info] > git fetch [1961ms]
2024-08-26 17:46:40.000 [info] Missing or invalid credentials.
Skip silent fetch commands
git@github.com: Permission denied (publickey).
fatal: Could not read from remote repository.

Please make sure you have the correct access rights
and the repository exists.
2024-08-26 17:46:40.010 [info] > git for-each-ref --format=%(refname)%00%(upstream:short)%00%(objectname)%00%(upstream:track)%00%(upstream:remotename)%00%(upstream:remoteref) refs/heads/main refs/remotes/main [11ms]
2024-08-26 17:46:40.010 [info] > git fetch [1956ms]
2024-08-26 17:46:40.010 [info] Missing or invalid credentials.
Skip silent fetch commands
git@github.com: Permission denied (publickey).
fatal: Could not read from remote repository.

Please make sure you have the correct access rights
and the repository exists.
2024-08-26 17:46:40.011 [info] > git config --get commit.template [23ms]
2024-08-26 17:46:40.025 [info] > git status -z -uall [20ms]
2024-08-26 17:46:40.025 [info] > git config --get commit.template [16ms]
2024-08-26 17:46:40.026 [info] > git for-each-ref --format=%(refname)%00%(upstream:short)%00%(objectname)%00%(upstream:track)%00%(upstream:remotename)%00%(upstream:remoteref) refs/heads/main refs/remotes/main [5ms]
2024-08-26 17:46:40.026 [info] > git for-each-ref --format=%(refname)%00%(upstream:short)%00%(objectname)%00%(upstream:track)%00%(upstream:remotename)%00%(upstream:remoteref) refs/heads/main refs/remotes/main [9ms]
2024-08-26 17:46:40.038 [info] > git status -z -uall [46ms]
2024-08-26 17:46:40.039 [info] > git status -z -uall [5ms]
2024-08-26 17:46:40.039 [info] > git config --get commit.template [15ms]
2024-08-26 17:46:40.056 [info] > git for-each-ref --format=%(refname)%00%(upstream:short)%00%(objectname)%00%(upstream:track)%00%(upstream:remotename)%00%(upstream:remoteref) refs/heads/main refs/remotes/main [26ms]
2024-08-26 17:46:40.061 [info] > git status -z -uall [244ms]
2024-08-26 17:46:40.061 [info] > git for-each-ref --format=%(refname)%00%(upstream:short)%00%(objectname)%00%(upstream:track)%00%(upstream:remotename)%00%(upstream:remoteref) refs/heads/main refs/remotes/main [6ms]
2024-08-26 17:46:40.065 [info] > git for-each-ref --format=%(refname)%00%(upstream:short)%00%(objectname)%00%(upstream:track)%00%(upstream:remotename)%00%(upstream:remoteref) refs/heads/main refs/remotes/main [15ms]
2024-08-26 17:46:40.069 [info] > git for-each-ref --format=%(refname)%00%(upstream:short)%00%(objectname)%00%(upstream:track)%00%(upstream:remotename)%00%(upstream:remoteref) refs/heads/main refs/remotes/main [23ms]
2024-08-26 17:46:40.075 [info] > git for-each-ref --format=%(refname)%00%(upstream:short)%00%(objectname)%00%(upstream:track)%00%(upstream:remotename)%00%(upstream:remoteref) refs/heads/main refs/remotes/main [38ms]
2024-08-26 17:46:40.088 [info] > git status -z -uall [45ms]
2024-08-26 17:46:40.088 [info] > git status -z -uall [7ms]
2024-08-26 17:46:40.088 [info] > git for-each-ref --format=%(refname)%00%(upstream:short)%00%(objectname)%00%(upstream:track)%00%(upstream:remotename)%00%(upstream:remoteref) refs/heads/main refs/remotes/main [15ms]
2024-08-26 17:46:40.093 [info] > git config --local branch.main.vscode-merge-base [24ms]
2024-08-26 17:46:40.094 [warning] [Git][config] git config failed: Failed to execute git
2024-08-26 17:46:40.099 [info] > git config --local branch.main.vscode-merge-base [34ms]
2024-08-26 17:46:40.099 [warning] [Git][config] git config failed: Failed to execute git
2024-08-26 17:46:40.112 [info] > git config --local branch.main.vscode-merge-base [52ms]
2024-08-26 17:46:40.119 [info] > git for-each-ref --format=%(refname)%00%(upstream:short)%00%(objectname)%00%(upstream:track)%00%(upstream:remotename)%00%(upstream:remoteref) refs/heads/main refs/remotes/main [9ms]
2024-08-26 17:46:40.124 [info] > git reflog main --grep-reflog=branch: Created from *. [20ms]
2024-08-26 17:46:40.129 [info] > git reflog main --grep-reflog=branch: Created from *. [30ms]
2024-08-26 17:46:40.133 [info] > git config --local branch.main.vscode-merge-base [40ms]
2024-08-26 17:46:40.150 [info] > git for-each-ref --format=%(refname)%00%(upstream:short)%00%(objectname)%00%(upstream:track)%00%(upstream:remotename)%00%(upstream:remoteref) refs/heads/main refs/remotes/main [7ms]
2024-08-26 17:46:40.155 [info] > git for-each-ref --format=%(refname)%00%(upstream:short)%00%(objectname)%00%(upstream:track)%00%(upstream:remotename)%00%(upstream:remoteref) refs/heads/origin/main refs/remotes/origin/main [17ms]
2024-08-26 17:46:40.156 [info] > git symbolic-ref --short refs/remotes/origin/HEAD [23ms]
2024-08-26 17:46:40.156 [info] fatal: ref refs/remotes/origin/HEAD is not a symbolic ref
2024-08-26 17:46:40.156 [info] > git symbolic-ref --short refs/remotes/origin/HEAD [28ms]
2024-08-26 17:46:40.156 [info] fatal: ref refs/remotes/origin/HEAD is not a symbolic ref
2024-08-26 17:46:40.156 [info] > git config --local branch.main.vscode-merge-base [32ms]
2024-08-26 17:46:40.156 [warning] [Git][config] git config failed: Failed to execute git
2024-08-26 17:46:40.161 [info] > git for-each-ref --format=%(refname)%00%(upstream:short)%00%(objectname)%00%(upstream:track)%00%(upstream:remotename)%00%(upstream:remoteref) refs/heads/origin/main refs/remotes/origin/main [44ms]
2024-08-26 17:46:40.171 [info] > git config --local branch.main.vscode-merge-base [15ms]
2024-08-26 17:46:40.171 [warning] [Git][config] git config failed: Failed to execute git
2024-08-26 17:46:40.176 [info] > git reflog main --grep-reflog=branch: Created from *. [15ms]
2024-08-26 17:46:40.180 [info] > git reflog main --grep-reflog=branch: Created from *. [5ms]
2024-08-26 17:46:40.184 [info] > git symbolic-ref --short refs/remotes/origin/HEAD [5ms]
2024-08-26 17:46:40.184 [info] fatal: ref refs/remotes/origin/HEAD is not a symbolic ref
2024-08-26 17:46:40.185 [info] > git symbolic-ref --short refs/remotes/origin/HEAD [1ms]
2024-08-26 17:46:40.185 [info] fatal: ref refs/remotes/origin/HEAD is not a symbolic ref
2024-08-26 17:46:40.247 [info] > git status -z -uall [251ms]
2024-08-26 17:46:40.253 [info] > git status -z -uall [83ms]
2024-08-26 17:46:40.259 [info] > git for-each-ref --format=%(refname)%00%(upstream:short)%00%(objectname)%00%(upstream:track)%00%(upstream:remotename)%00%(upstream:remoteref) refs/heads/calamares refs/remotes/calamares [7ms]
2024-08-26 17:46:40.265 [info] > git for-each-ref --format=%(refname)%00%(upstream:short)%00%(objectname)%00%(upstream:track)%00%(upstream:remotename)%00%(upstream:remoteref) refs/heads/main refs/remotes/main [8ms]
2024-08-26 17:46:40.269 [info] > git config --local branch.calamares.vscode-merge-base [5ms]
2024-08-26 17:46:40.274 [info] > git config --local branch.main.vscode-merge-base [4ms]
2024-08-26 17:46:40.274 [warning] [Git][config] git config failed: Failed to execute git
2024-08-26 17:46:40.278 [info] > git for-each-ref --format=%(refname)%00%(upstream:short)%00%(objectname)%00%(upstream:track)%00%(upstream:remotename)%00%(upstream:remoteref) refs/heads/origin/calamares refs/remotes/origin/calamares [5ms]
2024-08-26 17:46:40.281 [info] > git reflog main --grep-reflog=branch: Created from *. [4ms]
2024-08-26 17:46:40.287 [info] > git symbolic-ref --short refs/remotes/origin/HEAD [2ms]
2024-08-26 17:46:40.287 [info] fatal: ref refs/remotes/origin/HEAD is not a symbolic ref
2024-08-26 17:46:40.461 [info] > git status -z -uall [294ms]
2024-08-26 17:46:40.468 [info] > git for-each-ref --format=%(refname)%00%(upstream:short)%00%(objectname)%00%(upstream:track)%00%(upstream:remotename)%00%(upstream:remoteref) refs/heads/main refs/remotes/main [2ms]
2024-08-26 17:46:40.473 [info] > git config --local branch.main.vscode-merge-base [2ms]
2024-08-26 17:46:40.473 [warning] [Git][config] git config failed: Failed to execute git
2024-08-26 17:46:40.480 [info] > git reflog main --grep-reflog=branch: Created from *. [4ms]
2024-08-26 17:46:40.485 [info] > git symbolic-ref --short refs/remotes/origin/HEAD [1ms]
2024-08-26 17:46:40.485 [info] fatal: ref refs/remotes/origin/HEAD is not a symbolic ref
2024-08-26 17:46:41.073 [info] > git status -z -uall [987ms]
2024-08-26 17:46:41.079 [info] > git for-each-ref --format=%(refname)%00%(upstream:short)%00%(objectname)%00%(upstream:track)%00%(upstream:remotename)%00%(upstream:remoteref) refs/heads/main refs/remotes/main [2ms]
2024-08-26 17:46:41.085 [info] > git config --local branch.main.vscode-merge-base [2ms]
2024-08-26 17:46:41.085 [warning] [Git][config] git config failed: Failed to execute git
2024-08-26 17:46:41.091 [info] > git reflog main --grep-reflog=branch: Created from *. [2ms]
2024-08-26 17:46:41.097 [info] > git symbolic-ref --short refs/remotes/origin/HEAD [2ms]
2024-08-26 17:46:41.097 [info] fatal: ref refs/remotes/origin/HEAD is not a symbolic ref
2024-08-26 17:46:51.264 [info] > git status -z -uall [11249ms]
2024-08-26 17:46:51.270 [info] > git for-each-ref --format=%(refname)%00%(upstream:short)%00%(objectname)%00%(upstream:track)%00%(upstream:remotename)%00%(upstream:remoteref) refs/heads/main refs/remotes/main [2ms]
2024-08-26 17:46:51.276 [info] > git config --local branch.main.vscode-merge-base [1ms]
2024-08-26 17:46:51.283 [info] > git for-each-ref --format=%(refname)%00%(upstream:short)%00%(objectname)%00%(upstream:track)%00%(upstream:remotename)%00%(upstream:remoteref) refs/heads/origin/main refs/remotes/origin/main [1ms]
