2024-08-29 16:30:53.912 [info] [main] Log level: Info
2024-08-29 16:30:53.912 [info] [main] Validating found git in: "git"
2024-08-29 16:30:53.912 [info] [main] Using git "2.46.0" from "git"
2024-08-29 16:30:53.912 [info] [Model][doInitialScan] Initial repository scan started
2024-08-29 16:30:53.912 [info] > git rev-parse --show-toplevel [2ms]
2024-08-29 16:30:53.912 [info] fatal: not a git repository (or any parent up to mount point /)
Stopping at filesystem boundary (GIT_DISCOVERY_ACROSS_FILESYSTEM not set).
2024-08-29 16:30:53.913 [info] > git rev-parse --show-toplevel [2ms]
2024-08-29 16:30:53.913 [info] fatal: not a git repository (or any parent up to mount point /home/vir0id)
Stopping at filesystem boundary (GIT_DISCOVERY_ACROSS_FILESYSTEM not set).
2024-08-29 16:30:53.919 [info] > git rev-parse --show-toplevel [1ms]
2024-08-29 16:30:53.919 [info] fatal: not a git repository (or any parent up to mount point /)
Stopping at filesystem boundary (GIT_DISCOVERY_ACROSS_FILESYSTEM not set).
2024-08-29 16:30:53.926 [info] > git rev-parse --show-toplevel [2ms]
2024-08-29 16:30:53.926 [info] fatal: not a git repository (or any parent up to mount point /)
Stopping at filesystem boundary (GIT_DISCOVERY_ACROSS_FILESYSTEM not set).
2024-08-29 16:30:53.931 [info] > git rev-parse --show-toplevel [1ms]
2024-08-29 16:30:53.931 [info] fatal: not a git repository (or any parent up to mount point /home/vir0id)
Stopping at filesystem boundary (GIT_DISCOVERY_ACROSS_FILESYSTEM not set).
2024-08-29 16:30:53.937 [info] > git rev-parse --show-toplevel [1ms]
2024-08-29 16:30:53.937 [info] fatal: not a git repository (or any parent up to mount point /)
Stopping at filesystem boundary (GIT_DISCOVERY_ACROSS_FILESYSTEM not set).
2024-08-29 16:30:53.943 [info] > git rev-parse --show-toplevel [2ms]
2024-08-29 16:30:53.943 [info] fatal: not a git repository (or any parent up to mount point /)
Stopping at filesystem boundary (GIT_DISCOVERY_ACROSS_FILESYSTEM not set).
2024-08-29 16:30:53.949 [info] > git rev-parse --show-toplevel [2ms]
2024-08-29 16:30:53.949 [info] fatal: not a git repository (or any parent up to mount point /)
Stopping at filesystem boundary (GIT_DISCOVERY_ACROSS_FILESYSTEM not set).
2024-08-29 16:30:53.960 [info] > git rev-parse --show-toplevel [7ms]
2024-08-29 16:30:53.960 [info] fatal: not a git repository (or any parent up to mount point /)
Stopping at filesystem boundary (GIT_DISCOVERY_ACROSS_FILESYSTEM not set).
2024-08-29 16:30:53.971 [info] > git rev-parse --show-toplevel [4ms]
2024-08-29 16:30:53.971 [info] fatal: not a git repository (or any parent up to mount point /)
Stopping at filesystem boundary (GIT_DISCOVERY_ACROSS_FILESYSTEM not set).
2024-08-29 16:30:53.982 [info] > git rev-parse --show-toplevel [4ms]
2024-08-29 16:30:53.988 [info] > git rev-parse --git-dir --git-common-dir [2ms]
2024-08-29 16:30:53.999 [info] [Model][openRepository] Opened repository: /home/vir0id/Загрузки/repository/BackUpMenu
2024-08-29 16:30:54.010 [info] > git config --get commit.template [5ms]
2024-08-29 16:30:54.016 [info] > git rev-parse --show-toplevel [7ms]
2024-08-29 16:30:54.023 [info] > git rev-parse --git-dir --git-common-dir [2ms]
2024-08-29 16:30:54.031 [info] [Model][openRepository] Opened repository: /home/vir0id/Загрузки/repository/NeoCity
2024-08-29 16:30:54.032 [info] > git for-each-ref --format=%(refname)%00%(upstream:short)%00%(objectname)%00%(upstream:track)%00%(upstream:remotename)%00%(upstream:remoteref) refs/heads/main refs/remotes/main [17ms]
2024-08-29 16:30:54.043 [info] > git config --get commit.template [5ms]
2024-08-29 16:30:54.054 [info] > git rev-parse --show-toplevel [12ms]
2024-08-29 16:30:54.067 [info] > git status -z -uall [15ms]
2024-08-29 16:30:54.078 [info] > git for-each-ref --format=%(refname)%00%(upstream:short)%00%(objectname)%00%(upstream:track)%00%(upstream:remotename)%00%(upstream:remoteref) refs/heads/main refs/remotes/main [7ms]
2024-08-29 16:30:54.083 [info] > git for-each-ref --format=%(refname)%00%(upstream:short)%00%(objectname)%00%(upstream:track)%00%(upstream:remotename)%00%(upstream:remoteref) refs/heads/main refs/remotes/main [35ms]
2024-08-29 16:30:54.083 [info] > git rev-parse --show-toplevel [23ms]
2024-08-29 16:30:54.099 [info] > git config --local branch.main.vscode-merge-base [17ms]
2024-08-29 16:30:54.099 [warning] [Git][config] git config failed: Failed to execute git
2024-08-29 16:30:54.103 [info] > git config --get commit.template [24ms]
2024-08-29 16:30:54.103 [info] > git rev-parse --git-dir --git-common-dir [5ms]
2024-08-29 16:30:54.110 [info] [Model][openRepository] Opened repository: /home/vir0id/Загрузки/repository/garuda-bspwm-settings
2024-08-29 16:30:54.129 [info] > git config --get commit.template [8ms]
2024-08-29 16:30:54.129 [info] > git for-each-ref --format=%(refname)%00%(upstream:short)%00%(objectname)%00%(upstream:track)%00%(upstream:remotename)%00%(upstream:remoteref) refs/heads/main refs/remotes/main [13ms]
2024-08-29 16:30:54.129 [info] > git reflog main --grep-reflog=branch: Created from *. [27ms]
2024-08-29 16:30:54.140 [info] > git symbolic-ref --short refs/remotes/origin/HEAD [6ms]
2024-08-29 16:30:54.140 [info] fatal: ref refs/remotes/origin/HEAD is not a symbolic ref
2024-08-29 16:30:54.145 [info] > git rev-parse --show-toplevel [22ms]
2024-08-29 16:30:54.145 [info] fatal: not a git repository (or any parent up to mount point /home/vir0id)
Stopping at filesystem boundary (GIT_DISCOVERY_ACROSS_FILESYSTEM not set).
2024-08-29 16:30:54.155 [info] > git merge-base refs/heads/main refs/remotes/origin/main [10ms]
2024-08-29 16:30:54.194 [info] > git rev-list --count --left-right refs/heads/main...refs/remotes/origin/main [33ms]
2024-08-29 16:30:54.200 [info] > git rev-parse --show-toplevel [46ms]
2024-08-29 16:30:54.200 [info] fatal: not a git repository (or any parent up to mount point /home/vir0id)
Stopping at filesystem boundary (GIT_DISCOVERY_ACROSS_FILESYSTEM not set).
2024-08-29 16:30:54.200 [info] > git for-each-ref --format=%(refname)%00%(upstream:short)%00%(objectname)%00%(upstream:track)%00%(upstream:remotename)%00%(upstream:remoteref) refs/heads/main refs/remotes/main [50ms]
2024-08-29 16:30:54.213 [info] > git status -z -uall [6ms]
2024-08-29 16:30:54.213 [info] > git diff --name-status -z --diff-filter=ADMR 2ce9ff85c1b70ceb8b7a9c79c3568e982d461365...refs/remotes/origin/main [14ms]
2024-08-29 16:30:54.226 [info] > git for-each-ref --format=%(refname)%00%(upstream:short)%00%(objectname)%00%(upstream:track)%00%(upstream:remotename)%00%(upstream:remoteref) refs/heads/main refs/remotes/main [2ms]
2024-08-29 16:30:54.231 [info] > git rev-parse --show-toplevel [19ms]
2024-08-29 16:30:54.243 [info] > git config --local branch.main.vscode-merge-base [12ms]
2024-08-29 16:30:54.243 [warning] [Git][config] git config failed: Failed to execute git
2024-08-29 16:30:54.249 [info] > git rev-parse --git-dir --git-common-dir [7ms]
2024-08-29 16:30:54.258 [info] [Model][openRepository] Opened repository: /home/vir0id/Загрузки/repository/i3-skel
2024-08-29 16:30:54.268 [info] > git reflog main --grep-reflog=branch: Created from *. [20ms]
2024-08-29 16:30:54.277 [info] > git symbolic-ref --short refs/remotes/origin/HEAD [5ms]
2024-08-29 16:30:54.277 [info] fatal: ref refs/remotes/origin/HEAD is not a symbolic ref
2024-08-29 16:30:54.278 [info] > git rev-parse --show-toplevel [10ms]
2024-08-29 16:30:54.278 [info] fatal: not a git repository (or any parent up to mount point /home/vir0id)
Stopping at filesystem boundary (GIT_DISCOVERY_ACROSS_FILESYSTEM not set).
2024-08-29 16:30:54.278 [info] > git config --get commit.template [14ms]
2024-08-29 16:30:54.290 [info] > git rev-parse --show-toplevel [7ms]
2024-08-29 16:30:54.295 [info] > git rev-parse --git-dir --git-common-dir [1ms]
2024-08-29 16:30:54.302 [info] [Model][openRepository] Opened repository: /home/vir0id/Загрузки/repository/iso-profiles
2024-08-29 16:30:54.314 [info] > git config --get commit.template [7ms]
2024-08-29 16:30:54.320 [info] > git for-each-ref --format=%(refname)%00%(upstream:short)%00%(objectname)%00%(upstream:track)%00%(upstream:remotename)%00%(upstream:remoteref) refs/heads/main refs/remotes/main [31ms]
2024-08-29 16:30:54.321 [info] > git rev-parse --show-toplevel [9ms]
2024-08-29 16:30:54.327 [info] > git for-each-ref --format=%(refname)%00%(upstream:short)%00%(objectname)%00%(upstream:track)%00%(upstream:remotename)%00%(upstream:remoteref) refs/heads/main refs/remotes/main [8ms]
2024-08-29 16:30:54.329 [info] > git rev-parse --git-dir --git-common-dir [3ms]
2024-08-29 16:30:54.339 [info] [Model][openRepository] Opened repository: /home/vir0id/Загрузки/repository/lightdm-tty
2024-08-29 16:30:54.360 [info] > git config --get commit.template [9ms]
2024-08-29 16:30:54.382 [info] > git rev-parse --show-toplevel [26ms]
2024-08-29 16:30:54.383 [info] > git for-each-ref --format=%(refname)%00%(upstream:short)%00%(objectname)%00%(upstream:track)%00%(upstream:remotename)%00%(upstream:remoteref) refs/heads/main refs/remotes/main [10ms]
2024-08-29 16:30:54.393 [info] > git rev-parse --git-dir --git-common-dir [6ms]
2024-08-29 16:30:54.403 [info] [Model][openRepository] Opened repository: /home/vir0id/Загрузки/repository/packstraps
2024-08-29 16:30:54.416 [info] > git rev-parse --show-toplevel [3ms]
2024-08-29 16:30:54.416 [info] fatal: not a git repository (or any parent up to mount point /home/vir0id)
Stopping at filesystem boundary (GIT_DISCOVERY_ACROSS_FILESYSTEM not set).
2024-08-29 16:30:54.417 [info] > git config --get commit.template [8ms]
2024-08-29 16:30:54.429 [info] > git rev-parse --show-toplevel [7ms]
2024-08-29 16:30:54.437 [info] > git status -z -uall [45ms]
2024-08-29 16:30:54.452 [info] > git for-each-ref --format=%(refname)%00%(upstream:short)%00%(objectname)%00%(upstream:track)%00%(upstream:remotename)%00%(upstream:remoteref) refs/heads/main refs/remotes/main [9ms]
2024-08-29 16:30:54.457 [info] > git rev-parse --show-toplevel [24ms]
2024-08-29 16:30:54.464 [info] > git config --local branch.main.vscode-merge-base [7ms]
2024-08-29 16:30:54.470 [info] > git config --get commit.template [18ms]
2024-08-29 16:30:54.470 [info] > git for-each-ref --format=%(refname)%00%(upstream:short)%00%(objectname)%00%(upstream:track)%00%(upstream:remotename)%00%(upstream:remoteref) refs/heads/main refs/remotes/main [43ms]
2024-08-29 16:30:54.471 [info] > git rev-parse --git-dir --git-common-dir [8ms]
2024-08-29 16:30:54.482 [info] [Model][openRepository] Opened repository: /home/vir0id/Загрузки/repository/vir-rofi-themes
2024-08-29 16:30:54.501 [info] > git for-each-ref --format=%(refname)%00%(upstream:short)%00%(objectname)%00%(upstream:track)%00%(upstream:remotename)%00%(upstream:remoteref) refs/heads/origin/main refs/remotes/origin/main [32ms]
2024-08-29 16:30:54.510 [info] > git merge-base refs/heads/main refs/remotes/origin/main [4ms]
2024-08-29 16:30:54.515 [info] > git rev-parse --show-toplevel [18ms]
2024-08-29 16:30:54.515 [info] fatal: not a git repository (or any parent up to mount point /home/vir0id)
Stopping at filesystem boundary (GIT_DISCOVERY_ACROSS_FILESYSTEM not set).
2024-08-29 16:30:54.515 [info] > git config --get commit.template [22ms]
2024-08-29 16:30:54.516 [info] > git for-each-ref --format=%(refname)%00%(upstream:short)%00%(objectname)%00%(upstream:track)%00%(upstream:remotename)%00%(upstream:remoteref) refs/heads/main refs/remotes/main [27ms]
2024-08-29 16:30:54.533 [info] > git rev-list --count --left-right refs/heads/main...refs/remotes/origin/main [18ms]
2024-08-29 16:30:54.558 [info] > git status -z -uall [35ms]
2024-08-29 16:30:54.558 [info] > git diff --name-status -z --diff-filter=ADMR f4b898f30125c427604547e3ddf3adcb0a26e3ec...refs/remotes/origin/main [20ms]
2024-08-29 16:30:54.559 [info] > git rev-parse --show-toplevel [32ms]
2024-08-29 16:30:54.569 [info] > git for-each-ref --format=%(refname)%00%(upstream:short)%00%(objectname)%00%(upstream:track)%00%(upstream:remotename)%00%(upstream:remoteref) refs/heads/main refs/remotes/main [37ms]
2024-08-29 16:30:54.579 [info] > git status -z -uall [22ms]
2024-08-29 16:30:54.579 [info] > git for-each-ref --format=%(refname)%00%(upstream:short)%00%(objectname)%00%(upstream:track)%00%(upstream:remotename)%00%(upstream:remoteref) refs/heads/main refs/remotes/main [13ms]
2024-08-29 16:30:54.589 [info] > git for-each-ref --format=%(refname)%00%(upstream:short)%00%(objectname)%00%(upstream:track)%00%(upstream:remotename)%00%(upstream:remoteref) refs/heads/main refs/remotes/main [2ms]
2024-08-29 16:30:54.593 [info] > git config --local branch.main.vscode-merge-base [10ms]
2024-08-29 16:30:54.593 [warning] [Git][config] git config failed: Failed to execute git
2024-08-29 16:30:54.597 [info] > git config --get commit.template [19ms]
2024-08-29 16:30:54.597 [info] > git rev-parse --git-dir --git-common-dir [22ms]
2024-08-29 16:30:54.603 [info] [Model][openRepository] Opened repository: /home/vir0id/Загрузки/repository/virOS-calamares
2024-08-29 16:30:54.612 [info] > git config --local branch.main.vscode-merge-base [19ms]
2024-08-29 16:30:54.625 [info] > git for-each-ref --format=%(refname)%00%(upstream:short)%00%(objectname)%00%(upstream:track)%00%(upstream:remotename)%00%(upstream:remoteref) refs/heads/origin/main refs/remotes/origin/main [10ms]
2024-08-29 16:30:54.626 [info] > git rev-parse --show-toplevel [15ms]
2024-08-29 16:30:54.626 [info] > git config --get commit.template [18ms]
2024-08-29 16:30:54.626 [info] > git reflog main --grep-reflog=branch: Created from *. [30ms]
2024-08-29 16:30:54.636 [info] > git symbolic-ref --short refs/remotes/origin/HEAD [7ms]
2024-08-29 16:30:54.636 [info] fatal: ref refs/remotes/origin/HEAD is not a symbolic ref
2024-08-29 16:30:54.640 [info] > git for-each-ref --format=%(refname)%00%(upstream:short)%00%(objectname)%00%(upstream:track)%00%(upstream:remotename)%00%(upstream:remoteref) refs/heads/main refs/remotes/main [18ms]
2024-08-29 16:30:54.645 [info] > git status -z -uall [20ms]
2024-08-29 16:30:54.645 [info] > git rev-parse --git-dir --git-common-dir [9ms]
2024-08-29 16:30:54.652 [info] [Model][openRepository] Opened repository: /home/vir0id/Загрузки/repository/virOS-calamares-branding-garuda
2024-08-29 16:30:54.666 [info] > git merge-base refs/heads/main refs/remotes/origin/main [26ms]
2024-08-29 16:30:54.677 [info] > git rev-list --count --left-right refs/heads/main...refs/remotes/origin/main [7ms]
2024-08-29 16:30:54.681 [info] > git for-each-ref --format=%(refname)%00%(upstream:short)%00%(objectname)%00%(upstream:track)%00%(upstream:remotename)%00%(upstream:remoteref) refs/heads/main refs/remotes/main [17ms]
2024-08-29 16:30:54.684 [info] > git rev-parse --show-toplevel [25ms]
2024-08-29 16:30:54.684 [info] > git config --get commit.template [28ms]
2024-08-29 16:30:54.694 [info] > git status -z -uall [3ms]
2024-08-29 16:30:54.694 [info] > git config --local branch.main.vscode-merge-base [10ms]
2024-08-29 16:30:54.694 [warning] [Git][config] git config failed: Failed to execute git
2024-08-29 16:30:54.698 [info] > git diff --name-status -z --diff-filter=ADMR a00496b6da94187b4de8e2b820f4eab2bfb0a5d6...refs/remotes/origin/main [17ms]
2024-08-29 16:30:54.698 [info] > git config --get commit.template [21ms]
2024-08-29 16:30:54.703 [info] > git rev-parse --git-dir --git-common-dir [9ms]
2024-08-29 16:30:54.709 [info] [Model][openRepository] Opened repository: /home/vir0id/Загрузки/repository/virOS-eww
2024-08-29 16:30:54.730 [info] > git for-each-ref --format=%(refname)%00%(upstream:short)%00%(objectname)%00%(upstream:track)%00%(upstream:remotename)%00%(upstream:remoteref) refs/heads/main refs/remotes/main [15ms]
2024-08-29 16:30:54.734 [info] > git for-each-ref --format=%(refname)%00%(upstream:short)%00%(objectname)%00%(upstream:track)%00%(upstream:remotename)%00%(upstream:remoteref) refs/heads/main refs/remotes/main [32ms]
2024-08-29 16:30:54.734 [info] > git reflog main --grep-reflog=branch: Created from *. [36ms]
2024-08-29 16:30:54.739 [info] > git symbolic-ref --short refs/remotes/origin/HEAD [2ms]
2024-08-29 16:30:54.739 [info] fatal: ref refs/remotes/origin/HEAD is not a symbolic ref
2024-08-29 16:30:54.743 [info] > git config --local branch.main.vscode-merge-base [9ms]
2024-08-29 16:30:54.743 [warning] [Git][config] git config failed: Failed to execute git
2024-08-29 16:30:54.748 [info] > git rev-parse --show-toplevel [19ms]
2024-08-29 16:30:54.748 [info] > git config --get commit.template [24ms]
2024-08-29 16:30:54.748 [info] > git for-each-ref --format=%(refname)%00%(upstream:short)%00%(objectname)%00%(upstream:track)%00%(upstream:remotename)%00%(upstream:remoteref) refs/heads/main refs/remotes/main [28ms]
2024-08-29 16:30:54.749 [info] > git for-each-ref --format=%(refname)%00%(upstream:short)%00%(objectname)%00%(upstream:track)%00%(upstream:remotename)%00%(upstream:remoteref) refs/heads/calamares refs/remotes/calamares [105ms]
2024-08-29 16:30:54.757 [info] > git status -z -uall [630ms]
2024-08-29 16:30:54.757 [info] > git reflog main --grep-reflog=branch: Created from *. [9ms]
2024-08-29 16:30:54.760 [info] > git merge-base refs/heads/main refs/remotes/origin/main [17ms]
2024-08-29 16:30:54.778 [info] > git for-each-ref --format=%(refname)%00%(upstream:short)%00%(objectname)%00%(upstream:track)%00%(upstream:remotename)%00%(upstream:remoteref) refs/heads/main refs/remotes/main [10ms]
2024-08-29 16:30:54.782 [info] > git rev-list --count --left-right refs/heads/main...refs/remotes/origin/main [18ms]
2024-08-29 16:30:54.786 [info] > git symbolic-ref --short refs/remotes/origin/HEAD [26ms]
2024-08-29 16:30:54.786 [info] fatal: ref refs/remotes/origin/HEAD is not a symbolic ref
2024-08-29 16:30:54.786 [info] > git rev-parse --git-dir --git-common-dir [31ms]
2024-08-29 16:30:54.794 [info] [Model][openRepository] Opened repository: /home/vir0id/Загрузки/repository/virOS-fonts
2024-08-29 16:30:54.807 [info] > git status -z -uall [438ms]
2024-08-29 16:30:54.807 [info] > git diff --name-status -z --diff-filter=ADMR b36d33f68591f14b5766870db5be80bdbceef28c...refs/remotes/origin/main [21ms]
2024-08-29 16:30:54.808 [info] > git config --local branch.main.vscode-merge-base [26ms]
2024-08-29 16:30:54.812 [info] > git config --get commit.template [34ms]
2024-08-29 16:30:54.812 [info] > git for-each-ref --format=%(refname)%00%(upstream:short)%00%(objectname)%00%(upstream:track)%00%(upstream:remotename)%00%(upstream:remoteref) refs/heads/main refs/remotes/main [38ms]
2024-08-29 16:30:54.822 [info] > git status -z -uall [4ms]
2024-08-29 16:30:54.822 [info] > git for-each-ref --format=%(refname)%00%(upstream:short)%00%(objectname)%00%(upstream:track)%00%(upstream:remotename)%00%(upstream:remoteref) refs/heads/origin/main refs/remotes/origin/main [10ms]
2024-08-29 16:30:54.826 [info] > git rev-parse --show-toplevel [20ms]
2024-08-29 16:30:54.826 [info] fatal: not a git repository (or any parent up to mount point /home/vir0id)
Stopping at filesystem boundary (GIT_DISCOVERY_ACROSS_FILESYSTEM not set).
2024-08-29 16:30:54.826 [info] > git config --get commit.template [23ms]
2024-08-29 16:30:54.844 [info] > git for-each-ref --format=%(refname)%00%(upstream:short)%00%(objectname)%00%(upstream:track)%00%(upstream:remotename)%00%(upstream:remoteref) refs/heads/main refs/remotes/main [14ms]
2024-08-29 16:30:54.848 [info] > git merge-base refs/heads/main refs/remotes/origin/main [22ms]
2024-08-29 16:30:54.861 [info] > git for-each-ref --format=%(refname)%00%(upstream:short)%00%(objectname)%00%(upstream:track)%00%(upstream:remotename)%00%(upstream:remoteref) refs/heads/main refs/remotes/main [6ms]
2024-08-29 16:30:54.865 [info] > git config --local branch.main.vscode-merge-base [17ms]
2024-08-29 16:30:54.865 [warning] [Git][config] git config failed: Failed to execute git
2024-08-29 16:30:54.868 [info] > git config --get commit.template [24ms]
2024-08-29 16:30:54.868 [info] > git rev-parse --show-toplevel [27ms]
2024-08-29 16:30:54.868 [info] fatal: not a git repository (or any parent up to mount point /home/vir0id)
Stopping at filesystem boundary (GIT_DISCOVERY_ACROSS_FILESYSTEM not set).
2024-08-29 16:30:54.869 [info] [Model][doInitialScan] Initial repository scan completed - repositories (12), closed repositories (3), parent repositories (0), unsafe repositories (0)
2024-08-29 16:30:54.869 [info] > git for-each-ref --format=%(refname)%00%(upstream:short)%00%(objectname)%00%(upstream:track)%00%(upstream:remotename)%00%(upstream:remoteref) refs/heads/main refs/remotes/main [32ms]
2024-08-29 16:30:54.873 [info] > git config --local branch.main.vscode-merge-base [8ms]
2024-08-29 16:30:54.873 [warning] [Git][config] git config failed: Failed to execute git
2024-08-29 16:30:54.877 [info] > git for-each-ref --format=%(refname)%00%(upstream:short)%00%(objectname)%00%(upstream:track)%00%(upstream:remotename)%00%(upstream:remoteref) refs/heads/main refs/remotes/main [17ms]
2024-08-29 16:30:54.881 [info] > git rev-list --count --left-right refs/heads/main...refs/remotes/origin/main [30ms]
2024-08-29 16:30:54.885 [info] > git for-each-ref --format=%(refname)%00%(upstream:short)%00%(objectname)%00%(upstream:track)%00%(upstream:remotename)%00%(upstream:remoteref) refs/heads/main refs/remotes/main [5ms]
2024-08-29 16:30:54.885 [info] > git reflog main --grep-reflog=branch: Created from *. [8ms]
2024-08-29 16:30:54.888 [info] > git reflog main --grep-reflog=branch: Created from *. [20ms]
2024-08-29 16:30:54.895 [info] > git symbolic-ref --short refs/remotes/origin/HEAD [7ms]
2024-08-29 16:30:54.895 [info] fatal: ref refs/remotes/origin/HEAD is not a symbolic ref
2024-08-29 16:30:54.895 [info] > git diff --name-status -z --diff-filter=ADMR e9f91353a8a07fed4228a3fc98bb6c0f7ae512b4...refs/remotes/origin/main [11ms]
2024-08-29 16:30:54.899 [info] > git symbolic-ref --short refs/remotes/origin/HEAD [8ms]
2024-08-29 16:30:54.899 [info] fatal: ref refs/remotes/origin/HEAD is not a symbolic ref
2024-08-29 16:30:54.908 [info] > git merge-base refs/heads/main refs/remotes/origin/main [4ms]
2024-08-29 16:30:54.912 [info] > git status -z -uall [112ms]
2024-08-29 16:30:54.929 [info] > git status -z -uall [22ms]
2024-08-29 16:30:54.929 [info] > git for-each-ref --format=%(refname)%00%(upstream:short)%00%(objectname)%00%(upstream:track)%00%(upstream:remotename)%00%(upstream:remoteref) refs/heads/main refs/remotes/main [11ms]
2024-08-29 16:30:54.934 [info] > git rev-list --count --left-right refs/heads/main...refs/remotes/origin/main [23ms]
2024-08-29 16:30:54.940 [info] > git diff --name-status -z --diff-filter=ADMR 428d4ad2bbe45a09ca4b302aeb2c40197e194194...refs/remotes/origin/main [2ms]
2024-08-29 16:30:54.940 [info] > git config --local branch.main.vscode-merge-base [6ms]
2024-08-29 16:30:54.940 [warning] [Git][config] git config failed: Failed to execute git
2024-08-29 16:30:54.944 [info] > git config --get commit.template [16ms]
2024-08-29 16:30:54.954 [info] > git for-each-ref --format=%(refname)%00%(upstream:short)%00%(objectname)%00%(upstream:track)%00%(upstream:remotename)%00%(upstream:remoteref) refs/heads/main refs/remotes/main [6ms]
2024-08-29 16:30:54.959 [info] > git for-each-ref --format=%(refname)%00%(upstream:short)%00%(objectname)%00%(upstream:track)%00%(upstream:remotename)%00%(upstream:remoteref) refs/heads/main refs/remotes/main [6ms]
2024-08-29 16:30:54.959 [info] > git reflog main --grep-reflog=branch: Created from *. [15ms]
2024-08-29 16:30:54.963 [info] > git config --local branch.main.vscode-merge-base [5ms]
2024-08-29 16:30:54.964 [warning] [Git][config] git config failed: Failed to execute git
2024-08-29 16:30:54.968 [info] > git symbolic-ref --short refs/remotes/origin/HEAD [5ms]
2024-08-29 16:30:54.968 [info] fatal: ref refs/remotes/origin/HEAD is not a symbolic ref
2024-08-29 16:30:54.973 [info] > git reflog main --grep-reflog=branch: Created from *. [5ms]
2024-08-29 16:30:54.980 [info] > git merge-base refs/heads/main refs/remotes/origin/main [8ms]
2024-08-29 16:30:54.984 [info] > git symbolic-ref --short refs/remotes/origin/HEAD [8ms]
2024-08-29 16:30:54.984 [info] fatal: ref refs/remotes/origin/HEAD is not a symbolic ref
2024-08-29 16:30:54.985 [info] > git rev-list --count --left-right refs/heads/main...refs/remotes/origin/main [1ms]
2024-08-29 16:30:54.991 [info] > git diff --name-status -z --diff-filter=ADMR 70034a98c174c577b37b4116c9fe8206dac24f4c...refs/remotes/origin/main [2ms]
2024-08-29 16:30:55.015 [info] > git status -z -uall [35ms]
2024-08-29 16:30:55.021 [info] > git for-each-ref --format=%(refname)%00%(upstream:short)%00%(objectname)%00%(upstream:track)%00%(upstream:remotename)%00%(upstream:remoteref) refs/heads/main refs/remotes/main [2ms]
2024-08-29 16:30:55.026 [info] > git config --local branch.main.vscode-merge-base [1ms]
2024-08-29 16:30:55.026 [warning] [Git][config] git config failed: Failed to execute git
2024-08-29 16:30:55.032 [info] > git reflog main --grep-reflog=branch: Created from *. [2ms]
2024-08-29 16:30:55.037 [info] > git symbolic-ref --short refs/remotes/origin/HEAD [2ms]
2024-08-29 16:30:55.037 [info] fatal: ref refs/remotes/origin/HEAD is not a symbolic ref
2024-08-29 16:30:55.066 [info] > git status -z -uall [193ms]
2024-08-29 16:30:55.077 [info] > git for-each-ref --format=%(refname)%00%(upstream:short)%00%(objectname)%00%(upstream:track)%00%(upstream:remotename)%00%(upstream:remoteref) refs/heads/main refs/remotes/main [6ms]
2024-08-29 16:30:55.081 [info] > git config --get commit.template [5ms]
2024-08-29 16:30:55.082 [info] > git config --local branch.main.vscode-merge-base [2ms]
2024-08-29 16:30:55.082 [warning] [Git][config] git config failed: Failed to execute git
2024-08-29 16:30:55.091 [info] > git for-each-ref --format=%(refname)%00%(upstream:short)%00%(objectname)%00%(upstream:track)%00%(upstream:remotename)%00%(upstream:remoteref) refs/heads/main refs/remotes/main [2ms]
2024-08-29 16:30:55.102 [info] > git reflog main --grep-reflog=branch: Created from *. [16ms]
2024-08-29 16:30:55.105 [info] > git status -z -uall [211ms]
2024-08-29 16:30:55.110 [info] > git status -z -uall [15ms]
2024-08-29 16:30:55.116 [info] > git symbolic-ref --short refs/remotes/origin/HEAD [10ms]
2024-08-29 16:30:55.116 [info] fatal: ref refs/remotes/origin/HEAD is not a symbolic ref
2024-08-29 16:30:55.120 [info] > git for-each-ref --format=%(refname)%00%(upstream:short)%00%(objectname)%00%(upstream:track)%00%(upstream:remotename)%00%(upstream:remoteref) refs/heads/main refs/remotes/main [6ms]
2024-08-29 16:30:55.123 [info] > git for-each-ref --format=%(refname)%00%(upstream:short)%00%(objectname)%00%(upstream:track)%00%(upstream:remotename)%00%(upstream:remoteref) refs/heads/main refs/remotes/main [14ms]
2024-08-29 16:30:55.129 [info] > git config --local branch.main.vscode-merge-base [1ms]
2024-08-29 16:30:55.132 [info] > git config --local branch.main.vscode-merge-base [9ms]
2024-08-29 16:30:55.132 [warning] [Git][config] git config failed: Failed to execute git
2024-08-29 16:30:55.136 [info] > git merge-base refs/heads/main refs/remotes/origin/main [17ms]
2024-08-29 16:30:55.140 [info] > git reflog main --grep-reflog=branch: Created from *. [4ms]
2024-08-29 16:30:55.143 [info] > git for-each-ref --format=%(refname)%00%(upstream:short)%00%(objectname)%00%(upstream:track)%00%(upstream:remotename)%00%(upstream:remoteref) refs/heads/origin/main refs/remotes/origin/main [11ms]
2024-08-29 16:30:55.144 [info] > git rev-list --count --left-right refs/heads/main...refs/remotes/origin/main [5ms]
2024-08-29 16:30:55.148 [info] > git symbolic-ref --short refs/remotes/origin/HEAD [5ms]
2024-08-29 16:30:55.148 [info] fatal: ref refs/remotes/origin/HEAD is not a symbolic ref
2024-08-29 16:30:55.150 [info] > git diff --name-status -z --diff-filter=ADMR a46e27d4bb7a1f640709f58d854bd480d4d211a2...refs/remotes/origin/main [2ms]
2024-08-29 16:30:55.240 [info] > git status -z -uall [894ms]
2024-08-29 16:30:55.251 [info] > git for-each-ref --format=%(refname)%00%(upstream:short)%00%(objectname)%00%(upstream:track)%00%(upstream:remotename)%00%(upstream:remoteref) refs/heads/main refs/remotes/main [6ms]
2024-08-29 16:30:55.256 [info] > git config --get commit.template [5ms]
2024-08-29 16:30:55.256 [info] > git config --local branch.main.vscode-merge-base [1ms]
2024-08-29 16:30:55.256 [warning] [Git][config] git config failed: Failed to execute git
2024-08-29 16:30:55.265 [info] > git for-each-ref --format=%(refname)%00%(upstream:short)%00%(objectname)%00%(upstream:track)%00%(upstream:remotename)%00%(upstream:remoteref) refs/heads/main refs/remotes/main [2ms]
2024-08-29 16:30:55.357 [info] > git reflog main --grep-reflog=branch: Created from *. [97ms]
2024-08-29 16:30:55.362 [info] > git symbolic-ref --short refs/remotes/origin/HEAD [1ms]
2024-08-29 16:30:55.362 [info] fatal: ref refs/remotes/origin/HEAD is not a symbolic ref
2024-08-29 16:30:55.367 [info] > git merge-base refs/heads/main refs/remotes/origin/main [1ms]
2024-08-29 16:30:55.375 [info] > git rev-list --count --left-right refs/heads/main...refs/remotes/origin/main [3ms]
2024-08-29 16:30:55.381 [info] > git diff --name-status -z --diff-filter=ADMR 315a677ddfc98935bb284e0b206d852fd3e7c5c0...refs/remotes/origin/main [2ms]
2024-08-29 16:30:55.415 [info] > git fetch [1305ms]
2024-08-29 16:30:55.415 [info] Missing or invalid credentials.
Skip silent fetch commands
git@github.com: Permission denied (publickey).
fatal: Could not read from remote repository.

Please make sure you have the correct access rights
and the repository exists.
2024-08-29 16:30:55.423 [info] > git status -z -uall [1186ms] (cancelled)
2024-08-29 16:30:55.423 [info] > git config --get commit.template [1ms]
2024-08-29 16:30:55.423 [info] > git config --get commit.template [4ms]
2024-08-29 16:30:55.430 [info] > git for-each-ref --format=%(refname)%00%(upstream:short)%00%(objectname)%00%(upstream:track)%00%(upstream:remotename)%00%(upstream:remoteref) refs/heads/main refs/remotes/main [3ms]
2024-08-29 16:30:55.431 [info] > git for-each-ref --format=%(refname)%00%(upstream:short)%00%(objectname)%00%(upstream:track)%00%(upstream:remotename)%00%(upstream:remoteref) refs/heads/main refs/remotes/main [2ms]
2024-08-29 16:30:55.460 [info] > git fetch [1461ms]
2024-08-29 16:30:55.460 [info] Missing or invalid credentials.
Skip silent fetch commands
git@github.com: Permission denied (publickey).
fatal: Could not read from remote repository.

Please make sure you have the correct access rights
and the repository exists.
2024-08-29 16:30:55.468 [info] > git config --get commit.template [4ms]
2024-08-29 16:30:55.469 [info] > git for-each-ref --format=%(refname)%00%(upstream:short)%00%(objectname)%00%(upstream:track)%00%(upstream:remotename)%00%(upstream:remoteref) refs/heads/main refs/remotes/main [1ms]
2024-08-29 16:30:55.475 [info] > git status -z -uall [2ms]
2024-08-29 16:30:55.480 [info] > git for-each-ref --format=%(refname)%00%(upstream:short)%00%(objectname)%00%(upstream:track)%00%(upstream:remotename)%00%(upstream:remoteref) refs/heads/main refs/remotes/main [1ms]
2024-08-29 16:30:55.485 [info] > git config --local branch.main.vscode-merge-base [1ms]
2024-08-29 16:30:55.485 [warning] [Git][config] git config failed: Failed to execute git
2024-08-29 16:30:55.490 [info] > git reflog main --grep-reflog=branch: Created from *. [2ms]
2024-08-29 16:30:55.494 [info] > git symbolic-ref --short refs/remotes/origin/HEAD [1ms]
2024-08-29 16:30:55.494 [info] fatal: ref refs/remotes/origin/HEAD is not a symbolic ref
2024-08-29 16:30:55.518 [info] > git rev-parse --show-toplevel [1ms]
2024-08-29 16:30:55.518 [info] fatal: not a git repository (or any parent up to mount point /)
Stopping at filesystem boundary (GIT_DISCOVERY_ACROSS_FILESYSTEM not set).
2024-08-29 16:30:55.522 [info] > git fetch [1220ms]
2024-08-29 16:30:55.522 [info] Missing or invalid credentials.
Skip silent fetch commands
git@github.com: Permission denied (publickey).
fatal: Could not read from remote repository.

Please make sure you have the correct access rights
and the repository exists.
2024-08-29 16:30:55.526 [info] > git rev-parse --show-toplevel [5ms]
2024-08-29 16:30:55.526 [info] fatal: not a git repository (or any parent up to mount point /home/vir0id)
Stopping at filesystem boundary (GIT_DISCOVERY_ACROSS_FILESYSTEM not set).
2024-08-29 16:30:55.529 [info] > git config --get commit.template [4ms]
2024-08-29 16:30:55.530 [info] > git for-each-ref --format=%(refname)%00%(upstream:short)%00%(objectname)%00%(upstream:track)%00%(upstream:remotename)%00%(upstream:remoteref) refs/heads/main refs/remotes/main [1ms]
2024-08-29 16:30:55.548 [info] > git status -z -uall [15ms]
2024-08-29 16:30:55.554 [info] > git for-each-ref --format=%(refname)%00%(upstream:short)%00%(objectname)%00%(upstream:track)%00%(upstream:remotename)%00%(upstream:remoteref) refs/heads/main refs/remotes/main [2ms]
2024-08-29 16:30:55.559 [info] > git config --local branch.main.vscode-merge-base [1ms]
2024-08-29 16:30:55.559 [warning] [Git][config] git config failed: Failed to execute git
2024-08-29 16:30:55.565 [info] > git reflog main --grep-reflog=branch: Created from *. [2ms]
2024-08-29 16:30:55.570 [info] > git symbolic-ref --short refs/remotes/origin/HEAD [1ms]
2024-08-29 16:30:55.570 [info] fatal: ref refs/remotes/origin/HEAD is not a symbolic ref
2024-08-29 16:30:55.579 [info] > git status -z -uall [310ms]
2024-08-29 16:30:55.586 [info] > git for-each-ref --format=%(refname)%00%(upstream:short)%00%(objectname)%00%(upstream:track)%00%(upstream:remotename)%00%(upstream:remoteref) refs/heads/main refs/remotes/main [2ms]
2024-08-29 16:30:55.591 [info] > git config --local branch.main.vscode-merge-base [2ms]
2024-08-29 16:30:55.591 [warning] [Git][config] git config failed: Failed to execute git
2024-08-29 16:30:55.595 [info] > git fetch [1256ms]
2024-08-29 16:30:55.595 [info] Missing or invalid credentials.
Skip silent fetch commands
git@github.com: Permission denied (publickey).
fatal: Could not read from remote repository.

Please make sure you have the correct access rights
and the repository exists.
2024-08-29 16:30:55.599 [info] > git reflog main --grep-reflog=branch: Created from *. [5ms]
2024-08-29 16:30:55.604 [info] > git config --get commit.template [6ms]
2024-08-29 16:30:55.609 [info] > git symbolic-ref --short refs/remotes/origin/HEAD [5ms]
2024-08-29 16:30:55.609 [info] fatal: ref refs/remotes/origin/HEAD is not a symbolic ref
2024-08-29 16:30:55.610 [info] > git for-each-ref --format=%(refname)%00%(upstream:short)%00%(objectname)%00%(upstream:track)%00%(upstream:remotename)%00%(upstream:remoteref) refs/heads/main refs/remotes/main [2ms]
2024-08-29 16:30:55.621 [info] > git status -z -uall [8ms]
2024-08-29 16:30:55.627 [info] > git for-each-ref --format=%(refname)%00%(upstream:short)%00%(objectname)%00%(upstream:track)%00%(upstream:remotename)%00%(upstream:remoteref) refs/heads/main refs/remotes/main [2ms]
2024-08-29 16:30:55.632 [info] > git config --local branch.main.vscode-merge-base [1ms]
2024-08-29 16:30:55.637 [info] > git for-each-ref --format=%(refname)%00%(upstream:short)%00%(objectname)%00%(upstream:track)%00%(upstream:remotename)%00%(upstream:remoteref) refs/heads/origin/main refs/remotes/origin/main [1ms]
2024-08-29 16:30:55.641 [info] > git fetch [1610ms]
2024-08-29 16:30:55.641 [info] Missing or invalid credentials.
Skip silent fetch commands
git@github.com: Permission denied (publickey).
fatal: Could not read from remote repository.

Please make sure you have the correct access rights
and the repository exists.
2024-08-29 16:30:55.650 [info] > git config --get commit.template [5ms]
2024-08-29 16:30:55.651 [info] > git for-each-ref --format=%(refname)%00%(upstream:short)%00%(objectname)%00%(upstream:track)%00%(upstream:remotename)%00%(upstream:remoteref) refs/heads/main refs/remotes/main [2ms]
2024-08-29 16:30:55.938 [info] > git status -z -uall [284ms]
2024-08-29 16:30:55.945 [info] > git for-each-ref --format=%(refname)%00%(upstream:short)%00%(objectname)%00%(upstream:track)%00%(upstream:remotename)%00%(upstream:remoteref) refs/heads/main refs/remotes/main [2ms]
2024-08-29 16:30:55.950 [info] > git config --local branch.main.vscode-merge-base [1ms]
2024-08-29 16:30:55.955 [info] > git for-each-ref --format=%(refname)%00%(upstream:short)%00%(objectname)%00%(upstream:track)%00%(upstream:remotename)%00%(upstream:remoteref) refs/heads/origin/main refs/remotes/origin/main [1ms]
2024-08-29 16:30:55.981 [info] > git status -z -uall [1160ms]
2024-08-29 16:30:55.991 [info] > git for-each-ref --format=%(refname)%00%(upstream:short)%00%(objectname)%00%(upstream:track)%00%(upstream:remotename)%00%(upstream:remoteref) refs/heads/calamares refs/remotes/calamares [6ms]
2024-08-29 16:30:55.995 [info] > git config --get commit.template [4ms]
2024-08-29 16:30:55.996 [info] > git config --local branch.calamares.vscode-merge-base [1ms]
2024-08-29 16:30:56.003 [info] > git for-each-ref --format=%(refname)%00%(upstream:short)%00%(objectname)%00%(upstream:track)%00%(upstream:remotename)%00%(upstream:remoteref) refs/heads/origin/calamares refs/remotes/origin/calamares [3ms]
2024-08-29 16:30:56.008 [info] > git for-each-ref --format=%(refname)%00%(upstream:short)%00%(objectname)%00%(upstream:track)%00%(upstream:remotename)%00%(upstream:remoteref) refs/heads/calamares refs/remotes/calamares [4ms]
2024-08-29 16:30:56.012 [info] > git merge-base refs/heads/calamares refs/remotes/origin/calamares [5ms]
2024-08-29 16:30:56.050 [info] > git rev-list --count --left-right refs/heads/calamares...refs/remotes/origin/calamares [34ms]
2024-08-29 16:30:56.056 [info] > git diff --name-status -z --diff-filter=ADMR ad63d4f66f13ce9b533f0d214ba194cb0313fb55...refs/remotes/origin/calamares [2ms]
2024-08-29 16:30:56.204 [info] > git status -z -uall [192ms]
2024-08-29 16:30:56.211 [info] > git for-each-ref --format=%(refname)%00%(upstream:short)%00%(objectname)%00%(upstream:track)%00%(upstream:remotename)%00%(upstream:remoteref) refs/heads/calamares refs/remotes/calamares [2ms]
2024-08-29 16:30:56.218 [info] > git config --local branch.calamares.vscode-merge-base [2ms]
2024-08-29 16:30:56.225 [info] > git for-each-ref --format=%(refname)%00%(upstream:short)%00%(objectname)%00%(upstream:track)%00%(upstream:remotename)%00%(upstream:remoteref) refs/heads/origin/calamares refs/remotes/origin/calamares [1ms]
2024-08-29 16:30:56.424 [info] > git fetch [2166ms]
2024-08-29 16:30:56.424 [info] Missing or invalid credentials.
Skip silent fetch commands
git@github.com: Permission denied (publickey).
fatal: Could not read from remote repository.

Please make sure you have the correct access rights
and the repository exists.
2024-08-29 16:30:56.434 [info] > git config --get commit.template [5ms]
2024-08-29 16:30:56.435 [info] > git for-each-ref --format=%(refname)%00%(upstream:short)%00%(objectname)%00%(upstream:track)%00%(upstream:remotename)%00%(upstream:remoteref) refs/heads/main refs/remotes/main [2ms]
2024-08-29 16:30:56.483 [info] > git fetch [1832ms]
2024-08-29 16:30:56.483 [info] Missing or invalid credentials.
Skip silent fetch commands
git@github.com: Permission denied (publickey).
fatal: Could not read from remote repository.

Please make sure you have the correct access rights
and the repository exists.
2024-08-29 16:30:56.489 [info] > git fetch [1780ms]
2024-08-29 16:30:56.489 [info] Missing or invalid credentials.
Skip silent fetch commands
git@github.com: Permission denied (publickey).
fatal: Could not read from remote repository.

Please make sure you have the correct access rights
and the repository exists.
2024-08-29 16:30:56.494 [info] > git config --get commit.template [6ms]
2024-08-29 16:30:56.498 [info] > git config --get commit.template [5ms]
2024-08-29 16:30:56.503 [info] > git fetch [1899ms]
2024-08-29 16:30:56.503 [info] Missing or invalid credentials.
Skip silent fetch commands
git@github.com: Permission denied (publickey).
fatal: Could not read from remote repository.

Please make sure you have the correct access rights
and the repository exists.
2024-08-29 16:30:56.503 [info] > git for-each-ref --format=%(refname)%00%(upstream:short)%00%(objectname)%00%(upstream:track)%00%(upstream:remotename)%00%(upstream:remoteref) refs/heads/main refs/remotes/main [6ms]
2024-08-29 16:30:56.507 [info] > git for-each-ref --format=%(refname)%00%(upstream:short)%00%(objectname)%00%(upstream:track)%00%(upstream:remotename)%00%(upstream:remoteref) refs/heads/main refs/remotes/main [5ms]
2024-08-29 16:30:56.507 [info] > git config --get commit.template [1ms]
2024-08-29 16:30:56.516 [info] > git for-each-ref --format=%(refname)%00%(upstream:short)%00%(objectname)%00%(upstream:track)%00%(upstream:remotename)%00%(upstream:remoteref) refs/heads/calamares refs/remotes/calamares [5ms]
2024-08-29 16:30:56.516 [info] > git fetch [1722ms]
2024-08-29 16:30:56.516 [info] Missing or invalid credentials.
Skip silent fetch commands
git@github.com: Permission denied (publickey).
fatal: Could not read from remote repository.

Please make sure you have the correct access rights
and the repository exists.
2024-08-29 16:30:56.529 [info] > git status -z -uall [1630ms] (cancelled)
2024-08-29 16:30:56.529 [info] > git status -z -uall [8ms]
2024-08-29 16:30:56.531 [info] > git config --get commit.template [5ms]
2024-08-29 16:30:56.540 [info] > git for-each-ref --format=%(refname)%00%(upstream:short)%00%(objectname)%00%(upstream:track)%00%(upstream:remotename)%00%(upstream:remoteref) refs/heads/main refs/remotes/main [4ms]
2024-08-29 16:30:56.545 [info] > git config --get commit.template [16ms]
2024-08-29 16:30:56.558 [info] > git status -z -uall [42ms]
2024-08-29 16:30:56.559 [info] > git config --local branch.main.vscode-merge-base [14ms]
2024-08-29 16:30:56.559 [warning] [Git][config] git config failed: Failed to execute git
2024-08-29 16:30:56.567 [info] > git for-each-ref --format=%(refname)%00%(upstream:short)%00%(objectname)%00%(upstream:track)%00%(upstream:remotename)%00%(upstream:remoteref) refs/heads/main refs/remotes/main [8ms]
2024-08-29 16:30:56.567 [info] > git for-each-ref --format=%(refname)%00%(upstream:short)%00%(objectname)%00%(upstream:track)%00%(upstream:remotename)%00%(upstream:remoteref) refs/heads/main refs/remotes/main [13ms]
2024-08-29 16:30:56.567 [info] > git fetch [2086ms]
2024-08-29 16:30:56.567 [info] Missing or invalid credentials.
Skip silent fetch commands
git@github.com: Permission denied (publickey).
fatal: Could not read from remote repository.

Please make sure you have the correct access rights
and the repository exists.
2024-08-29 16:30:56.575 [info] > git fetch [2173ms]
2024-08-29 16:30:56.575 [info] Missing or invalid credentials.
Skip silent fetch commands
git@github.com: Permission denied (publickey).
fatal: Could not read from remote repository.

Please make sure you have the correct access rights
and the repository exists.
2024-08-29 16:30:56.585 [info] > git for-each-ref --format=%(refname)%00%(upstream:short)%00%(objectname)%00%(upstream:track)%00%(upstream:remotename)%00%(upstream:remoteref) refs/heads/main refs/remotes/main [11ms]
2024-08-29 16:30:56.590 [info] > git reflog main --grep-reflog=branch: Created from *. [27ms]
2024-08-29 16:30:56.596 [info] > git config --local branch.main.vscode-merge-base [5ms]
2024-08-29 16:30:56.596 [warning] [Git][config] git config failed: Failed to execute git
2024-08-29 16:30:56.600 [info] > git config --get commit.template [16ms]
2024-08-29 16:30:56.600 [info] > git config --get commit.template [20ms]
2024-08-29 16:30:56.601 [info] > git symbolic-ref --short refs/remotes/origin/HEAD [7ms]
2024-08-29 16:30:56.601 [info] fatal: ref refs/remotes/origin/HEAD is not a symbolic ref
2024-08-29 16:30:56.614 [info] > git reflog main --grep-reflog=branch: Created from *. [14ms]
2024-08-29 16:30:56.617 [info] > git for-each-ref --format=%(refname)%00%(upstream:short)%00%(objectname)%00%(upstream:track)%00%(upstream:remotename)%00%(upstream:remoteref) refs/heads/main refs/remotes/main [4ms]
2024-08-29 16:30:56.618 [info] > git for-each-ref --format=%(refname)%00%(upstream:short)%00%(objectname)%00%(upstream:track)%00%(upstream:remotename)%00%(upstream:remoteref) refs/heads/main refs/remotes/main [8ms]
2024-08-29 16:30:56.625 [info] > git status -z -uall [4ms]
2024-08-29 16:30:56.630 [info] > git symbolic-ref --short refs/remotes/origin/HEAD [13ms]
2024-08-29 16:30:56.630 [info] fatal: ref refs/remotes/origin/HEAD is not a symbolic ref
2024-08-29 16:30:56.630 [info] > git status -z -uall [6ms]
2024-08-29 16:30:56.637 [info] > git for-each-ref --format=%(refname)%00%(upstream:short)%00%(objectname)%00%(upstream:track)%00%(upstream:remotename)%00%(upstream:remoteref) refs/heads/main refs/remotes/main [3ms]
2024-08-29 16:30:56.641 [info] > git for-each-ref --format=%(refname)%00%(upstream:short)%00%(objectname)%00%(upstream:track)%00%(upstream:remotename)%00%(upstream:remoteref) refs/heads/main refs/remotes/main [12ms]
2024-08-29 16:30:56.645 [info] > git config --local branch.main.vscode-merge-base [4ms]
2024-08-29 16:30:56.645 [warning] [Git][config] git config failed: Failed to execute git
2024-08-29 16:30:56.649 [info] > git config --local branch.main.vscode-merge-base [5ms]
2024-08-29 16:30:56.649 [warning] [Git][config] git config failed: Failed to execute git
2024-08-29 16:30:56.653 [info] > git reflog main --grep-reflog=branch: Created from *. [5ms]
2024-08-29 16:30:56.656 [info] > git reflog main --grep-reflog=branch: Created from *. [4ms]
2024-08-29 16:30:56.660 [info] > git symbolic-ref --short refs/remotes/origin/HEAD [4ms]
2024-08-29 16:30:56.660 [info] fatal: ref refs/remotes/origin/HEAD is not a symbolic ref
2024-08-29 16:30:56.661 [info] > git symbolic-ref --short refs/remotes/origin/HEAD [2ms]
2024-08-29 16:30:56.661 [info] fatal: ref refs/remotes/origin/HEAD is not a symbolic ref
2024-08-29 16:30:56.671 [info] > git status -z -uall [121ms]
2024-08-29 16:30:56.677 [info] > git for-each-ref --format=%(refname)%00%(upstream:short)%00%(objectname)%00%(upstream:track)%00%(upstream:remotename)%00%(upstream:remoteref) refs/heads/calamares refs/remotes/calamares [2ms]
2024-08-29 16:30:56.682 [info] > git config --local branch.calamares.vscode-merge-base [2ms]
2024-08-29 16:30:56.687 [info] > git for-each-ref --format=%(refname)%00%(upstream:short)%00%(objectname)%00%(upstream:track)%00%(upstream:remotename)%00%(upstream:remoteref) refs/heads/origin/calamares refs/remotes/origin/calamares [2ms]
2024-08-29 16:30:56.742 [info] > git status -z -uall [302ms]
2024-08-29 16:30:56.748 [info] > git for-each-ref --format=%(refname)%00%(upstream:short)%00%(objectname)%00%(upstream:track)%00%(upstream:remotename)%00%(upstream:remoteref) refs/heads/main refs/remotes/main [1ms]
2024-08-29 16:30:56.753 [info] > git config --local branch.main.vscode-merge-base [1ms]
2024-08-29 16:30:56.753 [warning] [Git][config] git config failed: Failed to execute git
2024-08-29 16:30:56.760 [info] > git reflog main --grep-reflog=branch: Created from *. [3ms]
2024-08-29 16:30:56.764 [info] > git symbolic-ref --short refs/remotes/origin/HEAD [1ms]
2024-08-29 16:30:56.764 [info] fatal: ref refs/remotes/origin/HEAD is not a symbolic ref
2024-08-29 16:30:57.632 [info] > git status -z -uall [2197ms]
2024-08-29 16:30:57.640 [info] > git for-each-ref --format=%(refname)%00%(upstream:short)%00%(objectname)%00%(upstream:track)%00%(upstream:remotename)%00%(upstream:remoteref) refs/heads/main refs/remotes/main [3ms]
2024-08-29 16:30:57.645 [info] > git config --local branch.main.vscode-merge-base [1ms]
2024-08-29 16:30:57.645 [warning] [Git][config] git config failed: Failed to execute git
2024-08-29 16:30:57.656 [info] > git reflog main --grep-reflog=branch: Created from *. [7ms]
2024-08-29 16:30:57.661 [info] > git symbolic-ref --short refs/remotes/origin/HEAD [2ms]
2024-08-29 16:30:57.661 [info] fatal: ref refs/remotes/origin/HEAD is not a symbolic ref
2024-08-29 16:30:57.666 [info] > git merge-base refs/heads/main refs/remotes/origin/main [2ms]
2024-08-29 16:30:57.672 [info] > git rev-list --count --left-right refs/heads/main...refs/remotes/origin/main [2ms]
2024-08-29 16:30:57.677 [info] > git diff --name-status -z --diff-filter=ADMR 4677f807302f4fc773ee90f0101ef8d43d571c90...refs/remotes/origin/main [2ms]
2024-08-29 16:31:07.795 [info] > git status -z -uall [11190ms]
2024-08-29 16:31:07.802 [info] > git for-each-ref --format=%(refname)%00%(upstream:short)%00%(objectname)%00%(upstream:track)%00%(upstream:remotename)%00%(upstream:remoteref) refs/heads/main refs/remotes/main [2ms]
2024-08-29 16:31:07.807 [info] > git config --local branch.main.vscode-merge-base [1ms]
2024-08-29 16:31:07.814 [info] > git for-each-ref --format=%(refname)%00%(upstream:short)%00%(objectname)%00%(upstream:track)%00%(upstream:remotename)%00%(upstream:remoteref) refs/heads/origin/main refs/remotes/origin/main [4ms]
2024-08-29 16:31:07.819 [info] > git merge-base refs/heads/main refs/remotes/origin/main [2ms]
2024-08-29 16:31:07.827 [info] > git rev-list --count --left-right refs/heads/main...refs/remotes/origin/main [4ms]
2024-08-29 16:31:07.832 [info] > git diff --name-status -z --diff-filter=ADMR f26295207775f381576a6ed7360f99a7d37b5330...refs/remotes/origin/main [2ms]
2024-08-29 18:51:54.484 [info] > git fetch [1199ms]
2024-08-29 18:51:54.484 [info] Missing or invalid credentials.
Skip silent fetch commands
git@github.com: Permission denied (publickey).
fatal: Could not read from remote repository.

Please make sure you have the correct access rights
and the repository exists.
2024-08-29 18:51:54.491 [info] > git fetch [1214ms]
2024-08-29 18:51:54.491 [info] Missing or invalid credentials.
Skip silent fetch commands
git@github.com: Permission denied (publickey).
fatal: Could not read from remote repository.

Please make sure you have the correct access rights
and the repository exists.
2024-08-29 18:51:54.496 [info] > git config --get commit.template [6ms]
2024-08-29 18:51:54.505 [info] > git config --get commit.template [10ms]
2024-08-29 18:51:54.505 [info] > git for-each-ref --format=%(refname)%00%(upstream:short)%00%(objectname)%00%(upstream:track)%00%(upstream:remotename)%00%(upstream:remoteref) refs/heads/main refs/remotes/main [5ms]
2024-08-29 18:51:54.510 [info] > git for-each-ref --format=%(refname)%00%(upstream:short)%00%(objectname)%00%(upstream:track)%00%(upstream:remotename)%00%(upstream:remoteref) refs/heads/main refs/remotes/main [5ms]
2024-08-29 18:51:54.517 [info] > git status -z -uall [7ms]
2024-08-29 18:51:54.526 [info] > git for-each-ref --format=%(refname)%00%(upstream:short)%00%(objectname)%00%(upstream:track)%00%(upstream:remotename)%00%(upstream:remoteref) refs/heads/main refs/remotes/main [2ms]
2024-08-29 18:51:54.532 [info] > git config --local branch.main.vscode-merge-base [2ms]
2024-08-29 18:51:54.533 [warning] [Git][config] git config failed: Failed to execute git
2024-08-29 18:51:54.564 [info] > git reflog main --grep-reflog=branch: Created from *. [24ms]
2024-08-29 18:51:54.573 [info] > git symbolic-ref --short refs/remotes/origin/HEAD [2ms]
2024-08-29 18:51:54.573 [info] fatal: ref refs/remotes/origin/HEAD is not a symbolic ref
