2024-10-01 12:22:04.683 [info] [main] Log level: Info
2024-10-01 12:22:04.683 [info] [main] Validating found git in: "git"
2024-10-01 12:22:04.683 [info] [main] Using git "2.46.2" from "git"
2024-10-01 12:22:04.683 [info] [Model][doInitialScan] Initial repository scan started
2024-10-01 12:22:04.683 [info] > git rev-parse --show-toplevel [2ms]
2024-10-01 12:22:04.683 [info] fatal: not a git repository (or any parent up to mount point /)
Stopping at filesystem boundary (GIT_DISCOVERY_ACROSS_FILESYSTEM not set).
2024-10-01 12:22:04.691 [info] > git rev-parse --show-toplevel [1ms]
2024-10-01 12:22:04.691 [info] fatal: not a git repository (or any parent up to mount point /)
Stopping at filesystem boundary (GIT_DISCOVERY_ACROSS_FILESYSTEM not set).
2024-10-01 12:22:04.696 [info] > git rev-parse --show-toplevel [2ms]
2024-10-01 12:22:04.696 [info] fatal: not a git repository (or any parent up to mount point /)
Stopping at filesystem boundary (GIT_DISCOVERY_ACROSS_FILESYSTEM not set).
2024-10-01 12:22:04.702 [info] > git rev-parse --show-toplevel [2ms]
2024-10-01 12:22:04.702 [info] fatal: not a git repository (or any parent up to mount point /)
Stopping at filesystem boundary (GIT_DISCOVERY_ACROSS_FILESYSTEM not set).
2024-10-01 12:22:04.708 [info] > git rev-parse --show-toplevel [2ms]
2024-10-01 12:22:04.708 [info] fatal: not a git repository (or any parent up to mount point /)
Stopping at filesystem boundary (GIT_DISCOVERY_ACROSS_FILESYSTEM not set).
2024-10-01 12:22:04.714 [info] > git rev-parse --show-toplevel [2ms]
2024-10-01 12:22:04.714 [info] fatal: not a git repository (or any parent up to mount point /)
Stopping at filesystem boundary (GIT_DISCOVERY_ACROSS_FILESYSTEM not set).
2024-10-01 12:22:04.720 [info] > git rev-parse --show-toplevel [2ms]
2024-10-01 12:22:04.720 [info] fatal: not a git repository (or any parent up to mount point /)
Stopping at filesystem boundary (GIT_DISCOVERY_ACROSS_FILESYSTEM not set).
2024-10-01 12:22:04.721 [info] [Model][doInitialScan] Initial repository scan completed - repositories (0), closed repositories (0), parent repositories (0), unsafe repositories (0)
2024-10-01 12:22:13.138 [info] [main] Log level: Info
2024-10-01 12:22:13.138 [info] [main] Validating found git in: "git"
2024-10-01 12:22:13.138 [info] [main] Using git "2.46.2" from "git"
2024-10-01 12:22:13.138 [info] [Model][doInitialScan] Initial repository scan started
2024-10-01 12:22:13.138 [info] [Model][doInitialScan] Initial repository scan completed - repositories (0), closed repositories (0), parent repositories (0), unsafe repositories (0)
