2024-08-29 19:43:39.262 [info] [main] Log level: Info
2024-08-29 19:43:39.262 [info] [main] Validating found git in: "git"
2024-08-29 19:43:39.262 [info] [main] Using git "2.46.0" from "git"
2024-08-29 19:43:39.262 [info] [Model][doInitialScan] Initial repository scan started
2024-08-29 19:43:39.262 [info] > git rev-parse --show-toplevel [5ms]
2024-08-29 19:43:39.262 [info] fatal: not a git repository (or any parent up to mount point /)
Stopping at filesystem boundary (GIT_DISCOVERY_ACROSS_FILESYSTEM not set).
2024-08-29 19:43:39.262 [info] > git rev-parse --show-toplevel [10ms]
2024-08-29 19:43:39.262 [info] fatal: not a git repository (or any parent up to mount point /home/vir0id)
Stopping at filesystem boundary (GIT_DISCOVERY_ACROSS_FILESYSTEM not set).
2024-08-29 19:43:39.263 [info] > git rev-parse --show-toplevel [3ms]
2024-08-29 19:43:39.263 [info] fatal: not a git repository (or any parent up to mount point /)
Stopping at filesystem boundary (GIT_DISCOVERY_ACROSS_FILESYSTEM not set).
2024-08-29 19:43:39.270 [info] > git rev-parse --show-toplevel [2ms]
2024-08-29 19:43:39.270 [info] fatal: not a git repository (or any parent up to mount point /)
Stopping at filesystem boundary (GIT_DISCOVERY_ACROSS_FILESYSTEM not set).
2024-08-29 19:43:39.276 [info] > git rev-parse --show-toplevel [1ms]
2024-08-29 19:43:39.276 [info] fatal: not a git repository (or any parent up to mount point /)
Stopping at filesystem boundary (GIT_DISCOVERY_ACROSS_FILESYSTEM not set).
2024-08-29 19:43:39.283 [info] > git rev-parse --show-toplevel [1ms]
2024-08-29 19:43:39.283 [info] fatal: not a git repository (or any parent up to mount point /)
Stopping at filesystem boundary (GIT_DISCOVERY_ACROSS_FILESYSTEM not set).
2024-08-29 19:43:39.290 [info] > git rev-parse --show-toplevel [2ms]
2024-08-29 19:43:39.290 [info] fatal: not a git repository (or any parent up to mount point /)
Stopping at filesystem boundary (GIT_DISCOVERY_ACROSS_FILESYSTEM not set).
2024-08-29 19:43:39.300 [info] > git rev-parse --show-toplevel [5ms]
2024-08-29 19:43:39.300 [info] fatal: not a git repository (or any parent up to mount point /)
Stopping at filesystem boundary (GIT_DISCOVERY_ACROSS_FILESYSTEM not set).
2024-08-29 19:43:39.307 [info] > git rev-parse --show-toplevel [2ms]
2024-08-29 19:43:39.320 [info] > git rev-parse --git-dir --git-common-dir [9ms]
2024-08-29 19:43:39.329 [info] [Model][openRepository] Opened repository: /home/vir0id/Загрузки/repository/BackUpMenu
2024-08-29 19:43:39.342 [info] > git rev-parse --show-toplevel [4ms]
2024-08-29 19:43:39.342 [info] > git config --get commit.template [8ms]
2024-08-29 19:43:39.352 [info] > git rev-parse --git-dir --git-common-dir [5ms]
2024-08-29 19:43:39.358 [info] [Model][openRepository] Opened repository: /home/vir0id/Загрузки/repository/NeoCity
2024-08-29 19:43:39.367 [info] > git for-each-ref --format=%(refname)%00%(upstream:short)%00%(objectname)%00%(upstream:track)%00%(upstream:remotename)%00%(upstream:remoteref) refs/heads/main refs/remotes/main [16ms]
2024-08-29 19:43:39.369 [info] > git config --get commit.template [5ms]
2024-08-29 19:43:39.379 [info] > git rev-parse --show-toplevel [12ms]
2024-08-29 19:43:39.380 [info] > git for-each-ref --format=%(refname)%00%(upstream:short)%00%(objectname)%00%(upstream:track)%00%(upstream:remotename)%00%(upstream:remoteref) refs/heads/main refs/remotes/main [5ms]
2024-08-29 19:43:39.384 [info] > git status -z -uall [6ms]
2024-08-29 19:43:39.401 [info] > git for-each-ref --format=%(refname)%00%(upstream:short)%00%(objectname)%00%(upstream:track)%00%(upstream:remotename)%00%(upstream:remoteref) refs/heads/main refs/remotes/main [12ms]
2024-08-29 19:43:39.406 [info] > git rev-parse --show-toplevel [22ms]
2024-08-29 19:43:39.415 [info] > git config --local branch.main.vscode-merge-base [9ms]
2024-08-29 19:43:39.415 [warning] [Git][config] git config failed: Failed to execute git
2024-08-29 19:43:39.420 [info] > git config --get commit.template [20ms]
2024-08-29 19:43:39.428 [info] > git rev-parse --git-dir --git-common-dir [14ms]
2024-08-29 19:43:39.439 [info] [Model][openRepository] Opened repository: /home/vir0id/Загрузки/repository/garuda-bspwm-settings
2024-08-29 19:43:39.456 [info] > git reflog main --grep-reflog=branch: Created from *. [36ms]
2024-08-29 19:43:39.466 [info] > git symbolic-ref --short refs/remotes/origin/HEAD [6ms]
2024-08-29 19:43:39.466 [info] fatal: ref refs/remotes/origin/HEAD is not a symbolic ref
2024-08-29 19:43:39.471 [info] > git rev-parse --show-toplevel [16ms]
2024-08-29 19:43:39.471 [info] fatal: not a git repository (or any parent up to mount point /home/vir0id)
Stopping at filesystem boundary (GIT_DISCOVERY_ACROSS_FILESYSTEM not set).
2024-08-29 19:43:39.471 [info] > git config --get commit.template [20ms]
2024-08-29 19:43:39.471 [info] > git for-each-ref --format=%(refname)%00%(upstream:short)%00%(objectname)%00%(upstream:track)%00%(upstream:remotename)%00%(upstream:remoteref) refs/heads/main refs/remotes/main [26ms]
2024-08-29 19:43:39.477 [info] > git merge-base refs/heads/main refs/remotes/origin/main [6ms]
2024-08-29 19:43:39.486 [info] > git rev-parse --show-toplevel [10ms]
2024-08-29 19:43:39.486 [info] fatal: not a git repository (or any parent up to mount point /home/vir0id)
Stopping at filesystem boundary (GIT_DISCOVERY_ACROSS_FILESYSTEM not set).
2024-08-29 19:43:39.490 [info] > git for-each-ref --format=%(refname)%00%(upstream:short)%00%(objectname)%00%(upstream:track)%00%(upstream:remotename)%00%(upstream:remoteref) refs/heads/main refs/remotes/main [5ms]
2024-08-29 19:43:39.490 [info] > git rev-list --count --left-right refs/heads/main...refs/remotes/origin/main [9ms]
2024-08-29 19:43:39.498 [info] > git rev-parse --show-toplevel [9ms]
2024-08-29 19:43:39.502 [info] > git diff --name-status -z --diff-filter=ADMR 2ce9ff85c1b70ceb8b7a9c79c3568e982d461365...refs/remotes/origin/main [8ms]
2024-08-29 19:43:39.503 [info] > git status -z -uall [5ms]
2024-08-29 19:43:39.514 [info] > git for-each-ref --format=%(refname)%00%(upstream:short)%00%(objectname)%00%(upstream:track)%00%(upstream:remotename)%00%(upstream:remoteref) refs/heads/main refs/remotes/main [7ms]
2024-08-29 19:43:39.521 [info] > git rev-parse --git-dir --git-common-dir [19ms]
2024-08-29 19:43:39.531 [info] [Model][openRepository] Opened repository: /home/vir0id/Загрузки/repository/i3-skel
2024-08-29 19:43:39.546 [info] > git config --local branch.main.vscode-merge-base [25ms]
2024-08-29 19:43:39.546 [warning] [Git][config] git config failed: Failed to execute git
2024-08-29 19:43:39.557 [info] > git rev-parse --show-toplevel [11ms]
2024-08-29 19:43:39.557 [info] fatal: not a git repository (or any parent up to mount point /home/vir0id)
Stopping at filesystem boundary (GIT_DISCOVERY_ACROSS_FILESYSTEM not set).
2024-08-29 19:43:39.558 [info] > git config --get commit.template [17ms]
2024-08-29 19:43:39.565 [info] > git reflog main --grep-reflog=branch: Created from *. [12ms]
2024-08-29 19:43:39.578 [info] > git rev-parse --show-toplevel [13ms]
2024-08-29 19:43:39.585 [info] > git symbolic-ref --short refs/remotes/origin/HEAD [13ms]
2024-08-29 19:43:39.585 [info] fatal: ref refs/remotes/origin/HEAD is not a symbolic ref
2024-08-29 19:43:39.586 [info] > git rev-parse --git-dir --git-common-dir [1ms]
2024-08-29 19:43:39.599 [info] [Model][openRepository] Opened repository: /home/vir0id/Загрузки/repository/iso-profiles
2024-08-29 19:43:39.602 [info] > git for-each-ref --format=%(refname)%00%(upstream:short)%00%(objectname)%00%(upstream:track)%00%(upstream:remotename)%00%(upstream:remoteref) refs/heads/main refs/remotes/main [24ms]
2024-08-29 19:43:39.616 [info] > git rev-parse --show-toplevel [2ms]
2024-08-29 19:43:39.616 [info] > git config --get commit.template [7ms]
2024-08-29 19:43:39.630 [info] > git for-each-ref --format=%(refname)%00%(upstream:short)%00%(objectname)%00%(upstream:track)%00%(upstream:remotename)%00%(upstream:remoteref) refs/heads/main refs/remotes/main [5ms]
2024-08-29 19:43:39.630 [info] > git rev-parse --git-dir --git-common-dir [9ms]
2024-08-29 19:43:39.636 [info] [Model][openRepository] Opened repository: /home/vir0id/Загрузки/repository/lightdm-tty
2024-08-29 19:43:39.648 [info] > git rev-parse --show-toplevel [3ms]
2024-08-29 19:43:39.648 [info] > git config --get commit.template [6ms]
2024-08-29 19:43:39.662 [info] > git rev-parse --git-dir --git-common-dir [9ms]
2024-08-29 19:43:39.669 [info] [Model][openRepository] Opened repository: /home/vir0id/Загрузки/repository/packstraps
2024-08-29 19:43:39.723 [info] > git for-each-ref --format=%(refname)%00%(upstream:short)%00%(objectname)%00%(upstream:track)%00%(upstream:remotename)%00%(upstream:remoteref) refs/heads/main refs/remotes/main [61ms]
2024-08-29 19:43:39.728 [info] > git rev-parse --show-toplevel [5ms]
2024-08-29 19:43:39.728 [info] fatal: not a git repository (or any parent up to mount point /home/vir0id)
Stopping at filesystem boundary (GIT_DISCOVERY_ACROSS_FILESYSTEM not set).
2024-08-29 19:43:39.728 [info] > git config --get commit.template [9ms]
2024-08-29 19:43:39.745 [info] > git rev-parse --show-toplevel [12ms]
2024-08-29 19:43:39.746 [info] > git for-each-ref --format=%(refname)%00%(upstream:short)%00%(objectname)%00%(upstream:track)%00%(upstream:remotename)%00%(upstream:remoteref) refs/heads/main refs/remotes/main [8ms]
2024-08-29 19:43:39.756 [info] > git rev-parse --show-toplevel [5ms]
2024-08-29 19:43:39.762 [info] > git status -z -uall [7ms]
2024-08-29 19:43:39.791 [info] > git for-each-ref --format=%(refname)%00%(upstream:short)%00%(objectname)%00%(upstream:track)%00%(upstream:remotename)%00%(upstream:remoteref) refs/heads/main refs/remotes/main [24ms]
2024-08-29 19:43:39.796 [info] > git rev-parse --git-dir --git-common-dir [35ms]
2024-08-29 19:43:39.803 [info] [Model][openRepository] Opened repository: /home/vir0id/Загрузки/repository/vir-rofi-themes
2024-08-29 19:43:39.814 [info] > git status -z -uall [70ms]
2024-08-29 19:43:39.814 [info] > git config --local branch.main.vscode-merge-base [19ms]
2024-08-29 19:43:39.814 [warning] [Git][config] git config failed: Failed to execute git
2024-08-29 19:43:39.820 [info] > git config --get commit.template [28ms]
2024-08-29 19:43:39.835 [info] > git for-each-ref --format=%(refname)%00%(upstream:short)%00%(objectname)%00%(upstream:track)%00%(upstream:remotename)%00%(upstream:remoteref) refs/heads/main refs/remotes/main [10ms]
2024-08-29 19:43:39.840 [info] > git reflog main --grep-reflog=branch: Created from *. [21ms]
2024-08-29 19:43:39.845 [info] > git rev-parse --show-toplevel [32ms]
2024-08-29 19:43:39.845 [info] fatal: not a git repository (or any parent up to mount point /home/vir0id)
Stopping at filesystem boundary (GIT_DISCOVERY_ACROSS_FILESYSTEM not set).
2024-08-29 19:43:39.845 [info] > git config --get commit.template [36ms]
2024-08-29 19:43:39.860 [info] > git symbolic-ref --short refs/remotes/origin/HEAD [15ms]
2024-08-29 19:43:39.860 [info] fatal: ref refs/remotes/origin/HEAD is not a symbolic ref
2024-08-29 19:43:39.866 [info] > git config --local branch.main.vscode-merge-base [26ms]
2024-08-29 19:43:39.877 [info] > git config --get commit.template [43ms]
2024-08-29 19:43:39.885 [info] > git merge-base refs/heads/main refs/remotes/origin/main [20ms]
2024-08-29 19:43:39.890 [info] > git rev-parse --show-toplevel [31ms]
2024-08-29 19:43:39.891 [info] > git for-each-ref --format=%(refname)%00%(upstream:short)%00%(objectname)%00%(upstream:track)%00%(upstream:remotename)%00%(upstream:remoteref) refs/heads/main refs/remotes/main [38ms]
2024-08-29 19:43:39.901 [info] > git status -z -uall [243ms]
2024-08-29 19:43:39.902 [info] > git rev-list --count --left-right refs/heads/main...refs/remotes/origin/main [12ms]
2024-08-29 19:43:39.907 [info] > git for-each-ref --format=%(refname)%00%(upstream:short)%00%(objectname)%00%(upstream:track)%00%(upstream:remotename)%00%(upstream:remoteref) refs/heads/main refs/remotes/main [23ms]
2024-08-29 19:43:39.908 [info] > git for-each-ref --format=%(refname)%00%(upstream:short)%00%(objectname)%00%(upstream:track)%00%(upstream:remotename)%00%(upstream:remoteref) refs/heads/origin/main refs/remotes/origin/main [31ms]
2024-08-29 19:43:39.915 [info] > git diff --name-status -z --diff-filter=ADMR a00496b6da94187b4de8e2b820f4eab2bfb0a5d6...refs/remotes/origin/main [8ms]
2024-08-29 19:43:39.916 [info] > git rev-parse --git-dir --git-common-dir [16ms]
2024-08-29 19:43:39.927 [info] [Model][openRepository] Opened repository: /home/vir0id/Загрузки/repository/virOS-calamares
2024-08-29 19:43:39.928 [info] > git for-each-ref --format=%(refname)%00%(upstream:short)%00%(objectname)%00%(upstream:track)%00%(upstream:remotename)%00%(upstream:remoteref) refs/heads/main refs/remotes/main [32ms]
2024-08-29 19:43:39.952 [info] > git for-each-ref --format=%(refname)%00%(upstream:short)%00%(objectname)%00%(upstream:track)%00%(upstream:remotename)%00%(upstream:remoteref) refs/heads/main refs/remotes/main [18ms]
2024-08-29 19:43:39.957 [info] > git merge-base refs/heads/main refs/remotes/origin/main [44ms]
2024-08-29 19:43:39.966 [info] > git config --local branch.main.vscode-merge-base [9ms]
2024-08-29 19:43:39.966 [warning] [Git][config] git config failed: Failed to execute git
2024-08-29 19:43:39.970 [info] > git config --get commit.template [21ms]
2024-08-29 19:43:39.971 [info] > git rev-parse --show-toplevel [24ms]
2024-08-29 19:43:39.971 [info] > git config --get commit.template [29ms]
2024-08-29 19:43:39.982 [info] > git status -z -uall [555ms]
2024-08-29 19:43:39.982 [info] > git status -z -uall [17ms]
2024-08-29 19:43:39.995 [info] > git rev-list --count --left-right refs/heads/main...refs/remotes/origin/main [34ms]
2024-08-29 19:43:40.015 [info] > git status -z -uall [38ms]
2024-08-29 19:43:40.015 [info] > git for-each-ref --format=%(refname)%00%(upstream:short)%00%(objectname)%00%(upstream:track)%00%(upstream:remotename)%00%(upstream:remoteref) refs/heads/main refs/remotes/main [22ms]
2024-08-29 19:43:40.019 [info] > git for-each-ref --format=%(refname)%00%(upstream:short)%00%(objectname)%00%(upstream:track)%00%(upstream:remotename)%00%(upstream:remoteref) refs/heads/main refs/remotes/main [32ms]
2024-08-29 19:43:40.023 [info] > git rev-parse --git-dir --git-common-dir [42ms]
2024-08-29 19:43:40.029 [info] [Model][openRepository] Opened repository: /home/vir0id/Загрузки/repository/virOS-calamares-branding-garuda
2024-08-29 19:43:40.036 [info] > git reflog main --grep-reflog=branch: Created from *. [66ms]
2024-08-29 19:43:40.054 [info] > git status -z -uall [44ms]
2024-08-29 19:43:40.054 [info] > git symbolic-ref --short refs/remotes/origin/HEAD [14ms]
2024-08-29 19:43:40.054 [info] fatal: ref refs/remotes/origin/HEAD is not a symbolic ref
2024-08-29 19:43:40.059 [info] > git for-each-ref --format=%(refname)%00%(upstream:short)%00%(objectname)%00%(upstream:track)%00%(upstream:remotename)%00%(upstream:remoteref) refs/heads/main refs/remotes/main [24ms]
2024-08-29 19:43:40.063 [info] > git config --local branch.main.vscode-merge-base [39ms]
2024-08-29 19:43:40.063 [warning] [Git][config] git config failed: Failed to execute git
2024-08-29 19:43:40.066 [info] > git config --local branch.main.vscode-merge-base [47ms]
2024-08-29 19:43:40.070 [info] > git config --get commit.template [56ms]
2024-08-29 19:43:40.075 [info] > git for-each-ref --format=%(refname)%00%(upstream:short)%00%(objectname)%00%(upstream:track)%00%(upstream:remotename)%00%(upstream:remoteref) refs/heads/main refs/remotes/main [68ms]
2024-08-29 19:43:40.075 [info] > git for-each-ref --format=%(refname)%00%(upstream:short)%00%(objectname)%00%(upstream:track)%00%(upstream:remotename)%00%(upstream:remoteref) refs/heads/calamares refs/remotes/calamares [72ms]
2024-08-29 19:43:40.075 [info] > git diff --name-status -z --diff-filter=ADMR f4b898f30125c427604547e3ddf3adcb0a26e3ec...refs/remotes/origin/main [76ms]
2024-08-29 19:43:40.078 [info] > git for-each-ref --format=%(refname)%00%(upstream:short)%00%(objectname)%00%(upstream:track)%00%(upstream:remotename)%00%(upstream:remoteref) refs/heads/main refs/remotes/main [4ms]
2024-08-29 19:43:40.082 [info] > git for-each-ref --format=%(refname)%00%(upstream:short)%00%(objectname)%00%(upstream:track)%00%(upstream:remotename)%00%(upstream:remoteref) refs/heads/origin/main refs/remotes/origin/main [12ms]
2024-08-29 19:43:40.086 [info] > git reflog main --grep-reflog=branch: Created from *. [20ms]
2024-08-29 19:43:40.089 [info] > git config --local branch.main.vscode-merge-base [27ms]
2024-08-29 19:43:40.090 [warning] [Git][config] git config failed: Failed to execute git
2024-08-29 19:43:40.093 [info] > git merge-base refs/heads/main refs/remotes/origin/main [35ms]
2024-08-29 19:43:40.097 [info] > git config --get commit.template [44ms]
2024-08-29 19:43:40.097 [info] > git rev-parse --show-toplevel [47ms]
2024-08-29 19:43:40.097 [info] > git config --get commit.template [51ms]
2024-08-29 19:43:40.109 [info] > git status -z -uall [481ms]
2024-08-29 19:43:40.109 [info] > git rev-list --count --left-right refs/heads/main...refs/remotes/origin/main [12ms]
2024-08-29 19:43:40.113 [info] > git reflog main --grep-reflog=branch: Created from *. [20ms]
2024-08-29 19:43:40.116 [info] > git symbolic-ref --short refs/remotes/origin/HEAD [27ms]
2024-08-29 19:43:40.116 [info] fatal: ref refs/remotes/origin/HEAD is not a symbolic ref
2024-08-29 19:43:40.116 [info] > git merge-base refs/heads/main refs/remotes/origin/main [30ms]
2024-08-29 19:43:40.121 [info] > git config --local branch.main.vscode-merge-base [39ms]
2024-08-29 19:43:40.145 [info] > git for-each-ref --format=%(refname)%00%(upstream:short)%00%(objectname)%00%(upstream:track)%00%(upstream:remotename)%00%(upstream:remoteref) refs/heads/main refs/remotes/main [16ms]
2024-08-29 19:43:40.149 [info] > git for-each-ref --format=%(refname)%00%(upstream:short)%00%(objectname)%00%(upstream:track)%00%(upstream:remotename)%00%(upstream:remoteref) refs/heads/origin/main refs/remotes/origin/main [25ms]
2024-08-29 19:43:40.150 [info] > git symbolic-ref --short refs/remotes/origin/HEAD [34ms]
2024-08-29 19:43:40.150 [info] fatal: ref refs/remotes/origin/HEAD is not a symbolic ref
2024-08-29 19:43:40.154 [info] > git diff --name-status -z --diff-filter=ADMR 428d4ad2bbe45a09ca4b302aeb2c40197e194194...refs/remotes/origin/main [41ms]
2024-08-29 19:43:40.154 [info] > git rev-parse --git-dir --git-common-dir [46ms]
2024-08-29 19:43:40.161 [info] [Model][openRepository] Opened repository: /home/vir0id/Загрузки/repository/virOS-eww
2024-08-29 19:43:40.162 [info] > git for-each-ref --format=%(refname)%00%(upstream:short)%00%(objectname)%00%(upstream:track)%00%(upstream:remotename)%00%(upstream:remoteref) refs/heads/main refs/remotes/main [58ms]
2024-08-29 19:43:40.181 [info] > git status -z -uall [668ms]
2024-08-29 19:43:40.181 [info] > git status -z -uall [14ms]
2024-08-29 19:43:40.182 [info] > git merge-base refs/heads/main refs/remotes/origin/main [28ms]
2024-08-29 19:43:40.186 [info] > git config --local branch.main.vscode-merge-base [37ms]
2024-08-29 19:43:40.186 [warning] [Git][config] git config failed: Failed to execute git
2024-08-29 19:43:40.191 [info] > git config --get commit.template [47ms]
2024-08-29 19:43:40.191 [info] > git for-each-ref --format=%(refname)%00%(upstream:short)%00%(objectname)%00%(upstream:track)%00%(upstream:remotename)%00%(upstream:remoteref) refs/heads/main refs/remotes/main [51ms]
2024-08-29 19:43:40.191 [info] > git for-each-ref --format=%(refname)%00%(upstream:short)%00%(objectname)%00%(upstream:track)%00%(upstream:remotename)%00%(upstream:remoteref) refs/heads/main refs/remotes/main [56ms]
2024-08-29 19:43:40.191 [info] > git rev-list --count --left-right refs/heads/main...refs/remotes/origin/main [71ms]
2024-08-29 19:43:40.197 [info] > git rev-list --count --left-right refs/heads/main...refs/remotes/origin/main [11ms]
2024-08-29 19:43:40.202 [info] > git rev-parse --show-toplevel [24ms]
2024-08-29 19:43:40.202 [info] > git config --get commit.template [27ms]
2024-08-29 19:43:40.229 [info] > git for-each-ref --format=%(refname)%00%(upstream:short)%00%(objectname)%00%(upstream:track)%00%(upstream:remotename)%00%(upstream:remoteref) refs/heads/main refs/remotes/main [17ms]
2024-08-29 19:43:40.233 [info] > git for-each-ref --format=%(refname)%00%(upstream:short)%00%(objectname)%00%(upstream:track)%00%(upstream:remotename)%00%(upstream:remoteref) refs/heads/main refs/remotes/main [26ms]
2024-08-29 19:43:40.237 [info] > git diff --name-status -z --diff-filter=ADMR b36d33f68591f14b5766870db5be80bdbceef28c...refs/remotes/origin/main [35ms]
2024-08-29 19:43:40.237 [info] > git diff --name-status -z --diff-filter=ADMR e9f91353a8a07fed4228a3fc98bb6c0f7ae512b4...refs/remotes/origin/main [41ms]
2024-08-29 19:43:40.246 [info] > git config --local branch.main.vscode-merge-base [12ms]
2024-08-29 19:43:40.246 [warning] [Git][config] git config failed: Failed to execute git
2024-08-29 19:43:40.249 [info] > git config --get commit.template [21ms]
2024-08-29 19:43:40.249 [info] > git rev-parse --git-dir --git-common-dir [24ms]
2024-08-29 19:43:40.256 [info] [Model][openRepository] Opened repository: /home/vir0id/Загрузки/repository/virOS-fonts
2024-08-29 19:43:40.256 [info] > git for-each-ref --format=%(refname)%00%(upstream:short)%00%(objectname)%00%(upstream:track)%00%(upstream:remotename)%00%(upstream:remoteref) refs/heads/main refs/remotes/main [35ms]
2024-08-29 19:43:40.256 [info] > git reflog main --grep-reflog=branch: Created from *. [65ms]
2024-08-29 19:43:40.281 [info] > git for-each-ref --format=%(refname)%00%(upstream:short)%00%(objectname)%00%(upstream:track)%00%(upstream:remotename)%00%(upstream:remoteref) refs/heads/main refs/remotes/main [40ms]
2024-08-29 19:43:40.284 [info] > git config --local branch.main.vscode-merge-base [48ms]
2024-08-29 19:43:40.284 [warning] [Git][config] git config failed: Failed to execute git
2024-08-29 19:43:40.297 [info] > git status -z -uall [30ms]
2024-08-29 19:43:40.298 [info] > git rev-parse --show-toplevel [18ms]
2024-08-29 19:43:40.298 [info] fatal: not a git repository (or any parent up to mount point /home/vir0id)
Stopping at filesystem boundary (GIT_DISCOVERY_ACROSS_FILESYSTEM not set).
2024-08-29 19:43:40.298 [info] > git config --get commit.template [26ms]
2024-08-29 19:43:40.306 [info] > git reflog main --grep-reflog=branch: Created from *. [57ms]
2024-08-29 19:43:40.310 [info] > git symbolic-ref --short refs/remotes/origin/HEAD [50ms]
2024-08-29 19:43:40.310 [info] fatal: ref refs/remotes/origin/HEAD is not a symbolic ref
2024-08-29 19:43:40.329 [info] > git merge-base refs/heads/main refs/remotes/origin/main [13ms]
2024-08-29 19:43:40.334 [info] > git symbolic-ref --short refs/remotes/origin/HEAD [24ms]
2024-08-29 19:43:40.334 [info] fatal: ref refs/remotes/origin/HEAD is not a symbolic ref
2024-08-29 19:43:40.339 [info] > git for-each-ref --format=%(refname)%00%(upstream:short)%00%(objectname)%00%(upstream:track)%00%(upstream:remotename)%00%(upstream:remoteref) refs/heads/main refs/remotes/main [35ms]
2024-08-29 19:43:40.344 [info] > git for-each-ref --format=%(refname)%00%(upstream:short)%00%(objectname)%00%(upstream:track)%00%(upstream:remotename)%00%(upstream:remoteref) refs/heads/main refs/remotes/main [48ms]
2024-08-29 19:43:40.344 [info] > git reflog main --grep-reflog=branch: Created from *. [54ms]
2024-08-29 19:43:40.360 [info] > git status -z -uall [96ms]
2024-08-29 19:43:40.360 [info] > git symbolic-ref --short refs/remotes/origin/HEAD [12ms]
2024-08-29 19:43:40.360 [info] fatal: ref refs/remotes/origin/HEAD is not a symbolic ref
2024-08-29 19:43:40.361 [info] > git config --local branch.main.vscode-merge-base [16ms]
2024-08-29 19:43:40.361 [warning] [Git][config] git config failed: Failed to execute git
2024-08-29 19:43:40.365 [info] > git merge-base refs/heads/main refs/remotes/origin/main [26ms]
2024-08-29 19:43:40.373 [info] > git rev-list --count --left-right refs/heads/main...refs/remotes/origin/main [39ms]
2024-08-29 19:43:40.378 [info] > git rev-parse --show-toplevel [51ms]
2024-08-29 19:43:40.378 [info] fatal: not a git repository (or any parent up to mount point /home/vir0id)
Stopping at filesystem boundary (GIT_DISCOVERY_ACROSS_FILESYSTEM not set).
2024-08-29 19:43:40.379 [info] [Model][doInitialScan] Initial repository scan completed - repositories (12), closed repositories (3), parent repositories (0), unsafe repositories (0)
2024-08-29 19:43:40.406 [info] > git for-each-ref --format=%(refname)%00%(upstream:short)%00%(objectname)%00%(upstream:track)%00%(upstream:remotename)%00%(upstream:remoteref) refs/heads/main refs/remotes/main [16ms]
2024-08-29 19:43:40.410 [info] > git diff --name-status -z --diff-filter=ADMR 315a677ddfc98935bb284e0b206d852fd3e7c5c0...refs/remotes/origin/main [32ms]
2024-08-29 19:43:40.411 [info] > git rev-list --count --left-right refs/heads/main...refs/remotes/origin/main [39ms]
2024-08-29 19:43:40.414 [info] > git reflog main --grep-reflog=branch: Created from *. [49ms]
2024-08-29 19:43:40.418 [info] > git for-each-ref --format=%(refname)%00%(upstream:short)%00%(objectname)%00%(upstream:track)%00%(upstream:remotename)%00%(upstream:remoteref) refs/heads/main refs/remotes/main [64ms]
2024-08-29 19:43:40.419 [info] > git diff --name-status -z --diff-filter=ADMR 4677f807302f4fc773ee90f0101ef8d43d571c90...refs/remotes/origin/main [5ms]
2024-08-29 19:43:40.420 [info] > git config --local branch.main.vscode-merge-base [10ms]
2024-08-29 19:43:40.420 [warning] [Git][config] git config failed: Failed to execute git
2024-08-29 19:43:40.424 [info] > git config --get commit.template [19ms]
2024-08-29 19:43:40.430 [info] > git symbolic-ref --short refs/remotes/origin/HEAD [12ms]
2024-08-29 19:43:40.430 [info] fatal: ref refs/remotes/origin/HEAD is not a symbolic ref
2024-08-29 19:43:40.436 [info] > git reflog main --grep-reflog=branch: Created from *. [12ms]
2024-08-29 19:43:40.444 [info] > git for-each-ref --format=%(refname)%00%(upstream:short)%00%(objectname)%00%(upstream:track)%00%(upstream:remotename)%00%(upstream:remoteref) refs/heads/main refs/remotes/main [8ms]
2024-08-29 19:43:40.445 [info] > git symbolic-ref --short refs/remotes/origin/HEAD [5ms]
2024-08-29 19:43:40.445 [info] fatal: ref refs/remotes/origin/HEAD is not a symbolic ref
2024-08-29 19:43:40.453 [info] > git merge-base refs/heads/main refs/remotes/origin/main [5ms]
2024-08-29 19:43:40.459 [info] > git rev-list --count --left-right refs/heads/main...refs/remotes/origin/main [2ms]
2024-08-29 19:43:40.466 [info] > git diff --name-status -z --diff-filter=ADMR 70034a98c174c577b37b4116c9fe8206dac24f4c...refs/remotes/origin/main [2ms]
2024-08-29 19:43:40.492 [info] > git status -z -uall [40ms]
2024-08-29 19:43:40.500 [info] > git for-each-ref --format=%(refname)%00%(upstream:short)%00%(objectname)%00%(upstream:track)%00%(upstream:remotename)%00%(upstream:remoteref) refs/heads/main refs/remotes/main [2ms]
2024-08-29 19:43:40.506 [info] > git config --local branch.main.vscode-merge-base [1ms]
2024-08-29 19:43:40.506 [warning] [Git][config] git config failed: Failed to execute git
2024-08-29 19:43:40.513 [info] > git reflog main --grep-reflog=branch: Created from *. [2ms]
2024-08-29 19:43:40.518 [info] > git status -z -uall [116ms]
2024-08-29 19:43:40.534 [info] > git for-each-ref --format=%(refname)%00%(upstream:short)%00%(objectname)%00%(upstream:track)%00%(upstream:remotename)%00%(upstream:remoteref) refs/heads/main refs/remotes/main [10ms]
2024-08-29 19:43:40.540 [info] > git symbolic-ref --short refs/remotes/origin/HEAD [21ms]
2024-08-29 19:43:40.540 [info] fatal: ref refs/remotes/origin/HEAD is not a symbolic ref
2024-08-29 19:43:40.541 [info] > git config --local branch.main.vscode-merge-base [2ms]
2024-08-29 19:43:40.541 [warning] [Git][config] git config failed: Failed to execute git
2024-08-29 19:43:40.546 [info] > git config --get commit.template [13ms]
2024-08-29 19:43:40.555 [info] > git for-each-ref --format=%(refname)%00%(upstream:short)%00%(objectname)%00%(upstream:track)%00%(upstream:remotename)%00%(upstream:remoteref) refs/heads/main refs/remotes/main [2ms]
2024-08-29 19:43:40.568 [info] > git status -z -uall [323ms]
2024-08-29 19:43:40.579 [info] > git status -z -uall [19ms]
2024-08-29 19:43:40.579 [info] > git for-each-ref --format=%(refname)%00%(upstream:short)%00%(objectname)%00%(upstream:track)%00%(upstream:remotename)%00%(upstream:remoteref) refs/heads/main refs/remotes/main [5ms]
2024-08-29 19:43:40.593 [info] > git reflog main --grep-reflog=branch: Created from *. [47ms]
2024-08-29 19:43:40.600 [info] > git status -z -uall [241ms]
2024-08-29 19:43:40.600 [info] > git symbolic-ref --short refs/remotes/origin/HEAD [3ms]
2024-08-29 19:43:40.600 [info] fatal: ref refs/remotes/origin/HEAD is not a symbolic ref
2024-08-29 19:43:40.605 [info] > git for-each-ref --format=%(refname)%00%(upstream:short)%00%(objectname)%00%(upstream:track)%00%(upstream:remotename)%00%(upstream:remoteref) refs/heads/main refs/remotes/main [15ms]
2024-08-29 19:43:40.610 [info] > git config --local branch.main.vscode-merge-base [26ms]
2024-08-29 19:43:40.624 [info] > git for-each-ref --format=%(refname)%00%(upstream:short)%00%(objectname)%00%(upstream:track)%00%(upstream:remotename)%00%(upstream:remoteref) refs/heads/main refs/remotes/main [4ms]
2024-08-29 19:43:40.629 [info] > git for-each-ref --format=%(refname)%00%(upstream:short)%00%(objectname)%00%(upstream:track)%00%(upstream:remotename)%00%(upstream:remoteref) refs/heads/origin/main refs/remotes/origin/main [14ms]
2024-08-29 19:43:40.630 [info] > git config --local branch.main.vscode-merge-base [20ms]
2024-08-29 19:43:40.630 [warning] [Git][config] git config failed: Failed to execute git
2024-08-29 19:43:40.635 [info] > git merge-base refs/heads/main refs/remotes/origin/main [30ms]
2024-08-29 19:43:40.643 [info] > git rev-list --count --left-right refs/heads/main...refs/remotes/origin/main [3ms]
2024-08-29 19:43:40.648 [info] > git reflog main --grep-reflog=branch: Created from *. [13ms]
2024-08-29 19:43:40.652 [info] > git config --local branch.main.vscode-merge-base [23ms]
2024-08-29 19:43:40.652 [warning] [Git][config] git config failed: Failed to execute git
2024-08-29 19:43:40.659 [info] > git symbolic-ref --short refs/remotes/origin/HEAD [7ms]
2024-08-29 19:43:40.660 [info] fatal: ref refs/remotes/origin/HEAD is not a symbolic ref
2024-08-29 19:43:40.660 [info] > git diff --name-status -z --diff-filter=ADMR a46e27d4bb7a1f640709f58d854bd480d4d211a2...refs/remotes/origin/main [13ms]
2024-08-29 19:43:40.676 [info] > git reflog main --grep-reflog=branch: Created from *. [20ms]
2024-08-29 19:43:40.682 [info] > git rev-parse --show-toplevel [6ms]
2024-08-29 19:43:40.682 [info] fatal: not a git repository (or any parent up to mount point /)
Stopping at filesystem boundary (GIT_DISCOVERY_ACROSS_FILESYSTEM not set).
2024-08-29 19:43:40.688 [info] > git symbolic-ref --short refs/remotes/origin/HEAD [8ms]
2024-08-29 19:43:40.688 [info] fatal: ref refs/remotes/origin/HEAD is not a symbolic ref
2024-08-29 19:43:40.694 [info] > git rev-parse --show-toplevel [7ms]
2024-08-29 19:43:40.694 [info] fatal: not a git repository (or any parent up to mount point /home/vir0id)
Stopping at filesystem boundary (GIT_DISCOVERY_ACROSS_FILESYSTEM not set).
2024-08-29 19:43:40.748 [info] > git status -z -uall [577ms]
2024-08-29 19:43:40.764 [info] > git for-each-ref --format=%(refname)%00%(upstream:short)%00%(objectname)%00%(upstream:track)%00%(upstream:remotename)%00%(upstream:remoteref) refs/heads/calamares refs/remotes/calamares [9ms]
2024-08-29 19:43:40.769 [info] > git config --get commit.template [6ms]
2024-08-29 19:43:40.775 [info] > git config --local branch.calamares.vscode-merge-base [7ms]
2024-08-29 19:43:40.781 [info] > git for-each-ref --format=%(refname)%00%(upstream:short)%00%(objectname)%00%(upstream:track)%00%(upstream:remotename)%00%(upstream:remoteref) refs/heads/calamares refs/remotes/calamares [6ms]
2024-08-29 19:43:40.787 [info] > git for-each-ref --format=%(refname)%00%(upstream:short)%00%(objectname)%00%(upstream:track)%00%(upstream:remotename)%00%(upstream:remoteref) refs/heads/origin/calamares refs/remotes/origin/calamares [7ms]
2024-08-29 19:43:40.794 [info] > git merge-base refs/heads/calamares refs/remotes/origin/calamares [2ms]
2024-08-29 19:43:40.829 [info] > git rev-list --count --left-right refs/heads/calamares...refs/remotes/origin/calamares [30ms]
2024-08-29 19:43:40.837 [info] > git diff --name-status -z --diff-filter=ADMR ad63d4f66f13ce9b533f0d214ba194cb0313fb55...refs/remotes/origin/calamares [2ms]
2024-08-29 19:43:40.915 [info] > git status -z -uall [129ms]
2024-08-29 19:43:40.922 [info] > git for-each-ref --format=%(refname)%00%(upstream:short)%00%(objectname)%00%(upstream:track)%00%(upstream:remotename)%00%(upstream:remoteref) refs/heads/calamares refs/remotes/calamares [2ms]
2024-08-29 19:43:40.929 [info] > git config --local branch.calamares.vscode-merge-base [2ms]
2024-08-29 19:43:40.935 [info] > git for-each-ref --format=%(refname)%00%(upstream:short)%00%(objectname)%00%(upstream:track)%00%(upstream:remotename)%00%(upstream:remoteref) refs/heads/origin/calamares refs/remotes/origin/calamares [1ms]
2024-08-29 19:43:40.975 [info] > git status -z -uall [545ms]
2024-08-29 19:43:40.983 [info] > git for-each-ref --format=%(refname)%00%(upstream:short)%00%(objectname)%00%(upstream:track)%00%(upstream:remotename)%00%(upstream:remoteref) refs/heads/main refs/remotes/main [2ms]
2024-08-29 19:43:40.990 [info] > git config --local branch.main.vscode-merge-base [2ms]
2024-08-29 19:43:40.990 [warning] [Git][config] git config failed: Failed to execute git
2024-08-29 19:43:40.998 [info] > git reflog main --grep-reflog=branch: Created from *. [3ms]
2024-08-29 19:43:41.004 [info] > git symbolic-ref --short refs/remotes/origin/HEAD [2ms]
2024-08-29 19:43:41.004 [info] fatal: ref refs/remotes/origin/HEAD is not a symbolic ref
2024-08-29 19:43:41.386 [info] > git fetch [1460ms]
2024-08-29 19:43:41.386 [info] Missing or invalid credentials.
Skip silent fetch commands
git@github.com: Permission denied (publickey).
fatal: Could not read from remote repository.

Please make sure you have the correct access rights
and the repository exists.
2024-08-29 19:43:41.396 [info] > git config --get commit.template [4ms]
2024-08-29 19:43:41.396 [info] > git for-each-ref --format=%(refname)%00%(upstream:short)%00%(objectname)%00%(upstream:track)%00%(upstream:remotename)%00%(upstream:remoteref) refs/heads/calamares refs/remotes/calamares [1ms]
2024-08-29 19:43:41.422 [info] > git fetch [1822ms]
2024-08-29 19:43:41.422 [info] Missing or invalid credentials.
Skip silent fetch commands
git@github.com: Permission denied (publickey).
fatal: Could not read from remote repository.

Please make sure you have the correct access rights
and the repository exists.
2024-08-29 19:43:41.432 [info] > git fetch [1992ms]
2024-08-29 19:43:41.432 [info] Missing or invalid credentials.
Skip silent fetch commands
git@github.com: Permission denied (publickey).
fatal: Could not read from remote repository.

Please make sure you have the correct access rights
and the repository exists.
2024-08-29 19:43:41.432 [info] > git config --get commit.template [6ms]
2024-08-29 19:43:41.437 [info] > git for-each-ref --format=%(refname)%00%(upstream:short)%00%(objectname)%00%(upstream:track)%00%(upstream:remotename)%00%(upstream:remoteref) refs/heads/main refs/remotes/main [6ms]
2024-08-29 19:43:41.443 [info] > git config --get commit.template [6ms]
2024-08-29 19:43:41.447 [info] > git fetch [1778ms]
2024-08-29 19:43:41.447 [info] Missing or invalid credentials.
Skip silent fetch commands
git@github.com: Permission denied (publickey).
fatal: Could not read from remote repository.

Please make sure you have the correct access rights
and the repository exists.
2024-08-29 19:43:41.453 [info] > git for-each-ref --format=%(refname)%00%(upstream:short)%00%(objectname)%00%(upstream:track)%00%(upstream:remotename)%00%(upstream:remoteref) refs/heads/main refs/remotes/main [10ms]
2024-08-29 19:43:41.453 [info] > git config --get commit.template [1ms]
2024-08-29 19:43:41.454 [info] > git fetch [1818ms]
2024-08-29 19:43:41.454 [info] Missing or invalid credentials.
Skip silent fetch commands
git@github.com: Permission denied (publickey).
fatal: Could not read from remote repository.

Please make sure you have the correct access rights
and the repository exists.
2024-08-29 19:43:41.462 [info] > git status -z -uall [15ms]
2024-08-29 19:43:41.462 [info] > git fetch [1660ms]
2024-08-29 19:43:41.462 [info] Missing or invalid credentials.
Skip silent fetch commands
git@github.com: Permission denied (publickey).
fatal: Could not read from remote repository.

Please make sure you have the correct access rights
and the repository exists.
2024-08-29 19:43:41.470 [info] > git for-each-ref --format=%(refname)%00%(upstream:short)%00%(objectname)%00%(upstream:track)%00%(upstream:remotename)%00%(upstream:remoteref) refs/heads/main refs/remotes/main [9ms]
2024-08-29 19:43:41.479 [info] > git config --get commit.template [21ms]
2024-08-29 19:43:41.486 [info] > git for-each-ref --format=%(refname)%00%(upstream:short)%00%(objectname)%00%(upstream:track)%00%(upstream:remotename)%00%(upstream:remoteref) refs/heads/main refs/remotes/main [8ms]
2024-08-29 19:43:41.491 [info] > git config --get commit.template [22ms]
2024-08-29 19:43:41.491 [info] > git fetch [1330ms]
2024-08-29 19:43:41.491 [info] Missing or invalid credentials.
Skip silent fetch commands
git@github.com: Permission denied (publickey).
fatal: Could not read from remote repository.

Please make sure you have the correct access rights
and the repository exists.
2024-08-29 19:43:41.492 [info] > git fetch [2134ms]
2024-08-29 19:43:41.492 [info] Missing or invalid credentials.
Skip silent fetch commands
git@github.com: Permission denied (publickey).
fatal: Could not read from remote repository.

Please make sure you have the correct access rights
and the repository exists.
2024-08-29 19:43:41.492 [info] > git fetch [1961ms]
2024-08-29 19:43:41.492 [info] Missing or invalid credentials.
Skip silent fetch commands
git@github.com: Permission denied (publickey).
fatal: Could not read from remote repository.

Please make sure you have the correct access rights
and the repository exists.
2024-08-29 19:43:41.509 [info] > git config --local branch.main.vscode-merge-base [18ms]
2024-08-29 19:43:41.509 [warning] [Git][config] git config failed: Failed to execute git
2024-08-29 19:43:41.514 [info] > git for-each-ref --format=%(refname)%00%(upstream:short)%00%(objectname)%00%(upstream:track)%00%(upstream:remotename)%00%(upstream:remoteref) refs/heads/main refs/remotes/main [30ms]
2024-08-29 19:43:41.521 [info] > git status -z -uall [121ms]
2024-08-29 19:43:41.521 [info] > git config --get commit.template [13ms]
2024-08-29 19:43:41.521 [info] > git config --get commit.template [18ms]
2024-08-29 19:43:41.521 [info] > git config --get commit.template [23ms]
2024-08-29 19:43:41.521 [info] > git fetch [1266ms]
2024-08-29 19:43:41.522 [info] Missing or invalid credentials.
Skip silent fetch commands
git@github.com: Permission denied (publickey).
fatal: Could not read from remote repository.

Please make sure you have the correct access rights
and the repository exists.
2024-08-29 19:43:41.524 [info] > git fetch [2195ms]
2024-08-29 19:43:41.524 [info] Missing or invalid credentials.
Skip silent fetch commands
git@github.com: Permission denied (publickey).
fatal: Could not read from remote repository.

Please make sure you have the correct access rights
and the repository exists.
2024-08-29 19:43:41.546 [info] > git status -z -uall [1102ms] (cancelled)
2024-08-29 19:43:41.546 [info] > git status -z -uall [17ms]
2024-08-29 19:43:41.546 [info] > git for-each-ref --format=%(refname)%00%(upstream:short)%00%(objectname)%00%(upstream:track)%00%(upstream:remotename)%00%(upstream:remoteref) refs/heads/main refs/remotes/main [27ms]
2024-08-29 19:43:41.546 [info] > git reflog main --grep-reflog=branch: Created from *. [32ms]
2024-08-29 19:43:41.572 [info] > git for-each-ref --format=%(refname)%00%(upstream:short)%00%(objectname)%00%(upstream:track)%00%(upstream:remotename)%00%(upstream:remoteref) refs/heads/calamares refs/remotes/calamares [16ms]
2024-08-29 19:43:41.577 [info] > git symbolic-ref --short refs/remotes/origin/HEAD [27ms]
2024-08-29 19:43:41.577 [info] fatal: ref refs/remotes/origin/HEAD is not a symbolic ref
2024-08-29 19:43:41.577 [info] > git config --get commit.template [34ms]
2024-08-29 19:43:41.578 [info] > git config --get commit.template [40ms]
2024-08-29 19:43:41.578 [info] > git config --get commit.template [44ms]
2024-08-29 19:43:41.585 [info] > git fetch [1556ms]
2024-08-29 19:43:41.585 [info] Missing or invalid credentials.
Skip silent fetch commands
git@github.com: Permission denied (publickey).
fatal: Could not read from remote repository.

Please make sure you have the correct access rights
and the repository exists.
2024-08-29 19:43:41.597 [info] > git for-each-ref --format=%(refname)%00%(upstream:short)%00%(objectname)%00%(upstream:track)%00%(upstream:remotename)%00%(upstream:remoteref) refs/heads/main refs/remotes/main [14ms]
2024-08-29 19:43:41.603 [info] > git config --local branch.calamares.vscode-merge-base [26ms]
2024-08-29 19:43:41.608 [info] > git for-each-ref --format=%(refname)%00%(upstream:short)%00%(objectname)%00%(upstream:track)%00%(upstream:remotename)%00%(upstream:remoteref) refs/heads/main refs/remotes/main [38ms]
2024-08-29 19:43:41.608 [info] > git for-each-ref --format=%(refname)%00%(upstream:short)%00%(objectname)%00%(upstream:track)%00%(upstream:remotename)%00%(upstream:remoteref) refs/heads/main refs/remotes/main [42ms]
2024-08-29 19:43:41.608 [info] > git for-each-ref --format=%(refname)%00%(upstream:short)%00%(objectname)%00%(upstream:track)%00%(upstream:remotename)%00%(upstream:remoteref) refs/heads/main refs/remotes/main [46ms]
2024-08-29 19:43:41.624 [info] > git status -z -uall [32ms]
2024-08-29 19:43:41.624 [info] > git for-each-ref --format=%(refname)%00%(upstream:short)%00%(objectname)%00%(upstream:track)%00%(upstream:remotename)%00%(upstream:remoteref) refs/heads/origin/calamares refs/remotes/origin/calamares [17ms]
2024-08-29 19:43:41.624 [info] > git config --local branch.main.vscode-merge-base [21ms]
2024-08-29 19:43:41.625 [warning] [Git][config] git config failed: Failed to execute git
2024-08-29 19:43:41.629 [info] > git config --get commit.template [33ms]
2024-08-29 19:43:41.643 [info] > git for-each-ref --format=%(refname)%00%(upstream:short)%00%(objectname)%00%(upstream:track)%00%(upstream:remotename)%00%(upstream:remoteref) refs/heads/main refs/remotes/main [8ms]
2024-08-29 19:43:41.647 [info] > git reflog main --grep-reflog=branch: Created from *. [18ms]
2024-08-29 19:43:41.652 [info] > git for-each-ref --format=%(refname)%00%(upstream:short)%00%(objectname)%00%(upstream:track)%00%(upstream:remotename)%00%(upstream:remoteref) refs/heads/main refs/remotes/main [29ms]
2024-08-29 19:43:41.652 [info] > git for-each-ref --format=%(refname)%00%(upstream:short)%00%(objectname)%00%(upstream:track)%00%(upstream:remotename)%00%(upstream:remoteref) refs/heads/main refs/remotes/main [34ms]
2024-08-29 19:43:41.652 [info] > git for-each-ref --format=%(refname)%00%(upstream:short)%00%(objectname)%00%(upstream:track)%00%(upstream:remotename)%00%(upstream:remoteref) refs/heads/main refs/remotes/main [38ms]
2024-08-29 19:43:41.659 [info] > git status -z -uall [18ms]
2024-08-29 19:43:41.660 [info] > git symbolic-ref --short refs/remotes/origin/HEAD [8ms]
2024-08-29 19:43:41.660 [info] fatal: ref refs/remotes/origin/HEAD is not a symbolic ref
2024-08-29 19:43:41.660 [info] > git config --local branch.main.vscode-merge-base [13ms]
2024-08-29 19:43:41.688 [info] > git for-each-ref --format=%(refname)%00%(upstream:short)%00%(objectname)%00%(upstream:track)%00%(upstream:remotename)%00%(upstream:remoteref) refs/heads/main refs/remotes/main [18ms]
2024-08-29 19:43:41.693 [info] > git for-each-ref --format=%(refname)%00%(upstream:short)%00%(objectname)%00%(upstream:track)%00%(upstream:remotename)%00%(upstream:remoteref) refs/heads/origin/main refs/remotes/origin/main [28ms]
2024-08-29 19:43:41.694 [info] > git for-each-ref --format=%(refname)%00%(upstream:short)%00%(objectname)%00%(upstream:track)%00%(upstream:remotename)%00%(upstream:remoteref) refs/heads/main refs/remotes/main [36ms]
2024-08-29 19:43:41.698 [info] > git config --local branch.main.vscode-merge-base [5ms]
2024-08-29 19:43:41.699 [warning] [Git][config] git config failed: Failed to execute git
2024-08-29 19:43:41.738 [info] > git status -z -uall [52ms]
2024-08-29 19:43:41.738 [info] > git status -z -uall [9ms]
2024-08-29 19:43:41.745 [info] > git for-each-ref --format=%(refname)%00%(upstream:short)%00%(objectname)%00%(upstream:track)%00%(upstream:remotename)%00%(upstream:remoteref) refs/heads/main refs/remotes/main [2ms]
2024-08-29 19:43:41.757 [info] > git reflog main --grep-reflog=branch: Created from *. [44ms]
2024-08-29 19:43:41.767 [info] > git for-each-ref --format=%(refname)%00%(upstream:short)%00%(objectname)%00%(upstream:track)%00%(upstream:remotename)%00%(upstream:remoteref) refs/heads/main refs/remotes/main [11ms]
2024-08-29 19:43:41.772 [info] > git config --local branch.main.vscode-merge-base [23ms]
2024-08-29 19:43:41.772 [warning] [Git][config] git config failed: Failed to execute git
2024-08-29 19:43:41.780 [info] > git reflog main --grep-reflog=branch: Created from *. [3ms]
2024-08-29 19:43:41.784 [info] > git config --local branch.main.vscode-merge-base [12ms]
2024-08-29 19:43:41.784 [warning] [Git][config] git config failed: Failed to execute git
2024-08-29 19:43:41.789 [info] > git symbolic-ref --short refs/remotes/origin/HEAD [27ms]
2024-08-29 19:43:41.789 [info] fatal: ref refs/remotes/origin/HEAD is not a symbolic ref
2024-08-29 19:43:41.790 [info] > git symbolic-ref --short refs/remotes/origin/HEAD [6ms]
2024-08-29 19:43:41.790 [info] fatal: ref refs/remotes/origin/HEAD is not a symbolic ref
2024-08-29 19:43:41.791 [info] > git reflog main --grep-reflog=branch: Created from *. [2ms]
2024-08-29 19:43:41.797 [info] > git symbolic-ref --short refs/remotes/origin/HEAD [2ms]
2024-08-29 19:43:41.797 [info] fatal: ref refs/remotes/origin/HEAD is not a symbolic ref
2024-08-29 19:43:41.805 [info] > git status -z -uall [38ms]
2024-08-29 19:43:41.813 [info] > git for-each-ref --format=%(refname)%00%(upstream:short)%00%(objectname)%00%(upstream:track)%00%(upstream:remotename)%00%(upstream:remoteref) refs/heads/main refs/remotes/main [3ms]
2024-08-29 19:43:41.820 [info] > git config --local branch.main.vscode-merge-base [1ms]
2024-08-29 19:43:41.820 [warning] [Git][config] git config failed: Failed to execute git
2024-08-29 19:43:41.826 [info] > git reflog main --grep-reflog=branch: Created from *. [2ms]
2024-08-29 19:43:41.832 [info] > git symbolic-ref --short refs/remotes/origin/HEAD [2ms]
2024-08-29 19:43:41.832 [info] fatal: ref refs/remotes/origin/HEAD is not a symbolic ref
2024-08-29 19:43:41.901 [info] > git status -z -uall [220ms]
2024-08-29 19:43:41.909 [info] > git status -z -uall [232ms]
2024-08-29 19:43:41.917 [info] > git for-each-ref --format=%(refname)%00%(upstream:short)%00%(objectname)%00%(upstream:track)%00%(upstream:remotename)%00%(upstream:remoteref) refs/heads/main refs/remotes/main [3ms]
2024-08-29 19:43:41.922 [info] > git for-each-ref --format=%(refname)%00%(upstream:short)%00%(objectname)%00%(upstream:track)%00%(upstream:remotename)%00%(upstream:remoteref) refs/heads/main refs/remotes/main [15ms]
2024-08-29 19:43:41.928 [info] > git config --local branch.main.vscode-merge-base [6ms]
2024-08-29 19:43:41.928 [warning] [Git][config] git config failed: Failed to execute git
2024-08-29 19:43:41.933 [info] > git config --local branch.main.vscode-merge-base [6ms]
2024-08-29 19:43:41.939 [info] > git reflog main --grep-reflog=branch: Created from *. [7ms]
2024-08-29 19:43:41.943 [info] > git for-each-ref --format=%(refname)%00%(upstream:short)%00%(objectname)%00%(upstream:track)%00%(upstream:remotename)%00%(upstream:remoteref) refs/heads/origin/main refs/remotes/origin/main [5ms]
2024-08-29 19:43:41.944 [info] > git symbolic-ref --short refs/remotes/origin/HEAD [2ms]
2024-08-29 19:43:41.944 [info] fatal: ref refs/remotes/origin/HEAD is not a symbolic ref
2024-08-29 19:43:42.060 [info] > git status -z -uall [594ms]
2024-08-29 19:43:42.068 [info] > git for-each-ref --format=%(refname)%00%(upstream:short)%00%(objectname)%00%(upstream:track)%00%(upstream:remotename)%00%(upstream:remoteref) refs/heads/main refs/remotes/main [2ms]
2024-08-29 19:43:42.074 [info] > git config --local branch.main.vscode-merge-base [2ms]
2024-08-29 19:43:42.074 [warning] [Git][config] git config failed: Failed to execute git
2024-08-29 19:43:42.082 [info] > git reflog main --grep-reflog=branch: Created from *. [4ms]
2024-08-29 19:43:42.087 [info] > git symbolic-ref --short refs/remotes/origin/HEAD [2ms]
2024-08-29 19:43:42.087 [info] fatal: ref refs/remotes/origin/HEAD is not a symbolic ref
2024-08-29 19:43:45.518 [info] > git rev-parse --show-toplevel [2ms]
2024-08-29 19:43:45.518 [info] fatal: not a git repository (or any parent up to mount point /)
Stopping at filesystem boundary (GIT_DISCOVERY_ACROSS_FILESYSTEM not set).
2024-08-29 19:43:53.324 [info] > git status -z -uall [11587ms]
2024-08-29 19:43:53.334 [info] > git for-each-ref --format=%(refname)%00%(upstream:short)%00%(objectname)%00%(upstream:track)%00%(upstream:remotename)%00%(upstream:remoteref) refs/heads/main refs/remotes/main [3ms]
2024-08-29 19:43:53.341 [info] > git config --local branch.main.vscode-merge-base [2ms]
2024-08-29 19:43:53.348 [info] > git for-each-ref --format=%(refname)%00%(upstream:short)%00%(objectname)%00%(upstream:track)%00%(upstream:remotename)%00%(upstream:remoteref) refs/heads/origin/main refs/remotes/origin/main [2ms]
2024-08-29 19:43:53.356 [info] > git merge-base refs/heads/main refs/remotes/origin/main [2ms]
2024-08-29 19:43:53.363 [info] > git rev-list --count --left-right refs/heads/main...refs/remotes/origin/main [2ms]
2024-08-29 19:43:53.370 [info] > git diff --name-status -z --diff-filter=ADMR f26295207775f381576a6ed7360f99a7d37b5330...refs/remotes/origin/main [2ms]
2024-08-29 19:43:56.247 [info] > git rev-parse --show-toplevel [2ms]
2024-08-29 19:43:56.247 [info] fatal: not a git repository (or any parent up to mount point /)
Stopping at filesystem boundary (GIT_DISCOVERY_ACROSS_FILESYSTEM not set).
2024-08-29 19:44:48.214 [info] > git rev-parse --show-toplevel [2ms]
2024-08-29 19:44:48.214 [info] fatal: not a git repository (or any parent up to mount point /)
Stopping at filesystem boundary (GIT_DISCOVERY_ACROSS_FILESYSTEM not set).
2024-08-29 19:44:59.206 [info] > git rev-parse --show-toplevel [2ms]
2024-08-29 19:44:59.206 [info] fatal: not a git repository (or any parent up to mount point /)
Stopping at filesystem boundary (GIT_DISCOVERY_ACROSS_FILESYSTEM not set).
2024-08-29 19:47:13.323 [info] > git fetch [1423ms]
2024-08-29 19:47:13.323 [info] Missing or invalid credentials.
Skip silent fetch commands
git@github.com: Permission denied (publickey).
fatal: Could not read from remote repository.

Please make sure you have the correct access rights
and the repository exists.
2024-08-29 19:47:13.329 [info] > git fetch [1491ms]
2024-08-29 19:47:13.330 [info] Missing or invalid credentials.
Skip silent fetch commands
git@github.com: Permission denied (publickey).
fatal: Could not read from remote repository.

Please make sure you have the correct access rights
and the repository exists.
2024-08-29 19:47:13.335 [info] > git config --get commit.template [6ms]
2024-08-29 19:47:13.336 [info] > git config --get commit.template [1ms]
2024-08-29 19:47:13.347 [info] > git for-each-ref --format=%(refname)%00%(upstream:short)%00%(objectname)%00%(upstream:track)%00%(upstream:remotename)%00%(upstream:remoteref) refs/heads/main refs/remotes/main [6ms]
2024-08-29 19:47:13.348 [info] > git for-each-ref --format=%(refname)%00%(upstream:short)%00%(objectname)%00%(upstream:track)%00%(upstream:remotename)%00%(upstream:remoteref) refs/heads/main refs/remotes/main [2ms]
2024-08-29 19:47:13.360 [info] > git fetch [1478ms]
2024-08-29 19:47:13.360 [info] Missing or invalid credentials.
Skip silent fetch commands
git@github.com: Permission denied (publickey).
fatal: Could not read from remote repository.

Please make sure you have the correct access rights
and the repository exists.
2024-08-29 19:47:13.370 [info] > git config --get commit.template [5ms]
2024-08-29 19:47:13.371 [info] > git for-each-ref --format=%(refname)%00%(upstream:short)%00%(objectname)%00%(upstream:track)%00%(upstream:remotename)%00%(upstream:remoteref) refs/heads/main refs/remotes/main [2ms]
2024-08-29 19:47:13.386 [info] > git fetch [1525ms]
2024-08-29 19:47:13.386 [info] Missing or invalid credentials.
Skip silent fetch commands
git@github.com: Permission denied (publickey).
fatal: Could not read from remote repository.

Please make sure you have the correct access rights
and the repository exists.
2024-08-29 19:47:13.390 [info] > git status -z -uall [31ms]
2024-08-29 19:47:13.396 [info] > git fetch [1530ms]
2024-08-29 19:47:13.396 [info] Missing or invalid credentials.
Skip silent fetch commands
git@github.com: Permission denied (publickey).
fatal: Could not read from remote repository.

Please make sure you have the correct access rights
and the repository exists.
2024-08-29 19:47:13.396 [info] > git fetch [1502ms]
2024-08-29 19:47:13.396 [info] Missing or invalid credentials.
Skip silent fetch commands
git@github.com: Permission denied (publickey).
fatal: Could not read from remote repository.

Please make sure you have the correct access rights
and the repository exists.
2024-08-29 19:47:13.404 [info] > git status -z -uall [29ms]
2024-08-29 19:47:13.405 [info] > git for-each-ref --format=%(refname)%00%(upstream:short)%00%(objectname)%00%(upstream:track)%00%(upstream:remotename)%00%(upstream:remoteref) refs/heads/main refs/remotes/main [10ms]
2024-08-29 19:47:13.409 [info] > git config --get commit.template [20ms]
2024-08-29 19:47:13.414 [info] > git config --get commit.template [10ms]
2024-08-29 19:47:13.414 [info] > git config --get commit.template [14ms]
2024-08-29 19:47:13.414 [info] > git fetch [1560ms]
2024-08-29 19:47:13.414 [info] Missing or invalid credentials.
Skip silent fetch commands
git@github.com: Permission denied (publickey).
fatal: Could not read from remote repository.

Please make sure you have the correct access rights
and the repository exists.
2024-08-29 19:47:13.425 [info] > git for-each-ref --format=%(refname)%00%(upstream:short)%00%(objectname)%00%(upstream:track)%00%(upstream:remotename)%00%(upstream:remoteref) refs/heads/main refs/remotes/main [12ms]
2024-08-29 19:47:13.426 [info] > git config --local branch.main.vscode-merge-base [16ms]
2024-08-29 19:47:13.426 [warning] [Git][config] git config failed: Failed to execute git
2024-08-29 19:47:13.438 [info] > git config --get commit.template [13ms]
2024-08-29 19:47:13.438 [info] > git for-each-ref --format=%(refname)%00%(upstream:short)%00%(objectname)%00%(upstream:track)%00%(upstream:remotename)%00%(upstream:remoteref) refs/heads/main refs/remotes/main [18ms]
2024-08-29 19:47:13.443 [info] > git for-each-ref --format=%(refname)%00%(upstream:short)%00%(objectname)%00%(upstream:track)%00%(upstream:remotename)%00%(upstream:remoteref) refs/heads/main refs/remotes/main [6ms]
2024-08-29 19:47:13.443 [info] > git for-each-ref --format=%(refname)%00%(upstream:short)%00%(objectname)%00%(upstream:track)%00%(upstream:remotename)%00%(upstream:remoteref) refs/heads/main refs/remotes/main [10ms]
2024-08-29 19:47:13.443 [info] > git fetch [1567ms]
2024-08-29 19:47:13.443 [info] Missing or invalid credentials.
Skip silent fetch commands
git@github.com: Permission denied (publickey).
fatal: Could not read from remote repository.

Please make sure you have the correct access rights
and the repository exists.
2024-08-29 19:47:13.444 [info] > git fetch [1600ms]
2024-08-29 19:47:13.444 [info] Missing or invalid credentials.
Skip silent fetch commands
git@github.com: Permission denied (publickey).
fatal: Could not read from remote repository.

Please make sure you have the correct access rights
and the repository exists.
2024-08-29 19:47:13.444 [info] > git reflog main --grep-reflog=branch: Created from *. [15ms]
2024-08-29 19:47:13.461 [info] > git config --local branch.main.vscode-merge-base [18ms]
2024-08-29 19:47:13.461 [warning] [Git][config] git config failed: Failed to execute git
2024-08-29 19:47:13.470 [info] > git config --get commit.template [9ms]
2024-08-29 19:47:13.470 [info] > git config --get commit.template [14ms]
2024-08-29 19:47:13.470 [info] > git for-each-ref --format=%(refname)%00%(upstream:short)%00%(objectname)%00%(upstream:track)%00%(upstream:remotename)%00%(upstream:remoteref) refs/heads/main refs/remotes/main [18ms]
2024-08-29 19:47:13.470 [info] > git fetch [1621ms]
2024-08-29 19:47:13.470 [info] Missing or invalid credentials.
Skip silent fetch commands
git@github.com: Permission denied (publickey).
fatal: Could not read from remote repository.

Please make sure you have the correct access rights
and the repository exists.
2024-08-29 19:47:13.470 [info] > git symbolic-ref --short refs/remotes/origin/HEAD [22ms]
2024-08-29 19:47:13.470 [info] fatal: ref refs/remotes/origin/HEAD is not a symbolic ref
2024-08-29 19:47:13.475 [info] > git status -z -uall [6ms]
2024-08-29 19:47:13.480 [info] > git reflog main --grep-reflog=branch: Created from *. [15ms]
2024-08-29 19:47:13.501 [info] > git for-each-ref --format=%(refname)%00%(upstream:short)%00%(objectname)%00%(upstream:track)%00%(upstream:remotename)%00%(upstream:remoteref) refs/heads/main refs/remotes/main [21ms]
2024-08-29 19:47:13.505 [info] > git config --get commit.template [31ms]
2024-08-29 19:47:13.506 [info] > git fetch [1618ms]
2024-08-29 19:47:13.506 [info] Missing or invalid credentials.
Skip silent fetch commands
git@github.com: Permission denied (publickey).
fatal: Could not read from remote repository.

Please make sure you have the correct access rights
and the repository exists.
2024-08-29 19:47:13.517 [info] > git config --local branch.main.vscode-merge-base [10ms]
2024-08-29 19:47:13.518 [warning] [Git][config] git config failed: Failed to execute git
2024-08-29 19:47:13.524 [info] > git for-each-ref --format=%(refname)%00%(upstream:short)%00%(objectname)%00%(upstream:track)%00%(upstream:remotename)%00%(upstream:remoteref) refs/heads/calamares refs/remotes/calamares [24ms]
2024-08-29 19:47:13.525 [info] > git for-each-ref --format=%(refname)%00%(upstream:short)%00%(objectname)%00%(upstream:track)%00%(upstream:remotename)%00%(upstream:remoteref) refs/heads/main refs/remotes/main [29ms]
2024-08-29 19:47:13.525 [info] > git symbolic-ref --short refs/remotes/origin/HEAD [41ms]
2024-08-29 19:47:13.525 [info] fatal: ref refs/remotes/origin/HEAD is not a symbolic ref
2024-08-29 19:47:13.525 [info] > git fetch [1654ms]
2024-08-29 19:47:13.525 [info] Missing or invalid credentials.
Skip silent fetch commands
git@github.com: Permission denied (publickey).
fatal: Could not read from remote repository.

Please make sure you have the correct access rights
and the repository exists.
2024-08-29 19:47:13.540 [info] > git config --get commit.template [26ms]
2024-08-29 19:47:13.541 [info] > git status -z -uall [11ms]
2024-08-29 19:47:13.541 [info] > git for-each-ref --format=%(refname)%00%(upstream:short)%00%(objectname)%00%(upstream:track)%00%(upstream:remotename)%00%(upstream:remoteref) refs/heads/main refs/remotes/main [6ms]
2024-08-29 19:47:13.547 [info] > git reflog main --grep-reflog=branch: Created from *. [23ms]
2024-08-29 19:47:13.556 [info] > git for-each-ref --format=%(refname)%00%(upstream:short)%00%(objectname)%00%(upstream:track)%00%(upstream:remotename)%00%(upstream:remoteref) refs/heads/main refs/remotes/main [10ms]
2024-08-29 19:47:13.560 [info] > git config --get commit.template [21ms]
2024-08-29 19:47:13.573 [info] > git status -z -uall [4ms]
2024-08-29 19:47:13.573 [info] > git for-each-ref --format=%(refname)%00%(upstream:short)%00%(objectname)%00%(upstream:track)%00%(upstream:remotename)%00%(upstream:remoteref) refs/heads/main refs/remotes/main [18ms]
2024-08-29 19:47:13.573 [info] > git symbolic-ref --short refs/remotes/origin/HEAD [22ms]
2024-08-29 19:47:13.573 [info] fatal: ref refs/remotes/origin/HEAD is not a symbolic ref
2024-08-29 19:47:13.580 [info] > git config --local branch.main.vscode-merge-base [20ms]
2024-08-29 19:47:13.590 [info] > git for-each-ref --format=%(refname)%00%(upstream:short)%00%(objectname)%00%(upstream:track)%00%(upstream:remotename)%00%(upstream:remoteref) refs/heads/main refs/remotes/main [11ms]
2024-08-29 19:47:13.594 [info] > git for-each-ref --format=%(refname)%00%(upstream:short)%00%(objectname)%00%(upstream:track)%00%(upstream:remotename)%00%(upstream:remoteref) refs/heads/main refs/remotes/main [22ms]
2024-08-29 19:47:13.595 [info] > git status -z -uall [6ms]
2024-08-29 19:47:13.600 [info] > git for-each-ref --format=%(refname)%00%(upstream:short)%00%(objectname)%00%(upstream:track)%00%(upstream:remotename)%00%(upstream:remoteref) refs/heads/origin/main refs/remotes/origin/main [15ms]
2024-08-29 19:47:13.605 [info] > git config --local branch.main.vscode-merge-base [11ms]
2024-08-29 19:47:13.605 [warning] [Git][config] git config failed: Failed to execute git
2024-08-29 19:47:13.610 [info] > git for-each-ref --format=%(refname)%00%(upstream:short)%00%(objectname)%00%(upstream:track)%00%(upstream:remotename)%00%(upstream:remoteref) refs/heads/main refs/remotes/main [11ms]
2024-08-29 19:47:13.618 [info] > git reflog main --grep-reflog=branch: Created from *. [9ms]
2024-08-29 19:47:13.623 [info] > git config --local branch.main.vscode-merge-base [9ms]
2024-08-29 19:47:13.623 [warning] [Git][config] git config failed: Failed to execute git
2024-08-29 19:47:13.628 [info] > git status -z -uall [10ms]
2024-08-29 19:47:13.641 [info] > git symbolic-ref --short refs/remotes/origin/HEAD [19ms]
2024-08-29 19:47:13.641 [info] fatal: ref refs/remotes/origin/HEAD is not a symbolic ref
2024-08-29 19:47:13.645 [info] > git for-each-ref --format=%(refname)%00%(upstream:short)%00%(objectname)%00%(upstream:track)%00%(upstream:remotename)%00%(upstream:remoteref) refs/heads/main refs/remotes/main [9ms]
2024-08-29 19:47:13.652 [info] > git reflog main --grep-reflog=branch: Created from *. [25ms]
2024-08-29 19:47:13.658 [info] > git symbolic-ref --short refs/remotes/origin/HEAD [2ms]
2024-08-29 19:47:13.658 [info] fatal: ref refs/remotes/origin/HEAD is not a symbolic ref
2024-08-29 19:47:13.658 [info] > git config --local branch.main.vscode-merge-base [7ms]
2024-08-29 19:47:13.658 [warning] [Git][config] git config failed: Failed to execute git
2024-08-29 19:47:13.666 [info] > git reflog main --grep-reflog=branch: Created from *. [3ms]
2024-08-29 19:47:13.670 [info] > git symbolic-ref --short refs/remotes/origin/HEAD [1ms]
2024-08-29 19:47:13.670 [info] fatal: ref refs/remotes/origin/HEAD is not a symbolic ref
2024-08-29 19:47:13.711 [info] > git status -z -uall [223ms]
2024-08-29 19:47:13.717 [info] > git for-each-ref --format=%(refname)%00%(upstream:short)%00%(objectname)%00%(upstream:track)%00%(upstream:remotename)%00%(upstream:remoteref) refs/heads/main refs/remotes/main [1ms]
2024-08-29 19:47:13.723 [info] > git config --local branch.main.vscode-merge-base [1ms]
2024-08-29 19:47:13.723 [warning] [Git][config] git config failed: Failed to execute git
2024-08-29 19:47:13.730 [info] > git reflog main --grep-reflog=branch: Created from *. [4ms]
2024-08-29 19:47:13.736 [info] > git symbolic-ref --short refs/remotes/origin/HEAD [2ms]
2024-08-29 19:47:13.736 [info] fatal: ref refs/remotes/origin/HEAD is not a symbolic ref
2024-08-29 19:47:13.759 [info] > git status -z -uall [194ms]
2024-08-29 19:47:13.766 [info] > git for-each-ref --format=%(refname)%00%(upstream:short)%00%(objectname)%00%(upstream:track)%00%(upstream:remotename)%00%(upstream:remoteref) refs/heads/calamares refs/remotes/calamares [2ms]
2024-08-29 19:47:13.772 [info] > git config --local branch.calamares.vscode-merge-base [1ms]
2024-08-29 19:47:13.778 [info] > git for-each-ref --format=%(refname)%00%(upstream:short)%00%(objectname)%00%(upstream:track)%00%(upstream:remotename)%00%(upstream:remoteref) refs/heads/origin/calamares refs/remotes/origin/calamares [2ms]
2024-08-29 19:47:13.829 [info] > git status -z -uall [225ms]
2024-08-29 19:47:13.836 [info] > git for-each-ref --format=%(refname)%00%(upstream:short)%00%(objectname)%00%(upstream:track)%00%(upstream:remotename)%00%(upstream:remoteref) refs/heads/main refs/remotes/main [2ms]
2024-08-29 19:47:13.842 [info] > git config --local branch.main.vscode-merge-base [2ms]
2024-08-29 19:47:13.847 [info] > git for-each-ref --format=%(refname)%00%(upstream:short)%00%(objectname)%00%(upstream:track)%00%(upstream:remotename)%00%(upstream:remoteref) refs/heads/origin/main refs/remotes/origin/main [1ms]
2024-08-29 19:47:13.912 [info] > git status -z -uall [559ms]
2024-08-29 19:47:13.919 [info] > git for-each-ref --format=%(refname)%00%(upstream:short)%00%(objectname)%00%(upstream:track)%00%(upstream:remotename)%00%(upstream:remoteref) refs/heads/main refs/remotes/main [2ms]
2024-08-29 19:47:13.925 [info] > git config --local branch.main.vscode-merge-base [2ms]
2024-08-29 19:47:13.925 [warning] [Git][config] git config failed: Failed to execute git
2024-08-29 19:47:13.932 [info] > git reflog main --grep-reflog=branch: Created from *. [3ms]
2024-08-29 19:47:13.937 [info] > git symbolic-ref --short refs/remotes/origin/HEAD [1ms]
2024-08-29 19:47:13.937 [info] fatal: ref refs/remotes/origin/HEAD is not a symbolic ref
2024-08-29 19:47:25.175 [info] > git status -z -uall [11683ms]
2024-08-29 19:47:25.183 [info] > git for-each-ref --format=%(refname)%00%(upstream:short)%00%(objectname)%00%(upstream:track)%00%(upstream:remotename)%00%(upstream:remoteref) refs/heads/main refs/remotes/main [2ms]
2024-08-29 19:47:25.190 [info] > git config --local branch.main.vscode-merge-base [2ms]
2024-08-29 19:47:25.197 [info] > git for-each-ref --format=%(refname)%00%(upstream:short)%00%(objectname)%00%(upstream:track)%00%(upstream:remotename)%00%(upstream:remoteref) refs/heads/origin/main refs/remotes/origin/main [2ms]
2024-08-29 19:56:27.377 [info] > git fetch [1923ms]
2024-08-29 19:56:27.377 [info] Missing or invalid credentials.
Skip silent fetch commands
git@github.com: Permission denied (publickey).
fatal: Could not read from remote repository.

Please make sure you have the correct access rights
and the repository exists.
2024-08-29 19:56:27.382 [info] > git fetch [1932ms]
2024-08-29 19:56:27.382 [info] Missing or invalid credentials.
Skip silent fetch commands
git@github.com: Permission denied (publickey).
fatal: Could not read from remote repository.

Please make sure you have the correct access rights
and the repository exists.
2024-08-29 19:56:27.383 [info] > git fetch [1924ms]
2024-08-29 19:56:27.383 [info] Missing or invalid credentials.
Skip silent fetch commands
git@github.com: Permission denied (publickey).
fatal: Could not read from remote repository.

Please make sure you have the correct access rights
and the repository exists.
2024-08-29 19:56:27.390 [info] > git config --get commit.template [8ms]
2024-08-29 19:56:27.390 [info] > git fetch [1902ms]
2024-08-29 19:56:27.390 [info] Missing or invalid credentials.
Skip silent fetch commands
git@github.com: Permission denied (publickey).
fatal: Could not read from remote repository.

Please make sure you have the correct access rights
and the repository exists.
2024-08-29 19:56:27.394 [info] > git config --get commit.template [5ms]
2024-08-29 19:56:27.394 [info] > git config --get commit.template [8ms]
2024-08-29 19:56:27.398 [info] > git fetch [1936ms]
2024-08-29 19:56:27.398 [info] Missing or invalid credentials.
Skip silent fetch commands
git@github.com: Permission denied (publickey).
fatal: Could not read from remote repository.

Please make sure you have the correct access rights
and the repository exists.
2024-08-29 19:56:27.410 [info] > git for-each-ref --format=%(refname)%00%(upstream:short)%00%(objectname)%00%(upstream:track)%00%(upstream:remotename)%00%(upstream:remoteref) refs/heads/main refs/remotes/main [13ms]
2024-08-29 19:56:27.410 [info] > git config --get commit.template [16ms]
2024-08-29 19:56:27.414 [info] > git config --get commit.template [5ms]
2024-08-29 19:56:27.414 [info] > git for-each-ref --format=%(refname)%00%(upstream:short)%00%(objectname)%00%(upstream:track)%00%(upstream:remotename)%00%(upstream:remoteref) refs/heads/main refs/remotes/main [9ms]
2024-08-29 19:56:27.414 [info] > git for-each-ref --format=%(refname)%00%(upstream:short)%00%(objectname)%00%(upstream:track)%00%(upstream:remotename)%00%(upstream:remoteref) refs/heads/main refs/remotes/main [12ms]
2024-08-29 19:56:27.415 [info] > git fetch [1915ms]
2024-08-29 19:56:27.415 [info] Missing or invalid credentials.
Skip silent fetch commands
git@github.com: Permission denied (publickey).
fatal: Could not read from remote repository.

Please make sure you have the correct access rights
and the repository exists.
2024-08-29 19:56:27.422 [info] > git for-each-ref --format=%(refname)%00%(upstream:short)%00%(objectname)%00%(upstream:track)%00%(upstream:remotename)%00%(upstream:remoteref) refs/heads/calamares refs/remotes/calamares [8ms]
2024-08-29 19:56:27.426 [info] > git for-each-ref --format=%(refname)%00%(upstream:short)%00%(objectname)%00%(upstream:track)%00%(upstream:remotename)%00%(upstream:remoteref) refs/heads/main refs/remotes/main [8ms]
2024-08-29 19:56:27.435 [info] > git config --get commit.template [12ms]
2024-08-29 19:56:27.439 [info] > git status -z -uall [9ms]
2024-08-29 19:56:27.443 [info] > git fetch [1937ms]
2024-08-29 19:56:27.444 [info] Missing or invalid credentials.
Skip silent fetch commands
git@github.com: Permission denied (publickey).
fatal: Could not read from remote repository.

Please make sure you have the correct access rights
and the repository exists.
2024-08-29 19:56:27.451 [info] > git status -z -uall [25ms]
2024-08-29 19:56:27.452 [info] > git for-each-ref --format=%(refname)%00%(upstream:short)%00%(objectname)%00%(upstream:track)%00%(upstream:remotename)%00%(upstream:remoteref) refs/heads/main refs/remotes/main [9ms]
2024-08-29 19:56:27.455 [info] > git for-each-ref --format=%(refname)%00%(upstream:short)%00%(objectname)%00%(upstream:track)%00%(upstream:remotename)%00%(upstream:remoteref) refs/heads/main refs/remotes/main [17ms]
2024-08-29 19:56:27.456 [info] > git fetch [1987ms]
2024-08-29 19:56:27.456 [info] Missing or invalid credentials.
Skip silent fetch commands
git@github.com: Permission denied (publickey).
fatal: Could not read from remote repository.

Please make sure you have the correct access rights
and the repository exists.
2024-08-29 19:56:27.456 [info] > git fetch [1983ms]
2024-08-29 19:56:27.456 [info] Missing or invalid credentials.
Skip silent fetch commands
git@github.com: Permission denied (publickey).
fatal: Could not read from remote repository.

Please make sure you have the correct access rights
and the repository exists.
2024-08-29 19:56:27.469 [info] > git status -z -uall [35ms]
2024-08-29 19:56:27.469 [info] > git status -z -uall [9ms]
2024-08-29 19:56:27.469 [info] > git config --local branch.main.vscode-merge-base [14ms]
2024-08-29 19:56:27.469 [warning] [Git][config] git config failed: Failed to execute git
2024-08-29 19:56:27.473 [info] > git config --get commit.template [22ms]
2024-08-29 19:56:27.480 [info] > git reflog main --grep-reflog=branch: Created from *. [7ms]
2024-08-29 19:56:27.484 [info] > git config --get commit.template [16ms]
2024-08-29 19:56:27.484 [info] > git config --get commit.template [20ms]
2024-08-29 19:56:27.489 [info] > git fetch [2006ms]
2024-08-29 19:56:27.490 [info] Missing or invalid credentials.
Skip silent fetch commands
git@github.com: Permission denied (publickey).
fatal: Could not read from remote repository.

Please make sure you have the correct access rights
and the repository exists.
2024-08-29 19:56:27.505 [info] > git for-each-ref --format=%(refname)%00%(upstream:short)%00%(objectname)%00%(upstream:track)%00%(upstream:remotename)%00%(upstream:remoteref) refs/heads/main refs/remotes/main [16ms]
2024-08-29 19:56:27.509 [info] > git symbolic-ref --short refs/remotes/origin/HEAD [25ms]
2024-08-29 19:56:27.509 [info] fatal: ref refs/remotes/origin/HEAD is not a symbolic ref
2024-08-29 19:56:27.509 [info] > git for-each-ref --format=%(refname)%00%(upstream:short)%00%(objectname)%00%(upstream:track)%00%(upstream:remotename)%00%(upstream:remoteref) refs/heads/main refs/remotes/main [32ms]
2024-08-29 19:56:27.527 [info] > git config --local branch.main.vscode-merge-base [18ms]
2024-08-29 19:56:27.531 [info] > git config --get commit.template [27ms]
2024-08-29 19:56:27.532 [info] > git for-each-ref --format=%(refname)%00%(upstream:short)%00%(objectname)%00%(upstream:track)%00%(upstream:remotename)%00%(upstream:remoteref) refs/heads/main refs/remotes/main [31ms]
2024-08-29 19:56:27.532 [info] > git fetch [2054ms]
2024-08-29 19:56:27.532 [info] Missing or invalid credentials.
Skip silent fetch commands
git@github.com: Permission denied (publickey).
fatal: Could not read from remote repository.

Please make sure you have the correct access rights
and the repository exists.
2024-08-29 19:56:27.532 [info] > git for-each-ref --format=%(refname)%00%(upstream:short)%00%(objectname)%00%(upstream:track)%00%(upstream:remotename)%00%(upstream:remoteref) refs/heads/main refs/remotes/main [37ms]
2024-08-29 19:56:27.536 [info] > git fetch [2042ms]
2024-08-29 19:56:27.536 [info] Missing or invalid credentials.
Skip silent fetch commands
git@github.com: Permission denied (publickey).
fatal: Could not read from remote repository.

Please make sure you have the correct access rights
and the repository exists.
2024-08-29 19:56:27.546 [info] > git config --local branch.main.vscode-merge-base [10ms]
2024-08-29 19:56:27.546 [warning] [Git][config] git config failed: Failed to execute git
2024-08-29 19:56:27.550 [info] > git for-each-ref --format=%(refname)%00%(upstream:short)%00%(objectname)%00%(upstream:track)%00%(upstream:remotename)%00%(upstream:remoteref) refs/heads/origin/main refs/remotes/origin/main [19ms]
2024-08-29 19:56:27.550 [info] > git for-each-ref --format=%(refname)%00%(upstream:short)%00%(objectname)%00%(upstream:track)%00%(upstream:remotename)%00%(upstream:remoteref) refs/heads/main refs/remotes/main [24ms]
2024-08-29 19:56:27.550 [info] > git for-each-ref --format=%(refname)%00%(upstream:short)%00%(objectname)%00%(upstream:track)%00%(upstream:remotename)%00%(upstream:remoteref) refs/heads/main refs/remotes/main [28ms]
2024-08-29 19:56:27.550 [info] > git config --local branch.main.vscode-merge-base [37ms]
2024-08-29 19:56:27.550 [warning] [Git][config] git config failed: Failed to execute git
2024-08-29 19:56:27.560 [info] > git reflog main --grep-reflog=branch: Created from *. [9ms]
2024-08-29 19:56:27.563 [info] > git config --get commit.template [18ms]
2024-08-29 19:56:27.563 [info] > git config --get commit.template [22ms]
2024-08-29 19:56:27.564 [info] > git status -z -uall [116ms]
2024-08-29 19:56:27.564 [info] > git for-each-ref --format=%(refname)%00%(upstream:short)%00%(objectname)%00%(upstream:track)%00%(upstream:remotename)%00%(upstream:remoteref) refs/heads/main refs/remotes/main [6ms]
2024-08-29 19:56:27.569 [info] > git reflog main --grep-reflog=branch: Created from *. [15ms]
2024-08-29 19:56:27.585 [info] > git for-each-ref --format=%(refname)%00%(upstream:short)%00%(objectname)%00%(upstream:track)%00%(upstream:remotename)%00%(upstream:remoteref) refs/heads/calamares refs/remotes/calamares [16ms]
2024-08-29 19:56:27.589 [info] > git symbolic-ref --short refs/remotes/origin/HEAD [26ms]
2024-08-29 19:56:27.589 [info] fatal: ref refs/remotes/origin/HEAD is not a symbolic ref
2024-08-29 19:56:27.598 [info] > git status -z -uall [4ms]
2024-08-29 19:56:27.598 [info] > git config --local branch.calamares.vscode-merge-base [9ms]
2024-08-29 19:56:27.602 [info] > git for-each-ref --format=%(refname)%00%(upstream:short)%00%(objectname)%00%(upstream:track)%00%(upstream:remotename)%00%(upstream:remoteref) refs/heads/main refs/remotes/main [17ms]
2024-08-29 19:56:27.602 [info] > git for-each-ref --format=%(refname)%00%(upstream:short)%00%(objectname)%00%(upstream:track)%00%(upstream:remotename)%00%(upstream:remoteref) refs/heads/main refs/remotes/main [21ms]
2024-08-29 19:56:27.602 [info] > git symbolic-ref --short refs/remotes/origin/HEAD [29ms]
2024-08-29 19:56:27.602 [info] fatal: ref refs/remotes/origin/HEAD is not a symbolic ref
2024-08-29 19:56:27.603 [info] > git status -z -uall [5ms]
2024-08-29 19:56:27.618 [info] > git for-each-ref --format=%(refname)%00%(upstream:short)%00%(objectname)%00%(upstream:track)%00%(upstream:remotename)%00%(upstream:remoteref) refs/heads/main refs/remotes/main [10ms]
2024-08-29 19:56:27.623 [info] > git for-each-ref --format=%(refname)%00%(upstream:short)%00%(objectname)%00%(upstream:track)%00%(upstream:remotename)%00%(upstream:remoteref) refs/heads/origin/calamares refs/remotes/origin/calamares [20ms]
2024-08-29 19:56:27.624 [info] > git config --local branch.main.vscode-merge-base [2ms]
2024-08-29 19:56:27.624 [warning] [Git][config] git config failed: Failed to execute git
2024-08-29 19:56:27.629 [info] > git for-each-ref --format=%(refname)%00%(upstream:short)%00%(objectname)%00%(upstream:track)%00%(upstream:remotename)%00%(upstream:remoteref) refs/heads/main refs/remotes/main [16ms]
2024-08-29 19:56:27.651 [info] > git reflog main --grep-reflog=branch: Created from *. [22ms]
2024-08-29 19:56:27.661 [info] > git config --local branch.main.vscode-merge-base [27ms]
2024-08-29 19:56:27.661 [warning] [Git][config] git config failed: Failed to execute git
2024-08-29 19:56:27.668 [info] > git status -z -uall [17ms]
2024-08-29 19:56:27.669 [info] > git symbolic-ref --short refs/remotes/origin/HEAD [8ms]
2024-08-29 19:56:27.669 [info] fatal: ref refs/remotes/origin/HEAD is not a symbolic ref
2024-08-29 19:56:27.669 [info] > git reflog main --grep-reflog=branch: Created from *. [3ms]
2024-08-29 19:56:27.691 [info] > git for-each-ref --format=%(refname)%00%(upstream:short)%00%(objectname)%00%(upstream:track)%00%(upstream:remotename)%00%(upstream:remoteref) refs/heads/main refs/remotes/main [3ms]
2024-08-29 19:56:27.697 [info] > git symbolic-ref --short refs/remotes/origin/HEAD [15ms]
2024-08-29 19:56:27.697 [info] fatal: ref refs/remotes/origin/HEAD is not a symbolic ref
2024-08-29 19:56:27.698 [info] > git config --local branch.main.vscode-merge-base [2ms]
2024-08-29 19:56:27.698 [warning] [Git][config] git config failed: Failed to execute git
2024-08-29 19:56:27.706 [info] > git reflog main --grep-reflog=branch: Created from *. [3ms]
2024-08-29 19:56:27.713 [info] > git symbolic-ref --short refs/remotes/origin/HEAD [2ms]
2024-08-29 19:56:27.713 [info] fatal: ref refs/remotes/origin/HEAD is not a symbolic ref
2024-08-29 19:56:27.836 [info] > git status -z -uall [218ms]
2024-08-29 19:56:27.845 [info] > git for-each-ref --format=%(refname)%00%(upstream:short)%00%(objectname)%00%(upstream:track)%00%(upstream:remotename)%00%(upstream:remoteref) refs/heads/main refs/remotes/main [2ms]
2024-08-29 19:56:27.852 [info] > git config --local branch.main.vscode-merge-base [2ms]
2024-08-29 19:56:27.852 [warning] [Git][config] git config failed: Failed to execute git
2024-08-29 19:56:27.860 [info] > git reflog main --grep-reflog=branch: Created from *. [3ms]
2024-08-29 19:56:27.866 [info] > git symbolic-ref --short refs/remotes/origin/HEAD [2ms]
2024-08-29 19:56:27.866 [info] fatal: ref refs/remotes/origin/HEAD is not a symbolic ref
2024-08-29 19:56:27.947 [info] > git status -z -uall [306ms]
2024-08-29 19:56:27.957 [info] > git for-each-ref --format=%(refname)%00%(upstream:short)%00%(objectname)%00%(upstream:track)%00%(upstream:remotename)%00%(upstream:remoteref) refs/heads/main refs/remotes/main [3ms]
2024-08-29 19:56:27.964 [info] > git config --local branch.main.vscode-merge-base [2ms]
2024-08-29 19:56:27.971 [info] > git for-each-ref --format=%(refname)%00%(upstream:short)%00%(objectname)%00%(upstream:track)%00%(upstream:remotename)%00%(upstream:remoteref) refs/heads/origin/main refs/remotes/origin/main [2ms]
2024-08-29 19:56:28.100 [info] > git status -z -uall [582ms]
2024-08-29 19:56:28.108 [info] > git for-each-ref --format=%(refname)%00%(upstream:short)%00%(objectname)%00%(upstream:track)%00%(upstream:remotename)%00%(upstream:remoteref) refs/heads/main refs/remotes/main [2ms]
2024-08-29 19:56:28.115 [info] > git config --local branch.main.vscode-merge-base [1ms]
2024-08-29 19:56:28.115 [warning] [Git][config] git config failed: Failed to execute git
2024-08-29 19:56:28.123 [info] > git reflog main --grep-reflog=branch: Created from *. [3ms]
2024-08-29 19:56:28.130 [info] > git symbolic-ref --short refs/remotes/origin/HEAD [1ms]
2024-08-29 19:56:28.130 [info] fatal: ref refs/remotes/origin/HEAD is not a symbolic ref
2024-08-29 19:56:38.818 [info] > git status -z -uall [11240ms]
2024-08-29 19:56:38.828 [info] > git for-each-ref --format=%(refname)%00%(upstream:short)%00%(objectname)%00%(upstream:track)%00%(upstream:remotename)%00%(upstream:remoteref) refs/heads/main refs/remotes/main [3ms]
2024-08-29 19:56:38.835 [info] > git config --local branch.main.vscode-merge-base [2ms]
2024-08-29 19:56:38.842 [info] > git for-each-ref --format=%(refname)%00%(upstream:short)%00%(objectname)%00%(upstream:track)%00%(upstream:remotename)%00%(upstream:remoteref) refs/heads/origin/main refs/remotes/origin/main [2ms]
2024-08-29 19:56:40.820 [info] > git rev-parse --show-toplevel [2ms]
2024-08-29 19:56:40.820 [info] fatal: not a git repository (or any parent up to mount point /)
Stopping at filesystem boundary (GIT_DISCOVERY_ACROSS_FILESYSTEM not set).
2024-08-29 19:56:42.714 [info] > git rev-parse --show-toplevel [1ms]
2024-08-29 19:56:42.714 [info] fatal: not a git repository (or any parent up to mount point /)
Stopping at filesystem boundary (GIT_DISCOVERY_ACROSS_FILESYSTEM not set).
2024-08-29 19:57:28.793 [info] > git rev-parse --show-toplevel [2ms]
2024-08-29 19:57:28.793 [info] fatal: not a git repository (or any parent up to mount point /)
Stopping at filesystem boundary (GIT_DISCOVERY_ACROSS_FILESYSTEM not set).
2024-08-29 19:58:43.767 [info] > git rev-parse --show-toplevel [1ms]
2024-08-29 19:58:43.767 [info] fatal: not a git repository (or any parent up to mount point /)
Stopping at filesystem boundary (GIT_DISCOVERY_ACROSS_FILESYSTEM not set).
2024-08-29 20:57:25.360 [info] > git fetch [1298ms]
2024-08-29 20:57:25.361 [info] Missing or invalid credentials.
Skip silent fetch commands
git@github.com: Permission denied (publickey).
fatal: Could not read from remote repository.

Please make sure you have the correct access rights
and the repository exists.
2024-08-29 20:57:25.367 [info] > git fetch [1266ms]
2024-08-29 20:57:25.367 [info] Missing or invalid credentials.
Skip silent fetch commands
git@github.com: Permission denied (publickey).
fatal: Could not read from remote repository.

Please make sure you have the correct access rights
and the repository exists.
2024-08-29 20:57:25.367 [info] > git fetch [1272ms]
2024-08-29 20:57:25.367 [info] Missing or invalid credentials.
Skip silent fetch commands
git@github.com: Permission denied (publickey).
fatal: Could not read from remote repository.

Please make sure you have the correct access rights
and the repository exists.
2024-08-29 20:57:25.377 [info] > git config --get commit.template [11ms]
2024-08-29 20:57:25.382 [info] > git config --get commit.template [5ms]
2024-08-29 20:57:25.382 [info] > git config --get commit.template [10ms]
2024-08-29 20:57:25.382 [info] > git fetch [1309ms]
2024-08-29 20:57:25.383 [info] Missing or invalid credentials.
Skip silent fetch commands
git@github.com: Permission denied (publickey).
fatal: Could not read from remote repository.

Please make sure you have the correct access rights
and the repository exists.
2024-08-29 20:57:25.394 [info] > git config --get commit.template [1ms]
2024-08-29 20:57:25.394 [info] > git for-each-ref --format=%(refname)%00%(upstream:short)%00%(objectname)%00%(upstream:track)%00%(upstream:remotename)%00%(upstream:remoteref) refs/heads/main refs/remotes/main [4ms]
2024-08-29 20:57:25.395 [info] > git for-each-ref --format=%(refname)%00%(upstream:short)%00%(objectname)%00%(upstream:track)%00%(upstream:remotename)%00%(upstream:remoteref) refs/heads/main refs/remotes/main [9ms]
2024-08-29 20:57:25.395 [info] > git fetch [1339ms]
2024-08-29 20:57:25.395 [info] Missing or invalid credentials.
Skip silent fetch commands
git@github.com: Permission denied (publickey).
fatal: Could not read from remote repository.

Please make sure you have the correct access rights
and the repository exists.
2024-08-29 20:57:25.395 [info] > git for-each-ref --format=%(refname)%00%(upstream:short)%00%(objectname)%00%(upstream:track)%00%(upstream:remotename)%00%(upstream:remoteref) refs/heads/main refs/remotes/main [14ms]
2024-08-29 20:57:25.395 [info] > git fetch [1281ms]
2024-08-29 20:57:25.395 [info] Missing or invalid credentials.
Skip silent fetch commands
git@github.com: Permission denied (publickey).
fatal: Could not read from remote repository.

Please make sure you have the correct access rights
and the repository exists.
2024-08-29 20:57:25.406 [info] > git config --get commit.template [7ms]
2024-08-29 20:57:25.407 [info] > git config --get commit.template [4ms]
2024-08-29 20:57:25.425 [info] > git for-each-ref --format=%(refname)%00%(upstream:short)%00%(objectname)%00%(upstream:track)%00%(upstream:remotename)%00%(upstream:remoteref) refs/heads/main refs/remotes/main [8ms]
2024-08-29 20:57:25.426 [info] > git for-each-ref --format=%(refname)%00%(upstream:short)%00%(objectname)%00%(upstream:track)%00%(upstream:remotename)%00%(upstream:remoteref) refs/heads/main refs/remotes/main [12ms]
2024-08-29 20:57:25.426 [info] > git for-each-ref --format=%(refname)%00%(upstream:short)%00%(objectname)%00%(upstream:track)%00%(upstream:remotename)%00%(upstream:remoteref) refs/heads/calamares refs/remotes/calamares [20ms]
2024-08-29 20:57:25.426 [info] > git fetch [1344ms]
2024-08-29 20:57:25.426 [info] Missing or invalid credentials.
Skip silent fetch commands
git@github.com: Permission denied (publickey).
fatal: Could not read from remote repository.

Please make sure you have the correct access rights
and the repository exists.
2024-08-29 20:57:25.445 [info] > git status -z -uall [23ms]
2024-08-29 20:57:25.445 [info] > git fetch [1394ms]
2024-08-29 20:57:25.445 [info] Missing or invalid credentials.
Skip silent fetch commands
git@github.com: Permission denied (publickey).
fatal: Could not read from remote repository.

Please make sure you have the correct access rights
and the repository exists.
2024-08-29 20:57:25.445 [info] > git fetch [1356ms]
2024-08-29 20:57:25.445 [info] Missing or invalid credentials.
Skip silent fetch commands
git@github.com: Permission denied (publickey).
fatal: Could not read from remote repository.

Please make sure you have the correct access rights
and the repository exists.
2024-08-29 20:57:25.460 [info] > git fetch [1392ms]
2024-08-29 20:57:25.460 [info] Missing or invalid credentials.
Skip silent fetch commands
git@github.com: Permission denied (publickey).
fatal: Could not read from remote repository.

Please make sure you have the correct access rights
and the repository exists.
2024-08-29 20:57:25.460 [info] > git config --get commit.template [29ms]
2024-08-29 20:57:25.470 [info] > git for-each-ref --format=%(refname)%00%(upstream:short)%00%(objectname)%00%(upstream:track)%00%(upstream:remotename)%00%(upstream:remoteref) refs/heads/main refs/remotes/main [12ms]
2024-08-29 20:57:25.476 [info] > git config --get commit.template [23ms]
2024-08-29 20:57:25.476 [info] > git config --get commit.template [27ms]
2024-08-29 20:57:25.477 [info] > git config --local branch.main.vscode-merge-base [1ms]
2024-08-29 20:57:25.483 [info] > git config --get commit.template [13ms]
2024-08-29 20:57:25.484 [info] > git for-each-ref --format=%(refname)%00%(upstream:short)%00%(objectname)%00%(upstream:track)%00%(upstream:remotename)%00%(upstream:remoteref) refs/heads/main refs/remotes/main [19ms]
2024-08-29 20:57:25.516 [info] > git status -z -uall [76ms]
2024-08-29 20:57:25.517 [info] > git for-each-ref --format=%(refname)%00%(upstream:short)%00%(objectname)%00%(upstream:track)%00%(upstream:remotename)%00%(upstream:remoteref) refs/heads/main refs/remotes/main [27ms]
2024-08-29 20:57:25.517 [info] > git for-each-ref --format=%(refname)%00%(upstream:short)%00%(objectname)%00%(upstream:track)%00%(upstream:remotename)%00%(upstream:remoteref) refs/heads/origin/main refs/remotes/origin/main [34ms]
2024-08-29 20:57:25.521 [info] > git for-each-ref --format=%(refname)%00%(upstream:short)%00%(objectname)%00%(upstream:track)%00%(upstream:remotename)%00%(upstream:remoteref) refs/heads/main refs/remotes/main [23ms]
2024-08-29 20:57:25.539 [info] > git for-each-ref --format=%(refname)%00%(upstream:short)%00%(objectname)%00%(upstream:track)%00%(upstream:remotename)%00%(upstream:remoteref) refs/heads/main refs/remotes/main [9ms]
2024-08-29 20:57:25.545 [info] > git for-each-ref --format=%(refname)%00%(upstream:short)%00%(objectname)%00%(upstream:track)%00%(upstream:remotename)%00%(upstream:remoteref) refs/heads/main refs/remotes/main [30ms]
2024-08-29 20:57:25.545 [info] > git fetch [1468ms]
2024-08-29 20:57:25.545 [info] Missing or invalid credentials.
Skip silent fetch commands
git@github.com: Permission denied (publickey).
fatal: Could not read from remote repository.

Please make sure you have the correct access rights
and the repository exists.
2024-08-29 20:57:25.555 [info] > git status -z -uall [18ms]
2024-08-29 20:57:25.555 [info] > git config --local branch.main.vscode-merge-base [10ms]
2024-08-29 20:57:25.555 [warning] [Git][config] git config failed: Failed to execute git
2024-08-29 20:57:25.570 [info] > git fetch [1463ms]
2024-08-29 20:57:25.570 [info] Missing or invalid credentials.
Skip silent fetch commands
git@github.com: Permission denied (publickey).
fatal: Could not read from remote repository.

Please make sure you have the correct access rights
and the repository exists.
2024-08-29 20:57:25.584 [info] > git for-each-ref --format=%(refname)%00%(upstream:short)%00%(objectname)%00%(upstream:track)%00%(upstream:remotename)%00%(upstream:remoteref) refs/heads/main refs/remotes/main [17ms]
2024-08-29 20:57:25.589 [info] > git reflog main --grep-reflog=branch: Created from *. [29ms]
2024-08-29 20:57:25.593 [info] > git config --get commit.template [39ms]
2024-08-29 20:57:25.599 [info] > git status -z -uall [21ms]
2024-08-29 20:57:25.599 [info] > git config --local branch.main.vscode-merge-base [10ms]
2024-08-29 20:57:25.599 [warning] [Git][config] git config failed: Failed to execute git
2024-08-29 20:57:25.604 [info] > git config --get commit.template [21ms]
2024-08-29 20:57:25.620 [info] > git reflog main --grep-reflog=branch: Created from *. [16ms]
2024-08-29 20:57:25.624 [info] > git symbolic-ref --short refs/remotes/origin/HEAD [31ms]
2024-08-29 20:57:25.624 [info] fatal: ref refs/remotes/origin/HEAD is not a symbolic ref
2024-08-29 20:57:25.629 [info] > git for-each-ref --format=%(refname)%00%(upstream:short)%00%(objectname)%00%(upstream:track)%00%(upstream:remotename)%00%(upstream:remoteref) refs/heads/main refs/remotes/main [9ms]
2024-08-29 20:57:25.629 [info] > git for-each-ref --format=%(refname)%00%(upstream:short)%00%(objectname)%00%(upstream:track)%00%(upstream:remotename)%00%(upstream:remoteref) refs/heads/main refs/remotes/main [20ms]
2024-08-29 20:57:25.634 [info] > git symbolic-ref --short refs/remotes/origin/HEAD [10ms]
2024-08-29 20:57:25.634 [info] fatal: ref refs/remotes/origin/HEAD is not a symbolic ref
2024-08-29 20:57:25.634 [info] > git for-each-ref --format=%(refname)%00%(upstream:short)%00%(objectname)%00%(upstream:track)%00%(upstream:remotename)%00%(upstream:remoteref) refs/heads/main refs/remotes/main [5ms]
2024-08-29 20:57:25.639 [info] > git config --local branch.main.vscode-merge-base [5ms]
2024-08-29 20:57:25.639 [warning] [Git][config] git config failed: Failed to execute git
2024-08-29 20:57:25.643 [info] > git status -z -uall [5ms]
2024-08-29 20:57:25.649 [info] > git for-each-ref --format=%(refname)%00%(upstream:short)%00%(objectname)%00%(upstream:track)%00%(upstream:remotename)%00%(upstream:remoteref) refs/heads/main refs/remotes/main [1ms]
2024-08-29 20:57:25.654 [info] > git reflog main --grep-reflog=branch: Created from *. [11ms]
2024-08-29 20:57:25.662 [info] > git config --local branch.main.vscode-merge-base [8ms]
2024-08-29 20:57:25.662 [warning] [Git][config] git config failed: Failed to execute git
2024-08-29 20:57:25.668 [info] > git status -z -uall [70ms]
2024-08-29 20:57:25.674 [info] > git symbolic-ref --short refs/remotes/origin/HEAD [16ms]
2024-08-29 20:57:25.674 [info] fatal: ref refs/remotes/origin/HEAD is not a symbolic ref
2024-08-29 20:57:25.674 [info] > git reflog main --grep-reflog=branch: Created from *. [8ms]
2024-08-29 20:57:25.679 [info] > git for-each-ref --format=%(refname)%00%(upstream:short)%00%(objectname)%00%(upstream:track)%00%(upstream:remotename)%00%(upstream:remoteref) refs/heads/main refs/remotes/main [6ms]
2024-08-29 20:57:25.685 [info] > git symbolic-ref --short refs/remotes/origin/HEAD [7ms]
2024-08-29 20:57:25.685 [info] fatal: ref refs/remotes/origin/HEAD is not a symbolic ref
2024-08-29 20:57:25.686 [info] > git config --local branch.main.vscode-merge-base [2ms]
2024-08-29 20:57:25.686 [warning] [Git][config] git config failed: Failed to execute git
2024-08-29 20:57:25.694 [info] > git reflog main --grep-reflog=branch: Created from *. [4ms]
2024-08-29 20:57:25.700 [info] > git symbolic-ref --short refs/remotes/origin/HEAD [1ms]
2024-08-29 20:57:25.700 [info] fatal: ref refs/remotes/origin/HEAD is not a symbolic ref
2024-08-29 20:57:25.828 [info] > git status -z -uall [213ms]
2024-08-29 20:57:25.836 [info] > git for-each-ref --format=%(refname)%00%(upstream:short)%00%(objectname)%00%(upstream:track)%00%(upstream:remotename)%00%(upstream:remoteref) refs/heads/main refs/remotes/main [3ms]
2024-08-29 20:57:25.842 [info] > git config --local branch.main.vscode-merge-base [1ms]
2024-08-29 20:57:25.842 [warning] [Git][config] git config failed: Failed to execute git
2024-08-29 20:57:25.849 [info] > git reflog main --grep-reflog=branch: Created from *. [3ms]
2024-08-29 20:57:25.854 [info] > git symbolic-ref --short refs/remotes/origin/HEAD [1ms]
2024-08-29 20:57:25.854 [info] fatal: ref refs/remotes/origin/HEAD is not a symbolic ref
2024-08-29 20:57:25.876 [info] > git status -z -uall [432ms]
2024-08-29 20:57:25.883 [info] > git for-each-ref --format=%(refname)%00%(upstream:short)%00%(objectname)%00%(upstream:track)%00%(upstream:remotename)%00%(upstream:remoteref) refs/heads/calamares refs/remotes/calamares [2ms]
2024-08-29 20:57:25.889 [info] > git config --local branch.calamares.vscode-merge-base [2ms]
2024-08-29 20:57:25.895 [info] > git for-each-ref --format=%(refname)%00%(upstream:short)%00%(objectname)%00%(upstream:track)%00%(upstream:remotename)%00%(upstream:remoteref) refs/heads/origin/calamares refs/remotes/origin/calamares [2ms]
2024-08-29 20:57:25.898 [info] > git status -z -uall [473ms]
2024-08-29 20:57:25.905 [info] > git for-each-ref --format=%(refname)%00%(upstream:short)%00%(objectname)%00%(upstream:track)%00%(upstream:remotename)%00%(upstream:remoteref) refs/heads/main refs/remotes/main [2ms]
2024-08-29 20:57:25.911 [info] > git config --local branch.main.vscode-merge-base [1ms]
2024-08-29 20:57:25.916 [info] > git for-each-ref --format=%(refname)%00%(upstream:short)%00%(objectname)%00%(upstream:track)%00%(upstream:remotename)%00%(upstream:remoteref) refs/heads/origin/main refs/remotes/origin/main [1ms]
2024-08-29 20:57:26.049 [info] > git status -z -uall [639ms]
2024-08-29 20:57:26.055 [info] > git for-each-ref --format=%(refname)%00%(upstream:short)%00%(objectname)%00%(upstream:track)%00%(upstream:remotename)%00%(upstream:remoteref) refs/heads/main refs/remotes/main [1ms]
2024-08-29 20:57:26.060 [info] > git config --local branch.main.vscode-merge-base [1ms]
2024-08-29 20:57:26.060 [warning] [Git][config] git config failed: Failed to execute git
