2024-04-26 06:17:21.462 [info] Log level: Info
2024-04-26 06:17:21.462 [info] Validating found git in: "git"
2024-04-26 06:17:21.462 [info] Using git "2.44.0" from "git"
2024-04-26 06:17:21.462 [info] > git rev-parse --show-toplevel [6ms]
2024-04-26 06:17:21.462 [info] fatal: not a git repository (or any parent up to mount point /)
Stopping at filesystem boundary (GIT_DISCOVERY_ACROSS_FILESYSTEM not set).
2024-04-26 06:32:49.341 [info] > git rev-parse --show-toplevel [1ms]
2024-04-26 06:32:49.341 [info] fatal: not a git repository (or any parent up to mount point /)
Stopping at filesystem boundary (GIT_DISCOVERY_ACROSS_FILESYSTEM not set).
2024-04-26 07:14:48.544 [info] > git rev-parse --show-toplevel [4ms]
2024-04-26 07:14:48.544 [info] fatal: not a git repository (or any parent up to mount point /)
Stopping at filesystem boundary (GIT_DISCOVERY_ACROSS_FILESYSTEM not set).
2024-04-26 07:21:46.610 [info] Log level: Info
2024-04-26 07:21:46.610 [info] Validating found git in: "git"
2024-04-26 07:21:46.611 [info] Using git "2.44.0" from "git"
2024-04-26 07:21:46.611 [info] > git rev-parse --show-toplevel [4ms]
2024-04-26 07:21:46.611 [info] fatal: not a git repository (or any parent up to mount point /)
Stopping at filesystem boundary (GIT_DISCOVERY_ACROSS_FILESYSTEM not set).
2024-04-26 07:21:46.619 [info] > git rev-parse --show-toplevel [3ms]
2024-04-26 07:21:46.619 [info] fatal: not a git repository (or any parent up to mount point /)
Stopping at filesystem boundary (GIT_DISCOVERY_ACROSS_FILESYSTEM not set).
2024-04-26 07:21:46.628 [info] > git rev-parse --show-toplevel [3ms]
2024-04-26 07:21:46.629 [info] fatal: not a git repository (or any parent up to mount point /)
Stopping at filesystem boundary (GIT_DISCOVERY_ACROSS_FILESYSTEM not set).
2024-04-26 07:21:46.636 [info] > git rev-parse --show-toplevel [2ms]
2024-04-26 07:21:46.636 [info] fatal: not a git repository (or any parent up to mount point /)
Stopping at filesystem boundary (GIT_DISCOVERY_ACROSS_FILESYSTEM not set).
2024-04-26 07:21:46.642 [info] > git rev-parse --show-toplevel [1ms]
2024-04-26 07:21:46.642 [info] fatal: not a git repository (or any parent up to mount point /)
Stopping at filesystem boundary (GIT_DISCOVERY_ACROSS_FILESYSTEM not set).
2024-04-26 07:21:46.649 [info] > git rev-parse --show-toplevel [2ms]
2024-04-26 07:21:46.649 [info] fatal: not a git repository (or any parent up to mount point /)
Stopping at filesystem boundary (GIT_DISCOVERY_ACROSS_FILESYSTEM not set).
2024-04-26 07:21:46.657 [info] > git rev-parse --show-toplevel [2ms]
2024-04-26 07:21:46.657 [info] fatal: not a git repository (or any parent up to mount point /)
Stopping at filesystem boundary (GIT_DISCOVERY_ACROSS_FILESYSTEM not set).
2024-04-26 07:21:46.667 [info] > git rev-parse --show-toplevel [2ms]
2024-04-26 07:21:46.667 [info] fatal: not a git repository (or any parent up to mount point /)
Stopping at filesystem boundary (GIT_DISCOVERY_ACROSS_FILESYSTEM not set).
2024-04-26 07:21:46.673 [info] > git rev-parse --show-toplevel [2ms]
2024-04-26 07:21:46.673 [info] fatal: not a git repository (or any parent up to mount point /)
Stopping at filesystem boundary (GIT_DISCOVERY_ACROSS_FILESYSTEM not set).
2024-04-26 07:21:46.679 [info] > git rev-parse --show-toplevel [2ms]
2024-04-26 07:21:46.679 [info] fatal: not a git repository (or any parent up to mount point /)
Stopping at filesystem boundary (GIT_DISCOVERY_ACROSS_FILESYSTEM not set).
2024-04-26 07:21:46.685 [info] > git rev-parse --show-toplevel [2ms]
2024-04-26 07:21:46.685 [info] fatal: not a git repository (or any parent up to mount point /)
Stopping at filesystem boundary (GIT_DISCOVERY_ACROSS_FILESYSTEM not set).
2024-04-26 07:21:46.691 [info] > git rev-parse --show-toplevel [1ms]
2024-04-26 07:21:46.691 [info] fatal: not a git repository (or any parent up to mount point /)
Stopping at filesystem boundary (GIT_DISCOVERY_ACROSS_FILESYSTEM not set).
2024-04-26 07:21:46.697 [info] > git rev-parse --show-toplevel [2ms]
2024-04-26 07:21:46.697 [info] fatal: not a git repository (or any parent up to mount point /)
Stopping at filesystem boundary (GIT_DISCOVERY_ACROSS_FILESYSTEM not set).
2024-04-26 07:21:46.704 [info] > git rev-parse --show-toplevel [2ms]
2024-04-26 07:21:46.704 [info] fatal: not a git repository (or any parent up to mount point /)
Stopping at filesystem boundary (GIT_DISCOVERY_ACROSS_FILESYSTEM not set).
2024-04-26 07:21:46.710 [info] > git rev-parse --show-toplevel [1ms]
2024-04-26 07:21:46.710 [info] fatal: not a git repository (or any parent up to mount point /)
Stopping at filesystem boundary (GIT_DISCOVERY_ACROSS_FILESYSTEM not set).
2024-04-26 07:21:46.719 [info] > git rev-parse --show-toplevel [3ms]
2024-04-26 07:21:46.719 [info] fatal: not a git repository (or any parent up to mount point /)
Stopping at filesystem boundary (GIT_DISCOVERY_ACROSS_FILESYSTEM not set).
2024-04-26 07:21:46.727 [info] > git rev-parse --show-toplevel [4ms]
2024-04-26 07:21:46.727 [info] fatal: not a git repository (or any parent up to mount point /)
Stopping at filesystem boundary (GIT_DISCOVERY_ACROSS_FILESYSTEM not set).
2024-04-26 07:21:46.734 [info] > git rev-parse --show-toplevel [2ms]
2024-04-26 07:21:46.734 [info] fatal: not a git repository (or any parent up to mount point /)
Stopping at filesystem boundary (GIT_DISCOVERY_ACROSS_FILESYSTEM not set).
2024-04-26 07:21:46.745 [info] > git rev-parse --show-toplevel [2ms]
2024-04-26 07:21:46.745 [info] fatal: not a git repository (or any parent up to mount point /)
Stopping at filesystem boundary (GIT_DISCOVERY_ACROSS_FILESYSTEM not set).
2024-04-26 07:21:46.751 [info] > git rev-parse --show-toplevel [1ms]
2024-04-26 07:21:46.751 [info] fatal: not a git repository (or any parent up to mount point /)
Stopping at filesystem boundary (GIT_DISCOVERY_ACROSS_FILESYSTEM not set).
2024-04-26 07:21:46.758 [info] > git rev-parse --show-toplevel [1ms]
2024-04-26 07:21:46.758 [info] fatal: not a git repository (or any parent up to mount point /)
Stopping at filesystem boundary (GIT_DISCOVERY_ACROSS_FILESYSTEM not set).
2024-04-26 07:21:46.766 [info] > git rev-parse --show-toplevel [1ms]
2024-04-26 07:21:46.766 [info] fatal: not a git repository (or any parent up to mount point /)
Stopping at filesystem boundary (GIT_DISCOVERY_ACROSS_FILESYSTEM not set).
2024-04-26 07:21:46.772 [info] > git rev-parse --show-toplevel [1ms]
2024-04-26 07:21:46.772 [info] fatal: not a git repository (or any parent up to mount point /)
Stopping at filesystem boundary (GIT_DISCOVERY_ACROSS_FILESYSTEM not set).
2024-04-26 07:21:46.778 [info] > git rev-parse --show-toplevel [2ms]
2024-04-26 07:21:46.778 [info] fatal: not a git repository (or any parent up to mount point /)
Stopping at filesystem boundary (GIT_DISCOVERY_ACROSS_FILESYSTEM not set).
2024-04-26 07:21:46.785 [info] > git rev-parse --show-toplevel [2ms]
2024-04-26 07:21:46.785 [info] fatal: not a git repository (or any parent up to mount point /)
Stopping at filesystem boundary (GIT_DISCOVERY_ACROSS_FILESYSTEM not set).
2024-04-26 07:21:46.790 [info] > git rev-parse --show-toplevel [2ms]
2024-04-26 07:21:46.790 [info] fatal: not a git repository (or any parent up to mount point /)
Stopping at filesystem boundary (GIT_DISCOVERY_ACROSS_FILESYSTEM not set).
2024-04-26 07:21:46.796 [info] > git rev-parse --show-toplevel [2ms]
2024-04-26 07:21:46.799 [info] fatal: not a git repository (or any parent up to mount point /)
Stopping at filesystem boundary (GIT_DISCOVERY_ACROSS_FILESYSTEM not set).
2024-04-26 07:21:46.805 [info] > git rev-parse --show-toplevel [1ms]
2024-04-26 07:21:46.805 [info] fatal: not a git repository (or any parent up to mount point /)
Stopping at filesystem boundary (GIT_DISCOVERY_ACROSS_FILESYSTEM not set).
2024-04-26 07:21:46.812 [info] > git rev-parse --show-toplevel [2ms]
2024-04-26 07:21:46.812 [info] fatal: not a git repository (or any parent up to mount point /)
Stopping at filesystem boundary (GIT_DISCOVERY_ACROSS_FILESYSTEM not set).
2024-04-26 07:21:46.817 [info] > git rev-parse --show-toplevel [1ms]
2024-04-26 07:21:46.817 [info] fatal: not a git repository (or any parent up to mount point /)
Stopping at filesystem boundary (GIT_DISCOVERY_ACROSS_FILESYSTEM not set).
2024-04-26 07:21:46.825 [info] > git rev-parse --show-toplevel [4ms]
2024-04-26 07:21:46.825 [info] fatal: not a git repository (or any parent up to mount point /)
Stopping at filesystem boundary (GIT_DISCOVERY_ACROSS_FILESYSTEM not set).
2024-04-26 07:21:46.832 [info] > git rev-parse --show-toplevel [2ms]
2024-04-26 07:21:46.832 [info] fatal: not a git repository (or any parent up to mount point /)
Stopping at filesystem boundary (GIT_DISCOVERY_ACROSS_FILESYSTEM not set).
2024-04-26 07:21:46.838 [info] > git rev-parse --show-toplevel [2ms]
2024-04-26 07:21:46.838 [info] fatal: not a git repository (or any parent up to mount point /)
Stopping at filesystem boundary (GIT_DISCOVERY_ACROSS_FILESYSTEM not set).
2024-04-26 07:21:46.848 [info] > git rev-parse --show-toplevel [4ms]
2024-04-26 07:21:46.848 [info] fatal: not a git repository (or any parent up to mount point /)
Stopping at filesystem boundary (GIT_DISCOVERY_ACROSS_FILESYSTEM not set).
2024-04-26 07:22:19.249 [info] > git rev-parse --show-toplevel [2ms]
2024-04-26 07:22:19.249 [info] fatal: not a git repository (or any parent up to mount point /)
Stopping at filesystem boundary (GIT_DISCOVERY_ACROSS_FILESYSTEM not set).
2024-04-26 07:26:57.785 [info] > git rev-parse --show-toplevel [14ms]
2024-04-26 07:26:57.785 [info] fatal: not a git repository (or any parent up to mount point /)
Stopping at filesystem boundary (GIT_DISCOVERY_ACROSS_FILESYSTEM not set).
2024-04-26 07:28:55.407 [info] > git rev-parse --show-toplevel [5ms]
2024-04-26 07:28:55.407 [info] fatal: not a git repository (or any parent up to mount point /)
Stopping at filesystem boundary (GIT_DISCOVERY_ACROSS_FILESYSTEM not set).
2024-04-26 07:28:59.780 [info] > git rev-parse --show-toplevel [1ms]
2024-04-26 07:28:59.780 [info] fatal: not a git repository (or any parent up to mount point /)
Stopping at filesystem boundary (GIT_DISCOVERY_ACROSS_FILESYSTEM not set).
2024-04-26 07:29:05.647 [info] > git rev-parse --show-toplevel [1ms]
2024-04-26 07:29:05.647 [info] fatal: not a git repository (or any parent up to mount point /)
Stopping at filesystem boundary (GIT_DISCOVERY_ACROSS_FILESYSTEM not set).
