2024-10-01 12:22:01.976 [info] Extension host with pid 162903 started
2024-10-01 12:22:01.976 [info] Skipping acquiring lock for /home/igorjoxa/.config/Code - OSS/User/workspaceStorage/d402ada8fc14a1f75e121f324f5f18dd.
2024-10-01 12:22:02.051 [info] ExtensionService#_doActivateExtension vscode.git-base, startup: true, activationEvent: '*'
2024-10-01 12:22:02.060 [info] ExtensionService#_doActivateExtension vscode.github, startup: true, activationEvent: '*'
2024-10-01 12:22:02.113 [info] Eager extensions activated
2024-10-01 12:22:02.129 [info] ExtensionService#_doActivateExtension vscode.debug-auto-launch, startup: false, activationEvent: 'onStartupFinished'
2024-10-01 12:22:02.133 [info] ExtensionService#_doActivateExtension vscode.merge-conflict, startup: false, activationEvent: 'onStartupFinished'
2024-10-01 12:22:04.546 [info] ExtensionService#_doActivateExtension vscode.git, startup: false, activationEvent: 'api', root cause: vscode.github
2024-10-01 12:22:11.933 [info] ExtensionService#_doActivateExtension vscode.configuration-editing, startup: false, activationEvent: 'onLanguage:json'
2024-10-01 12:22:11.961 [info] ExtensionService#_doActivateExtension vscode.extension-editing, startup: false, activationEvent: 'onLanguage:json'
2024-10-01 12:22:11.989 [info] ExtensionService#_doActivateExtension vscode.json-language-features, startup: false, activationEvent: 'onLanguage:json'
2024-10-01 12:22:12.113 [info] ExtensionService#_doActivateExtension vscode.npm, startup: false, activationEvent: 'onLanguage:json'
2024-10-01 12:22:12.177 [info] ExtensionService#_doActivateExtension vscode.emmet, startup: false, activationEvent: 'onLanguage'
2024-10-01 12:22:12.216 [info] Extension host terminating: renderer closed the MessagePort
2024-10-01 12:22:12.226 [info] Extension host with pid 162903 exiting with code 0
2024-10-01 12:22:12.526 [info] Extension host with pid 164235 started
2024-10-01 12:22:12.526 [info] Skipping acquiring lock for /home/igorjoxa/.config/Code - OSS/User/workspaceStorage/d402ada8fc14a1f75e121f324f5f18dd.
2024-10-01 12:22:12.533 [info] ExtensionService#_doActivateExtension vscode.configuration-editing, startup: false, activationEvent: 'onLanguage:json'
2024-10-01 12:22:12.548 [info] ExtensionService#_doActivateExtension vscode.extension-editing, startup: false, activationEvent: 'onLanguage:json'
2024-10-01 12:22:12.562 [info] ExtensionService#_doActivateExtension vscode.json-language-features, startup: false, activationEvent: 'onLanguage:json'
2024-10-01 12:22:12.628 [info] ExtensionService#_doActivateExtension vscode.npm, startup: false, activationEvent: 'onLanguage:json'
2024-10-01 12:22:12.660 [info] ExtensionService#_doActivateExtension vscode.emmet, startup: false, activationEvent: 'onLanguage'
2024-10-01 12:22:12.990 [info] ExtensionService#_doActivateExtension vscode.git-base, startup: true, activationEvent: '*', root cause: vscode.git
2024-10-01 12:22:12.996 [info] ExtensionService#_doActivateExtension vscode.git, startup: true, activationEvent: '*'
2024-10-01 12:22:13.071 [info] ExtensionService#_doActivateExtension vscode.github, startup: true, activationEvent: '*'
2024-10-01 12:22:13.131 [info] Eager extensions activated
2024-10-01 12:22:13.138 [info] ExtensionService#_doActivateExtension vscode.debug-auto-launch, startup: false, activationEvent: 'onStartupFinished'
2024-10-01 12:22:13.140 [info] ExtensionService#_doActivateExtension vscode.merge-conflict, startup: false, activationEvent: 'onStartupFinished'
2024-10-01 12:25:01.621 [info] Extension host terminating: renderer closed the MessagePort
2024-10-01 12:25:01.638 [info] Extension host with pid 164235 exiting with code 0
